[0.023s] Invoking command in '/home/m/project/LIO-SAM/build/lio_sam': CMAKE_PREFIX_PATH=/opt/ros/humble /usr/bin/cmake --build /home/m/project/LIO-SAM/build/lio_sam -- -j8 -l8
[0.113s] -- Found ament_cmake: 1.3.14 (/opt/ros/humble/share/ament_cmake/cmake)
[0.318s] -- Found rosidl_default_generators: 1.2.1 (/opt/ros/humble/share/rosidl_default_generators/cmake)
[0.323s] -- Using all available rosidl_typesupport_c: rosidl_typesupport_fastrtps_c;rosidl_typesupport_introspection_c
[0.330s] -- Found rosidl_adapter: 3.1.8 (/opt/ros/humble/share/rosidl_adapter/cmake)
[0.401s] -- Using all available rosidl_typesupport_cpp: rosidl_typesupport_fastrtps_cpp;rosidl_typesupport_introspection_cpp
[0.473s] -- Found rclcpp: 16.0.19 (/opt/ros/humble/share/rclcpp/cmake)
[0.567s] -- Found rmw_implementation_cmake: 6.1.2 (/opt/ros/humble/share/rmw_implementation_cmake/cmake)
[0.572s] -- Found rmw_fastrtps_cpp: 6.2.10 (/opt/ros/humble/share/rmw_fastrtps_cpp/cmake)
[0.750s] -- Using RMW implementation 'rmw_fastrtps_cpp' as default
[0.869s] -- Found rclpy: 3.3.21 (/opt/ros/humble/share/rclpy/cmake)
[0.870s] -- Found cv_bridge: 3.2.1 (/opt/ros/humble/share/cv_bridge/cmake)
[0.944s] -- Found nav_msgs: 4.9.1 (/opt/ros/humble/share/nav_msgs/cmake)
[0.976s] -- Found visualization_msgs: 4.9.1 (/opt/ros/humble/share/visualization_msgs/cmake)
[1.028s] -- Found pcl_conversions: 2.4.5 (/opt/ros/humble/share/pcl_conversions/cmake)
[1.092s] -- Found Eigen: /usr/include/eigen3 (Required is at least version "3.1") 
[1.092s] -- Eigen found (include: /usr/include/eigen3, version: 3.4.0)
[1.154s] -- FLANN found (include: /usr/include, lib: /usr/lib/x86_64-linux-gnu/libflann_cpp.so)
[1.821s] -- OpenNI found (version: 1.5.4.0, include: /usr/include/ni, lib: /usr/lib/libOpenNI.so;libusb::libusb)
[1.838s] -- OpenNI2 found (version: 2.2.0.33, include: /usr/include/openni2, lib: /usr/lib/x86_64-linux-gnu/libOpenNI2.so;libusb::libusb)
[2.008s] -- Eigen found (include: /usr/include/eigen3, version: 3.4.0)
[2.015s] -- OpenNI found (version: 1.5.4.0, include: /usr/include/ni, lib: /usr/lib/libOpenNI.so;libusb::libusb)
[2.023s] -- OpenNI2 found (version: 2.2.0.33, include: /usr/include/openni2, lib: /usr/lib/x86_64-linux-gnu/libOpenNI2.so;libusb::libusb)
[2.209s] -- Found Qhull version 8.0.2
[2.421s] -- OpenNI found (version: 1.5.4.0, include: /usr/include/ni, lib: /usr/lib/libOpenNI.so;libusb::libusb)
[2.645s] -- Found tf2: 0.25.20 (/opt/ros/humble/share/tf2/cmake)
[2.655s] -- Found tf2_geometry_msgs: 0.25.20 (/opt/ros/humble/share/tf2_geometry_msgs/cmake)
[2.666s] -- Found eigen3_cmake_module: 0.1.1 (/opt/ros/humble/share/eigen3_cmake_module/cmake)
[2.669s] -- Ensuring Eigen3 include directory is part of orocos-kdl CMake target
[2.866s] -- Found tf2_sensor_msgs: 0.25.20 (/opt/ros/humble/share/tf2_sensor_msgs/cmake)
[2.875s] -- Found tf2_eigen: 0.25.20 (/opt/ros/humble/share/tf2_eigen/cmake)
[2.887s] [33mCMake Warning (dev) at CMakeLists.txt:29 (find_package):
[2.887s]   Policy CMP0074 is not set: find_package uses <PackageName>_ROOT variables.
[2.887s]   Run "cmake --help-policy CMP0074" for policy details.  Use the cmake_policy
[2.888s]   command to set the policy and suppress this warning.
[2.888s] 
[2.888s]   CMake variable PCL_ROOT is set to:
[2.888s] 
[2.888s]     /usr
[2.888s] 
[2.890s]   For compatibility, CMake is ignoring the variable.
[2.890s] This warning is for project developers.  Use -Wno-dev to suppress it.
[2.890s] [0m
[2.941s] -- GTSAM include directory:  /opt/ros/humble/lib/cmake/GTSAM/../../../include
[2.958s] -- Found Eigen: /usr/include/eigen3  
[2.958s] -- Eigen found (include: /usr/include/eigen3, version: 3.4.0)
[3.601s] -- Found ament_cmake_ros: 0.10.0 (/opt/ros/humble/share/ament_cmake_ros/cmake)
[4.103s] -- Using all available rosidl_typesupport_c: rosidl_typesupport_fastrtps_c;rosidl_typesupport_introspection_c
[4.721s] -- Using all available rosidl_typesupport_cpp: rosidl_typesupport_fastrtps_cpp;rosidl_typesupport_introspection_cpp
[4.761s] -- Found python_cmake_module: 0.10.0 (/opt/ros/humble/share/python_cmake_module/cmake)
[4.802s] -- Using PYTHON_EXECUTABLE: /usr/bin/python3
[4.802s] -- Using PYTHON_INCLUDE_DIRS: /usr/include/python3.10
[4.803s] -- Using PYTHON_LIBRARIES: /usr/lib/x86_64-linux-gnu/libpython3.10.so
[5.139s] -- Found ament_lint_auto: 0.12.15 (/opt/ros/humble/share/ament_lint_auto/cmake)
[5.189s] -- Added test 'copyright' to check source files copyright and LICENSE
[5.337s] -- Added test 'cppcheck' to perform static code analysis on C / C++ code
[5.344s] -- Configured cppcheck include dirs: /home/m/project/LIO-SAM/include/lio_sam;$<BUILD_INTERFACE:/home/m/project/LIO-SAM/build/lio_sam/rosidl_generator_c>;$<BUILD_INTERFACE:/home/m/project/LIO-SAM/build/lio_sam/rosidl_typesupport_fastrtps_c>;$<BUILD_INTERFACE:/home/m/project/LIO-SAM/build/lio_sam/rosidl_typesupport_introspection_c>;$<BUILD_INTERFACE:/home/m/project/LIO-SAM/build/lio_sam/rosidl_generator_cpp>;$<BUILD_INTERFACE:/home/m/project/LIO-SAM/build/lio_sam/rosidl_typesupport_fastrtps_cpp>;$<BUILD_INTERFACE:/home/m/project/LIO-SAM/build/lio_sam/rosidl_typesupport_introspection_cpp>;/home/m/project/LIO-SAM/build/lio_sam/rosidl_generator_c;/home/m/project/LIO-SAM/build/lio_sam/rosidl_generator_py
[5.344s] -- Configured cppcheck exclude dirs and/or files: 
[5.491s] -- Added test 'cpplint' to check C / C++ code against the Google style
[5.491s] -- Configured cpplint exclude dirs and/or files: 
[5.510s] -- Added test 'flake8' to check Python code syntax and style conventions
[5.547s] -- Added test 'lint_cmake' to check CMake code style
[5.568s] -- Added test 'pep257' to check Python code against some of the docstring style conventions in PEP 257
[5.710s] -- Added test 'uncrustify' to check C / C++ code style
[5.710s] -- Configured uncrustify additional arguments: 
[5.731s] -- Added test 'xmllint' to check XML markup files
[5.738s] -- Configuring done
[6.255s] -- Generating done
[6.334s] -- Build files have been written to: /home/m/project/LIO-SAM/build/lio_sam
[6.398s] [35m[1mConsolidate compiler generated dependencies of target lio_sam__rosidl_generator_c[0m
[6.404s] [  2%] [34m[1mGenerating Rust code for ROS interfaces[0m
[6.409s] [  4%] Built target lio_sam__cpp
[6.432s] [35m[1mConsolidate compiler generated dependencies of target lio_sam__rosidl_typesupport_cpp[0m
[6.432s] [35m[1mConsolidate compiler generated dependencies of target lio_sam__rosidl_typesupport_fastrtps_cpp[0m
[6.437s] [  6%] [32m[1mLinking C shared library liblio_sam__rosidl_generator_c.so[0m
[6.443s] [35m[1mConsolidate compiler generated dependencies of target lio_sam__rosidl_typesupport_introspection_cpp[0m
[6.447s] [  6%] Built target ament_cmake_python_copy_lio_sam
[6.464s] [  8%] [32m[1mLinking CXX shared library liblio_sam__rosidl_typesupport_cpp.so[0m
[6.465s] [ 10%] [32mBuilding CXX object CMakeFiles/lio_sam__rosidl_typesupport_fastrtps_cpp.dir/rosidl_typesupport_fastrtps_cpp/lio_sam/msg/detail/dds_fastrtps/cloud_info__type_support.cpp.o[0m
[6.476s] [ 12%] [32m[1mLinking CXX shared library liblio_sam__rosidl_typesupport_introspection_cpp.so[0m
[6.485s] [ 14%] [32mBuilding CXX object CMakeFiles/lio_sam__rosidl_typesupport_fastrtps_cpp.dir/rosidl_typesupport_fastrtps_cpp/lio_sam/srv/detail/dds_fastrtps/save_map__type_support.cpp.o[0m
[6.539s] [ 20%] Built target lio_sam__rosidl_generator_c
[6.555s] [35m[1mConsolidate compiler generated dependencies of target lio_sam__rosidl_typesupport_fastrtps_c[0m
[6.563s] [ 27%] Built target lio_sam__rosidl_typesupport_cpp
[6.567s] [35m[1mConsolidate compiler generated dependencies of target lio_sam__rosidl_typesupport_introspection_c[0m
[6.586s] [35m[1mConsolidate compiler generated dependencies of target lio_sam__rosidl_typesupport_c[0m
[6.597s] [ 29%] [32mBuilding CXX object CMakeFiles/lio_sam__rosidl_typesupport_fastrtps_c.dir/rosidl_typesupport_fastrtps_c/lio_sam/msg/detail/cloud_info__type_support_c.cpp.o[0m
[6.616s] [ 31%] [32m[1mLinking CXX shared library liblio_sam__rosidl_typesupport_c.so[0m
[6.631s] [ 33%] [32m[1mLinking C shared library liblio_sam__rosidl_typesupport_introspection_c.so[0m
[6.698s] [ 39%] Built target lio_sam__rosidl_typesupport_c
[6.742s] [35m[1mConsolidate compiler generated dependencies of target lio_sam_featureExtraction[0m
[6.756s] [ 45%] Built target lio_sam__rosidl_typesupport_introspection_cpp
[6.769s] [ 52%] Built target lio_sam__rosidl_typesupport_introspection_c
[6.787s] [35m[1mConsolidate compiler generated dependencies of target lio_sam_imuPreintegration[0m
[6.800s] [35m[1mConsolidate compiler generated dependencies of target lio_sam_imageProjection[0m
[6.930s] [ 54%] [32mBuilding CXX object CMakeFiles/lio_sam_featureExtraction.dir/src/featureExtraction.cpp.o[0m
[6.949s] [ 56%] [32mBuilding CXX object CMakeFiles/lio_sam_imageProjection.dir/src/imageProjection.cpp.o[0m
[6.958s] [ 58%] [32mBuilding CXX object CMakeFiles/lio_sam_imuPreintegration.dir/src/imuPreintegration.cpp.o[0m
[7.037s] running egg_info
[7.040s] writing lio_sam.egg-info/PKG-INFO
[7.040s] writing dependency_links to lio_sam.egg-info/dependency_links.txt
[7.040s] writing top-level names to lio_sam.egg-info/top_level.txt
[7.046s] reading manifest file 'lio_sam.egg-info/SOURCES.txt'
[7.048s] writing manifest file 'lio_sam.egg-info/SOURCES.txt'
[7.150s] [ 58%] Built target ament_cmake_python_build_lio_sam_egg
[7.212s] [35m[1mConsolidate compiler generated dependencies of target lio_sam_mapOptimization[0m
[7.490s] [ 60%] [32mBuilding CXX object CMakeFiles/lio_sam_mapOptimization.dir/src/mapOptmization.cpp.o[0m
[7.531s] [ 60%] Built target lio_sam__rs
[7.632s] [ 62%] [32mBuilding CXX object CMakeFiles/lio_sam__rosidl_typesupport_fastrtps_c.dir/rosidl_typesupport_fastrtps_c/lio_sam/srv/detail/save_map__type_support_c.cpp.o[0m
[8.926s] [ 64%] [32m[1mLinking CXX shared library liblio_sam__rosidl_typesupport_fastrtps_cpp.so[0m
[9.267s] [ 66%] Built target lio_sam__rosidl_typesupport_fastrtps_cpp
[9.288s] [ 68%] [32m[1mLinking CXX shared library liblio_sam__rosidl_typesupport_fastrtps_c.so[0m
[9.448s] [ 70%] Built target lio_sam__rosidl_typesupport_fastrtps_c
[9.483s] [ 70%] Built target lio_sam
[9.535s] [ 72%] Built target lio_sam__py
[9.556s] [35m[1mConsolidate compiler generated dependencies of target lio_sam__rosidl_generator_py[0m
[9.584s] [ 75%] [32m[1mLinking C shared library rosidl_generator_py/lio_sam/liblio_sam__rosidl_generator_py.so[0m
[9.730s] [ 79%] Built target lio_sam__rosidl_generator_py
[9.755s] [35m[1mConsolidate compiler generated dependencies of target lio_sam__rosidl_typesupport_fastrtps_c__pyext[0m
[9.770s] [35m[1mConsolidate compiler generated dependencies of target lio_sam__rosidl_typesupport_introspection_c__pyext[0m
[9.771s] [35m[1mConsolidate compiler generated dependencies of target lio_sam__rosidl_typesupport_c__pyext[0m
[9.780s] [ 81%] [32mBuilding C object CMakeFiles/lio_sam__rosidl_typesupport_fastrtps_c__pyext.dir/rosidl_generator_py/lio_sam/_lio_sam_s.ep.rosidl_typesupport_fastrtps_c.c.o[0m
[9.807s] [ 83%] [32mBuilding C object CMakeFiles/lio_sam__rosidl_typesupport_c__pyext.dir/rosidl_generator_py/lio_sam/_lio_sam_s.ep.rosidl_typesupport_c.c.o[0m
[9.814s] [ 85%] [32mBuilding C object CMakeFiles/lio_sam__rosidl_typesupport_introspection_c__pyext.dir/rosidl_generator_py/lio_sam/_lio_sam_s.ep.rosidl_typesupport_introspection_c.c.o[0m
[10.206s] [ 87%] [32m[1mLinking C shared library rosidl_generator_py/lio_sam/lio_sam_s__rosidl_typesupport_fastrtps_c.cpython-310-x86_64-linux-gnu.so[0m
[10.212s] [ 89%] [32m[1mLinking C shared library rosidl_generator_py/lio_sam/lio_sam_s__rosidl_typesupport_c.cpython-310-x86_64-linux-gnu.so[0m
[10.253s] [ 91%] [32m[1mLinking C shared library rosidl_generator_py/lio_sam/lio_sam_s__rosidl_typesupport_introspection_c.cpython-310-x86_64-linux-gnu.so[0m
[10.281s] [ 91%] Built target lio_sam__rosidl_typesupport_fastrtps_c__pyext
[10.301s] [ 91%] Built target lio_sam__rosidl_typesupport_c__pyext
[10.351s] [ 91%] Built target lio_sam__rosidl_typesupport_introspection_c__pyext
[98.006s] [ 93%] [32m[1mLinking CXX executable lio_sam_featureExtraction[0m
[100.386s] [ 93%] Built target lio_sam_featureExtraction
[109.482s] [ 95%] [32m[1mLinking CXX executable lio_sam_imageProjection[0m
[110.334s] [ 95%] Built target lio_sam_imageProjection
[122.368s] [ 97%] [32m[1mLinking CXX executable lio_sam_imuPreintegration[0m
[123.201s] [ 97%] Built target lio_sam_imuPreintegration
[153.219s] [100%] [32m[1mLinking CXX executable lio_sam_mapOptimization[0m
[153.922s] /usr/bin/ld: warning: libtbb.so.2, needed by /usr/lib/x86_64-linux-gnu/libopencv_core.so.4.5.4d, may conflict with libtbb.so.12
[154.275s] [100%] Built target lio_sam_mapOptimization
[154.355s] Invoked command in '/home/m/project/LIO-SAM/build/lio_sam' returned '0': CMAKE_PREFIX_PATH=/opt/ros/humble /usr/bin/cmake --build /home/m/project/LIO-SAM/build/lio_sam -- -j8 -l8
[154.397s] Invoking command in '/home/m/project/LIO-SAM/build/lio_sam': CMAKE_PREFIX_PATH=/opt/ros/humble /usr/bin/cmake --install /home/m/project/LIO-SAM/build/lio_sam
[154.407s] -- Install configuration: "Release"
[154.408s] -- Up-to-date: /home/m/project/LIO-SAM/install/lio_sam/share/ament_index/resource_index/rosidl_interfaces/lio_sam
[154.409s] -- Up-to-date: /home/m/project/LIO-SAM/install/lio_sam/include/lio_sam/lio_sam
[154.409s] -- Up-to-date: /home/m/project/LIO-SAM/install/lio_sam/include/lio_sam/lio_sam/msg
[154.409s] -- Up-to-date: /home/m/project/LIO-SAM/install/lio_sam/include/lio_sam/lio_sam/msg/detail
[154.410s] -- Up-to-date: /home/m/project/LIO-SAM/install/lio_sam/include/lio_sam/lio_sam/msg/detail/cloud_info__functions.c
[154.410s] -- Up-to-date: /home/m/project/LIO-SAM/install/lio_sam/include/lio_sam/lio_sam/msg/detail/cloud_info__functions.h
[154.411s] -- Up-to-date: /home/m/project/LIO-SAM/install/lio_sam/include/lio_sam/lio_sam/msg/detail/cloud_info__type_support.h
[154.411s] -- Up-to-date: /home/m/project/LIO-SAM/install/lio_sam/include/lio_sam/lio_sam/msg/detail/cloud_info__struct.h
[154.411s] -- Up-to-date: /home/m/project/LIO-SAM/install/lio_sam/include/lio_sam/lio_sam/msg/cloud_info.h
[154.411s] -- Up-to-date: /home/m/project/LIO-SAM/install/lio_sam/include/lio_sam/lio_sam/msg/rosidl_generator_c__visibility_control.h
[154.411s] -- Up-to-date: /home/m/project/LIO-SAM/install/lio_sam/include/lio_sam/lio_sam/srv
[154.411s] -- Up-to-date: /home/m/project/LIO-SAM/install/lio_sam/include/lio_sam/lio_sam/srv/save_map.h
[154.411s] -- Up-to-date: /home/m/project/LIO-SAM/install/lio_sam/include/lio_sam/lio_sam/srv/detail
[154.411s] -- Up-to-date: /home/m/project/LIO-SAM/install/lio_sam/include/lio_sam/lio_sam/srv/detail/save_map__type_support.h
[154.411s] -- Up-to-date: /home/m/project/LIO-SAM/install/lio_sam/include/lio_sam/lio_sam/srv/detail/save_map__functions.h
[154.411s] -- Up-to-date: /home/m/project/LIO-SAM/install/lio_sam/include/lio_sam/lio_sam/srv/detail/save_map__functions.c
[154.411s] -- Up-to-date: /home/m/project/LIO-SAM/install/lio_sam/include/lio_sam/lio_sam/srv/detail/save_map__struct.h
[154.411s] -- Installing: /home/m/project/LIO-SAM/install/lio_sam/share/lio_sam/environment/library_path.sh
[154.412s] -- Installing: /home/m/project/LIO-SAM/install/lio_sam/share/lio_sam/environment/library_path.dsv
[154.414s] -- Installing: /home/m/project/LIO-SAM/install/lio_sam/lib/liblio_sam__rosidl_generator_c.so
[154.415s] -- Set runtime path of "/home/m/project/LIO-SAM/install/lio_sam/lib/liblio_sam__rosidl_generator_c.so" to ""
[154.415s] -- Up-to-date: /home/m/project/LIO-SAM/install/lio_sam/include/lio_sam/lio_sam
[154.416s] -- Up-to-date: /home/m/project/LIO-SAM/install/lio_sam/include/lio_sam/lio_sam/msg
[154.416s] -- Up-to-date: /home/m/project/LIO-SAM/install/lio_sam/include/lio_sam/lio_sam/msg/detail
[154.416s] -- Up-to-date: /home/m/project/LIO-SAM/install/lio_sam/include/lio_sam/lio_sam/msg/detail/cloud_info__rosidl_typesupport_fastrtps_c.h
[154.416s] -- Up-to-date: /home/m/project/LIO-SAM/install/lio_sam/include/lio_sam/lio_sam/msg/rosidl_typesupport_fastrtps_c__visibility_control.h
[154.416s] -- Up-to-date: /home/m/project/LIO-SAM/install/lio_sam/include/lio_sam/lio_sam/srv
[154.417s] -- Up-to-date: /home/m/project/LIO-SAM/install/lio_sam/include/lio_sam/lio_sam/srv/detail
[154.417s] -- Up-to-date: /home/m/project/LIO-SAM/install/lio_sam/include/lio_sam/lio_sam/srv/detail/save_map__rosidl_typesupport_fastrtps_c.h
[154.418s] -- Installing: /home/m/project/LIO-SAM/install/lio_sam/lib/liblio_sam__rosidl_typesupport_fastrtps_c.so
[154.420s] -- Set runtime path of "/home/m/project/LIO-SAM/install/lio_sam/lib/liblio_sam__rosidl_typesupport_fastrtps_c.so" to ""
[154.420s] -- Up-to-date: /home/m/project/LIO-SAM/install/lio_sam/include/lio_sam/lio_sam
[154.420s] -- Up-to-date: /home/m/project/LIO-SAM/install/lio_sam/include/lio_sam/lio_sam/msg
[154.420s] -- Up-to-date: /home/m/project/LIO-SAM/install/lio_sam/include/lio_sam/lio_sam/msg/detail
[154.420s] -- Up-to-date: /home/m/project/LIO-SAM/install/lio_sam/include/lio_sam/lio_sam/msg/detail/cloud_info__type_support.c
[154.421s] -- Up-to-date: /home/m/project/LIO-SAM/install/lio_sam/include/lio_sam/lio_sam/msg/detail/cloud_info__rosidl_typesupport_introspection_c.h
[154.421s] -- Up-to-date: /home/m/project/LIO-SAM/install/lio_sam/include/lio_sam/lio_sam/msg/rosidl_typesupport_introspection_c__visibility_control.h
[154.421s] -- Up-to-date: /home/m/project/LIO-SAM/install/lio_sam/include/lio_sam/lio_sam/srv
[154.421s] -- Up-to-date: /home/m/project/LIO-SAM/install/lio_sam/include/lio_sam/lio_sam/srv/detail
[154.421s] -- Up-to-date: /home/m/project/LIO-SAM/install/lio_sam/include/lio_sam/lio_sam/srv/detail/save_map__rosidl_typesupport_introspection_c.h
[154.421s] -- Up-to-date: /home/m/project/LIO-SAM/install/lio_sam/include/lio_sam/lio_sam/srv/detail/save_map__type_support.c
[154.422s] -- Installing: /home/m/project/LIO-SAM/install/lio_sam/lib/liblio_sam__rosidl_typesupport_introspection_c.so
[154.423s] -- Set runtime path of "/home/m/project/LIO-SAM/install/lio_sam/lib/liblio_sam__rosidl_typesupport_introspection_c.so" to ""
[154.424s] -- Installing: /home/m/project/LIO-SAM/install/lio_sam/lib/liblio_sam__rosidl_typesupport_c.so
[154.424s] -- Set runtime path of "/home/m/project/LIO-SAM/install/lio_sam/lib/liblio_sam__rosidl_typesupport_c.so" to ""
[154.425s] -- Up-to-date: /home/m/project/LIO-SAM/install/lio_sam/include/lio_sam/lio_sam
[154.425s] -- Up-to-date: /home/m/project/LIO-SAM/install/lio_sam/include/lio_sam/lio_sam/msg
[154.425s] -- Up-to-date: /home/m/project/LIO-SAM/install/lio_sam/include/lio_sam/lio_sam/msg/detail
[154.425s] -- Up-to-date: /home/m/project/LIO-SAM/install/lio_sam/include/lio_sam/lio_sam/msg/detail/cloud_info__struct.hpp
[154.425s] -- Up-to-date: /home/m/project/LIO-SAM/install/lio_sam/include/lio_sam/lio_sam/msg/detail/cloud_info__traits.hpp
[154.426s] -- Up-to-date: /home/m/project/LIO-SAM/install/lio_sam/include/lio_sam/lio_sam/msg/detail/cloud_info__builder.hpp
[154.426s] -- Up-to-date: /home/m/project/LIO-SAM/install/lio_sam/include/lio_sam/lio_sam/msg/detail/cloud_info__type_support.hpp
[154.426s] -- Up-to-date: /home/m/project/LIO-SAM/install/lio_sam/include/lio_sam/lio_sam/msg/rosidl_generator_cpp__visibility_control.hpp
[154.426s] -- Up-to-date: /home/m/project/LIO-SAM/install/lio_sam/include/lio_sam/lio_sam/msg/cloud_info.hpp
[154.426s] -- Up-to-date: /home/m/project/LIO-SAM/install/lio_sam/include/lio_sam/lio_sam/srv
[154.427s] -- Up-to-date: /home/m/project/LIO-SAM/install/lio_sam/include/lio_sam/lio_sam/srv/detail
[154.427s] -- Up-to-date: /home/m/project/LIO-SAM/install/lio_sam/include/lio_sam/lio_sam/srv/detail/save_map__type_support.hpp
[154.427s] -- Up-to-date: /home/m/project/LIO-SAM/install/lio_sam/include/lio_sam/lio_sam/srv/detail/save_map__builder.hpp
[154.427s] -- Up-to-date: /home/m/project/LIO-SAM/install/lio_sam/include/lio_sam/lio_sam/srv/detail/save_map__struct.hpp
[154.427s] -- Up-to-date: /home/m/project/LIO-SAM/install/lio_sam/include/lio_sam/lio_sam/srv/detail/save_map__traits.hpp
[154.427s] -- Up-to-date: /home/m/project/LIO-SAM/install/lio_sam/include/lio_sam/lio_sam/srv/save_map.hpp
[154.427s] -- Up-to-date: /home/m/project/LIO-SAM/install/lio_sam/include/lio_sam/lio_sam
[154.427s] -- Up-to-date: /home/m/project/LIO-SAM/install/lio_sam/include/lio_sam/lio_sam/msg
[154.428s] -- Up-to-date: /home/m/project/LIO-SAM/install/lio_sam/include/lio_sam/lio_sam/msg/detail
[154.428s] -- Up-to-date: /home/m/project/LIO-SAM/install/lio_sam/include/lio_sam/lio_sam/msg/detail/dds_fastrtps
[154.428s] -- Up-to-date: /home/m/project/LIO-SAM/install/lio_sam/include/lio_sam/lio_sam/msg/detail/cloud_info__rosidl_typesupport_fastrtps_cpp.hpp
[154.428s] -- Up-to-date: /home/m/project/LIO-SAM/install/lio_sam/include/lio_sam/lio_sam/msg/rosidl_typesupport_fastrtps_cpp__visibility_control.h
[154.428s] -- Up-to-date: /home/m/project/LIO-SAM/install/lio_sam/include/lio_sam/lio_sam/srv
[154.429s] -- Up-to-date: /home/m/project/LIO-SAM/install/lio_sam/include/lio_sam/lio_sam/srv/detail
[154.429s] -- Up-to-date: /home/m/project/LIO-SAM/install/lio_sam/include/lio_sam/lio_sam/srv/detail/dds_fastrtps
[154.429s] -- Up-to-date: /home/m/project/LIO-SAM/install/lio_sam/include/lio_sam/lio_sam/srv/detail/save_map__rosidl_typesupport_fastrtps_cpp.hpp
[154.432s] -- Installing: /home/m/project/LIO-SAM/install/lio_sam/lib/liblio_sam__rosidl_typesupport_fastrtps_cpp.so
[154.434s] -- Set runtime path of "/home/m/project/LIO-SAM/install/lio_sam/lib/liblio_sam__rosidl_typesupport_fastrtps_cpp.so" to ""
[154.434s] -- Up-to-date: /home/m/project/LIO-SAM/install/lio_sam/include/lio_sam/lio_sam
[154.434s] -- Up-to-date: /home/m/project/LIO-SAM/install/lio_sam/include/lio_sam/lio_sam/msg
[154.434s] -- Up-to-date: /home/m/project/LIO-SAM/install/lio_sam/include/lio_sam/lio_sam/msg/detail
[154.435s] -- Up-to-date: /home/m/project/LIO-SAM/install/lio_sam/include/lio_sam/lio_sam/msg/detail/cloud_info__type_support.cpp
[154.435s] -- Up-to-date: /home/m/project/LIO-SAM/install/lio_sam/include/lio_sam/lio_sam/msg/detail/cloud_info__rosidl_typesupport_introspection_cpp.hpp
[154.435s] -- Up-to-date: /home/m/project/LIO-SAM/install/lio_sam/include/lio_sam/lio_sam/srv
[154.435s] -- Up-to-date: /home/m/project/LIO-SAM/install/lio_sam/include/lio_sam/lio_sam/srv/detail
[154.435s] -- Up-to-date: /home/m/project/LIO-SAM/install/lio_sam/include/lio_sam/lio_sam/srv/detail/save_map__rosidl_typesupport_introspection_cpp.hpp
[154.435s] -- Up-to-date: /home/m/project/LIO-SAM/install/lio_sam/include/lio_sam/lio_sam/srv/detail/save_map__type_support.cpp
[154.440s] -- Installing: /home/m/project/LIO-SAM/install/lio_sam/lib/liblio_sam__rosidl_typesupport_introspection_cpp.so
[154.442s] -- Set runtime path of "/home/m/project/LIO-SAM/install/lio_sam/lib/liblio_sam__rosidl_typesupport_introspection_cpp.so" to ""
[154.445s] -- Installing: /home/m/project/LIO-SAM/install/lio_sam/lib/liblio_sam__rosidl_typesupport_cpp.so
[154.445s] -- Set runtime path of "/home/m/project/LIO-SAM/install/lio_sam/lib/liblio_sam__rosidl_typesupport_cpp.so" to ""
[154.446s] -- Up-to-date: /home/m/project/LIO-SAM/install/lio_sam/share/lio_sam/environment/pythonpath.sh
[154.446s] -- Installing: /home/m/project/LIO-SAM/install/lio_sam/share/lio_sam/environment/pythonpath.dsv
[154.446s] -- Up-to-date: /home/m/project/LIO-SAM/install/lio_sam/local/lib/python3.10/dist-packages/lio_sam-1.0.0-py3.10.egg-info
[154.446s] -- Installing: /home/m/project/LIO-SAM/install/lio_sam/local/lib/python3.10/dist-packages/lio_sam-1.0.0-py3.10.egg-info/PKG-INFO
[154.451s] -- Installing: /home/m/project/LIO-SAM/install/lio_sam/local/lib/python3.10/dist-packages/lio_sam-1.0.0-py3.10.egg-info/SOURCES.txt
[154.451s] -- Installing: /home/m/project/LIO-SAM/install/lio_sam/local/lib/python3.10/dist-packages/lio_sam-1.0.0-py3.10.egg-info/top_level.txt
[154.451s] -- Installing: /home/m/project/LIO-SAM/install/lio_sam/local/lib/python3.10/dist-packages/lio_sam-1.0.0-py3.10.egg-info/dependency_links.txt
[154.451s] -- Up-to-date: /home/m/project/LIO-SAM/install/lio_sam/local/lib/python3.10/dist-packages/lio_sam
[154.452s] -- Installing: /home/m/project/LIO-SAM/install/lio_sam/local/lib/python3.10/dist-packages/lio_sam/liblio_sam__rosidl_generator_py.so
[154.452s] -- Installing: /home/m/project/LIO-SAM/install/lio_sam/local/lib/python3.10/dist-packages/lio_sam/lio_sam_s__rosidl_typesupport_c.cpython-310-x86_64-linux-gnu.so
[154.453s] -- Installing: /home/m/project/LIO-SAM/install/lio_sam/local/lib/python3.10/dist-packages/lio_sam/lio_sam_s__rosidl_typesupport_introspection_c.cpython-310-x86_64-linux-gnu.so
[154.454s] -- Up-to-date: /home/m/project/LIO-SAM/install/lio_sam/local/lib/python3.10/dist-packages/lio_sam/_lio_sam_s.ep.rosidl_typesupport_fastrtps_c.c
[154.454s] -- Up-to-date: /home/m/project/LIO-SAM/install/lio_sam/local/lib/python3.10/dist-packages/lio_sam/_lio_sam_s.ep.rosidl_typesupport_introspection_c.c
[154.454s] -- Installing: /home/m/project/LIO-SAM/install/lio_sam/local/lib/python3.10/dist-packages/lio_sam/__init__.py
[154.455s] -- Up-to-date: /home/m/project/LIO-SAM/install/lio_sam/local/lib/python3.10/dist-packages/lio_sam/_lio_sam_s.ep.rosidl_typesupport_c.c
[154.455s] -- Installing: /home/m/project/LIO-SAM/install/lio_sam/local/lib/python3.10/dist-packages/lio_sam/lio_sam_s__rosidl_typesupport_fastrtps_c.cpython-310-x86_64-linux-gnu.so
[154.455s] -- Up-to-date: /home/m/project/LIO-SAM/install/lio_sam/local/lib/python3.10/dist-packages/lio_sam/msg
[154.456s] -- Up-to-date: /home/m/project/LIO-SAM/install/lio_sam/local/lib/python3.10/dist-packages/lio_sam/msg/_cloud_info.py
[154.456s] -- Up-to-date: /home/m/project/LIO-SAM/install/lio_sam/local/lib/python3.10/dist-packages/lio_sam/msg/_cloud_info_s.c
[154.457s] -- Up-to-date: /home/m/project/LIO-SAM/install/lio_sam/local/lib/python3.10/dist-packages/lio_sam/msg/__init__.py
[154.457s] -- Up-to-date: /home/m/project/LIO-SAM/install/lio_sam/local/lib/python3.10/dist-packages/lio_sam/srv
[154.457s] -- Up-to-date: /home/m/project/LIO-SAM/install/lio_sam/local/lib/python3.10/dist-packages/lio_sam/srv/_save_map_s.c
[154.457s] -- Up-to-date: /home/m/project/LIO-SAM/install/lio_sam/local/lib/python3.10/dist-packages/lio_sam/srv/__init__.py
[154.457s] -- Up-to-date: /home/m/project/LIO-SAM/install/lio_sam/local/lib/python3.10/dist-packages/lio_sam/srv/_save_map.py
[154.538s] Listing '/home/m/project/LIO-SAM/install/lio_sam/local/lib/python3.10/dist-packages/lio_sam'...
[154.538s] Compiling '/home/m/project/LIO-SAM/install/lio_sam/local/lib/python3.10/dist-packages/lio_sam/__init__.py'...
[154.538s] Listing '/home/m/project/LIO-SAM/install/lio_sam/local/lib/python3.10/dist-packages/lio_sam/msg'...
[154.538s] Listing '/home/m/project/LIO-SAM/install/lio_sam/local/lib/python3.10/dist-packages/lio_sam/srv'...
[154.547s] -- Installing: /home/m/project/LIO-SAM/install/lio_sam/local/lib/python3.10/dist-packages/lio_sam/lio_sam_s__rosidl_typesupport_fastrtps_c.cpython-310-x86_64-linux-gnu.so
[154.547s] -- Set runtime path of "/home/m/project/LIO-SAM/install/lio_sam/local/lib/python3.10/dist-packages/lio_sam/lio_sam_s__rosidl_typesupport_fastrtps_c.cpython-310-x86_64-linux-gnu.so" to ""
[154.547s] -- Installing: /home/m/project/LIO-SAM/install/lio_sam/local/lib/python3.10/dist-packages/lio_sam/lio_sam_s__rosidl_typesupport_introspection_c.cpython-310-x86_64-linux-gnu.so
[154.547s] -- Set runtime path of "/home/m/project/LIO-SAM/install/lio_sam/local/lib/python3.10/dist-packages/lio_sam/lio_sam_s__rosidl_typesupport_introspection_c.cpython-310-x86_64-linux-gnu.so" to ""
[154.547s] -- Installing: /home/m/project/LIO-SAM/install/lio_sam/local/lib/python3.10/dist-packages/lio_sam/lio_sam_s__rosidl_typesupport_c.cpython-310-x86_64-linux-gnu.so
[154.547s] -- Set runtime path of "/home/m/project/LIO-SAM/install/lio_sam/local/lib/python3.10/dist-packages/lio_sam/lio_sam_s__rosidl_typesupport_c.cpython-310-x86_64-linux-gnu.so" to ""
[154.548s] -- Installing: /home/m/project/LIO-SAM/install/lio_sam/lib/liblio_sam__rosidl_generator_py.so
[154.549s] -- Set runtime path of "/home/m/project/LIO-SAM/install/lio_sam/lib/liblio_sam__rosidl_generator_py.so" to ""
[154.549s] -- Installing: /home/m/project/LIO-SAM/install/lio_sam/share/ament_index/resource_index/rust_packages/lio_sam
[154.549s] -- Installing: /home/m/project/LIO-SAM/install/lio_sam/share/lio_sam/rust
[154.550s] -- Installing: /home/m/project/LIO-SAM/install/lio_sam/share/lio_sam/rust/Cargo.toml
[154.550s] -- Installing: /home/m/project/LIO-SAM/install/lio_sam/share/lio_sam/rust/build.rs
[154.551s] -- Installing: /home/m/project/LIO-SAM/install/lio_sam/share/lio_sam/rust/src
[154.551s] -- Installing: /home/m/project/LIO-SAM/install/lio_sam/share/lio_sam/rust/src/srv.rs
[154.552s] -- Installing: /home/m/project/LIO-SAM/install/lio_sam/share/lio_sam/rust/src/lib.rs
[154.552s] -- Installing: /home/m/project/LIO-SAM/install/lio_sam/share/lio_sam/rust/src/msg.rs
[154.553s] -- Installing: /home/m/project/LIO-SAM/install/lio_sam/share/lio_sam/rust/src/msg
[154.553s] -- Installing: /home/m/project/LIO-SAM/install/lio_sam/share/lio_sam/rust/src/msg/rmw.rs
[154.553s] -- Installing: /home/m/project/LIO-SAM/install/lio_sam/share/lio_sam/rust/src/srv
[154.554s] -- Installing: /home/m/project/LIO-SAM/install/lio_sam/share/lio_sam/rust/src/srv/rmw.rs
[154.554s] -- Up-to-date: /home/m/project/LIO-SAM/install/lio_sam/share/lio_sam/msg/CloudInfo.idl
[154.555s] -- Up-to-date: /home/m/project/LIO-SAM/install/lio_sam/share/lio_sam/srv/SaveMap.idl
[154.555s] -- Up-to-date: /home/m/project/LIO-SAM/install/lio_sam/share/lio_sam/msg/CloudInfo.msg
[154.555s] -- Up-to-date: /home/m/project/LIO-SAM/install/lio_sam/share/lio_sam/srv/SaveMap.srv
[154.555s] -- Up-to-date: /home/m/project/LIO-SAM/install/lio_sam/share/lio_sam/srv/SaveMap_Request.msg
[154.555s] -- Up-to-date: /home/m/project/LIO-SAM/install/lio_sam/share/lio_sam/srv/SaveMap_Response.msg
[154.555s] -- Up-to-date: /home/m/project/LIO-SAM/install/lio_sam/share/lio_sam//launch
[154.555s] -- Installing: /home/m/project/LIO-SAM/install/lio_sam/share/lio_sam//launch/run.launch.py
[154.556s] -- Up-to-date: /home/m/project/LIO-SAM/install/lio_sam/share/lio_sam//config
[154.556s] -- Up-to-date: /home/m/project/LIO-SAM/install/lio_sam/share/lio_sam//config/rviz2.rviz
[154.556s] -- Up-to-date: /home/m/project/LIO-SAM/install/lio_sam/share/lio_sam//config/robot.urdf.xacro
[154.556s] -- Installing: /home/m/project/LIO-SAM/install/lio_sam/share/lio_sam//config/params.yaml
[154.558s] -- Installing: /home/m/project/LIO-SAM/install/lio_sam/share/lio_sam//config/corridor01_params.yaml
[154.562s] -- Installing: /home/m/project/LIO-SAM/install/lio_sam/share/lio_sam//config/cmu_liosam.yaml
[154.562s] -- Installing: /home/m/project/LIO-SAM/install/lio_sam/share/lio_sam//config/1.yaml
[154.563s] -- Installing: /home/m/project/LIO-SAM/install/lio_sam/share/lio_sam//config/default_vbr.yaml
[154.565s] -- Installing: /home/m/project/LIO-SAM/install/lio_sam/share/lio_sam//config/test.cpp
[154.565s] -- Installing: /home/m/project/LIO-SAM/install/lio_sam/share/lio_sam//config/cmu.yaml
[154.567s] -- Installing: /home/m/project/LIO-SAM/install/lio_sam/share/lio_sam//config/corridor01_params_shifted.yaml
[154.569s] -- Up-to-date: /home/m/project/LIO-SAM/install/lio_sam/share/lio_sam//config/doc
[154.569s] -- Up-to-date: /home/m/project/LIO-SAM/install/lio_sam/share/lio_sam//config/doc/system.png
[154.570s] -- Up-to-date: /home/m/project/LIO-SAM/install/lio_sam/share/lio_sam//config/doc/device-hand-2.png
[154.570s] -- Up-to-date: /home/m/project/LIO-SAM/install/lio_sam/share/lio_sam//config/doc/kitti2bag
[154.570s] -- Up-to-date: /home/m/project/LIO-SAM/install/lio_sam/share/lio_sam//config/doc/kitti2bag/kitti2bag.py
[154.570s] -- Up-to-date: /home/m/project/LIO-SAM/install/lio_sam/share/lio_sam//config/doc/kitti2bag/README.md
[154.571s] -- Up-to-date: /home/m/project/LIO-SAM/install/lio_sam/share/lio_sam//config/doc/loop-closure-2.gif
[154.571s] -- Up-to-date: /home/m/project/LIO-SAM/install/lio_sam/share/lio_sam//config/doc/loop-closure.gif
[154.571s] -- Up-to-date: /home/m/project/LIO-SAM/install/lio_sam/share/lio_sam//config/doc/imu-transform.png
[154.571s] -- Up-to-date: /home/m/project/LIO-SAM/install/lio_sam/share/lio_sam//config/doc/ouster-device.jpg
[154.571s] -- Up-to-date: /home/m/project/LIO-SAM/install/lio_sam/share/lio_sam//config/doc/imu-debug.gif
[154.571s] -- Up-to-date: /home/m/project/LIO-SAM/install/lio_sam/share/lio_sam//config/doc/kitti-map.png
[154.571s] -- Up-to-date: /home/m/project/LIO-SAM/install/lio_sam/share/lio_sam//config/doc/device-hand.png
[154.571s] -- Up-to-date: /home/m/project/LIO-SAM/install/lio_sam/share/lio_sam//config/doc/demo.gif
[154.572s] -- Up-to-date: /home/m/project/LIO-SAM/install/lio_sam/share/lio_sam//config/doc/kitti-demo.gif
[154.572s] -- Up-to-date: /home/m/project/LIO-SAM/install/lio_sam/share/lio_sam//config/doc/device-jackal.png
[154.572s] -- Up-to-date: /home/m/project/LIO-SAM/install/lio_sam/share/lio_sam//config/doc/ouster-demo.gif
[154.572s] -- Up-to-date: /home/m/project/LIO-SAM/install/lio_sam/share/lio_sam//config/doc/paper.pdf
[154.572s] -- Up-to-date: /home/m/project/LIO-SAM/install/lio_sam/share/lio_sam//config/doc/device-boat.png
[154.572s] -- Up-to-date: /home/m/project/LIO-SAM/install/lio_sam/share/lio_sam//config/doc/gps-demo.gif
[154.572s] -- Installing: /home/m/project/LIO-SAM/install/lio_sam/lib/lio_sam/lio_sam_imageProjection
[154.577s] -- Set runtime path of "/home/m/project/LIO-SAM/install/lio_sam/lib/lio_sam/lio_sam_imageProjection" to ""
[154.579s] -- Installing: /home/m/project/LIO-SAM/install/lio_sam/lib/lio_sam/lio_sam_imuPreintegration
[154.584s] -- Set runtime path of "/home/m/project/LIO-SAM/install/lio_sam/lib/lio_sam/lio_sam_imuPreintegration" to ""
[154.586s] -- Installing: /home/m/project/LIO-SAM/install/lio_sam/lib/lio_sam/lio_sam_featureExtraction
[154.595s] -- Set runtime path of "/home/m/project/LIO-SAM/install/lio_sam/lib/lio_sam/lio_sam_featureExtraction" to ""
[154.597s] -- Installing: /home/m/project/LIO-SAM/install/lio_sam/lib/lio_sam/lio_sam_mapOptimization
[154.601s] -- Set runtime path of "/home/m/project/LIO-SAM/install/lio_sam/lib/lio_sam/lio_sam_mapOptimization" to ""
[154.601s] -- Up-to-date: /home/m/project/LIO-SAM/install/lio_sam/include
[154.601s] -- Up-to-date: /home/m/project/LIO-SAM/install/lio_sam/include/lio_sam
[154.602s] -- Up-to-date: /home/m/project/LIO-SAM/install/lio_sam/include/lio_sam/utility.hpp
[154.602s] -- Up-to-date: /home/m/project/LIO-SAM/install/lio_sam/share/ament_index/resource_index/package_run_dependencies/lio_sam
[154.602s] -- Up-to-date: /home/m/project/LIO-SAM/install/lio_sam/share/ament_index/resource_index/parent_prefix_path/lio_sam
[154.602s] -- Installing: /home/m/project/LIO-SAM/install/lio_sam/share/lio_sam/environment/ament_prefix_path.sh
[154.603s] -- Installing: /home/m/project/LIO-SAM/install/lio_sam/share/lio_sam/environment/ament_prefix_path.dsv
[154.603s] -- Installing: /home/m/project/LIO-SAM/install/lio_sam/share/lio_sam/environment/path.sh
[154.603s] -- Installing: /home/m/project/LIO-SAM/install/lio_sam/share/lio_sam/environment/path.dsv
[154.604s] -- Up-to-date: /home/m/project/LIO-SAM/install/lio_sam/share/lio_sam/local_setup.bash
[154.604s] -- Up-to-date: /home/m/project/LIO-SAM/install/lio_sam/share/lio_sam/local_setup.sh
[154.604s] -- Up-to-date: /home/m/project/LIO-SAM/install/lio_sam/share/lio_sam/local_setup.zsh
[154.605s] -- Installing: /home/m/project/LIO-SAM/install/lio_sam/share/lio_sam/local_setup.dsv
[154.605s] -- Installing: /home/m/project/LIO-SAM/install/lio_sam/share/lio_sam/package.dsv
[154.605s] -- Up-to-date: /home/m/project/LIO-SAM/install/lio_sam/share/ament_index/resource_index/packages/lio_sam
[154.606s] -- Up-to-date: /home/m/project/LIO-SAM/install/lio_sam/share/lio_sam/cmake/export_lio_sam__rosidl_generator_cExport.cmake
[154.606s] -- Up-to-date: /home/m/project/LIO-SAM/install/lio_sam/share/lio_sam/cmake/export_lio_sam__rosidl_generator_cExport-release.cmake
[154.606s] -- Up-to-date: /home/m/project/LIO-SAM/install/lio_sam/share/lio_sam/cmake/export_lio_sam__rosidl_typesupport_fastrtps_cExport.cmake
[154.606s] -- Up-to-date: /home/m/project/LIO-SAM/install/lio_sam/share/lio_sam/cmake/export_lio_sam__rosidl_typesupport_fastrtps_cExport-release.cmake
[154.607s] -- Up-to-date: /home/m/project/LIO-SAM/install/lio_sam/share/lio_sam/cmake/lio_sam__rosidl_typesupport_introspection_cExport.cmake
[154.607s] -- Up-to-date: /home/m/project/LIO-SAM/install/lio_sam/share/lio_sam/cmake/lio_sam__rosidl_typesupport_introspection_cExport-release.cmake
[154.608s] -- Up-to-date: /home/m/project/LIO-SAM/install/lio_sam/share/lio_sam/cmake/lio_sam__rosidl_typesupport_cExport.cmake
[154.608s] -- Up-to-date: /home/m/project/LIO-SAM/install/lio_sam/share/lio_sam/cmake/lio_sam__rosidl_typesupport_cExport-release.cmake
[154.610s] -- Up-to-date: /home/m/project/LIO-SAM/install/lio_sam/share/lio_sam/cmake/export_lio_sam__rosidl_generator_cppExport.cmake
[154.610s] -- Up-to-date: /home/m/project/LIO-SAM/install/lio_sam/share/lio_sam/cmake/export_lio_sam__rosidl_typesupport_fastrtps_cppExport.cmake
[154.610s] -- Up-to-date: /home/m/project/LIO-SAM/install/lio_sam/share/lio_sam/cmake/export_lio_sam__rosidl_typesupport_fastrtps_cppExport-release.cmake
[154.611s] -- Up-to-date: /home/m/project/LIO-SAM/install/lio_sam/share/lio_sam/cmake/lio_sam__rosidl_typesupport_introspection_cppExport.cmake
[154.611s] -- Up-to-date: /home/m/project/LIO-SAM/install/lio_sam/share/lio_sam/cmake/lio_sam__rosidl_typesupport_introspection_cppExport-release.cmake
[154.611s] -- Up-to-date: /home/m/project/LIO-SAM/install/lio_sam/share/lio_sam/cmake/lio_sam__rosidl_typesupport_cppExport.cmake
[154.611s] -- Up-to-date: /home/m/project/LIO-SAM/install/lio_sam/share/lio_sam/cmake/lio_sam__rosidl_typesupport_cppExport-release.cmake
[154.612s] -- Up-to-date: /home/m/project/LIO-SAM/install/lio_sam/share/lio_sam/cmake/export_lio_sam__rosidl_generator_pyExport.cmake
[154.613s] -- Up-to-date: /home/m/project/LIO-SAM/install/lio_sam/share/lio_sam/cmake/export_lio_sam__rosidl_generator_pyExport-release.cmake
[154.613s] -- Up-to-date: /home/m/project/LIO-SAM/install/lio_sam/share/lio_sam/cmake/rosidl_cmake-extras.cmake
[154.613s] -- Up-to-date: /home/m/project/LIO-SAM/install/lio_sam/share/lio_sam/cmake/ament_cmake_export_dependencies-extras.cmake
[154.613s] -- Up-to-date: /home/m/project/LIO-SAM/install/lio_sam/share/lio_sam/cmake/ament_cmake_export_include_directories-extras.cmake
[154.613s] -- Up-to-date: /home/m/project/LIO-SAM/install/lio_sam/share/lio_sam/cmake/ament_cmake_export_libraries-extras.cmake
[154.614s] -- Up-to-date: /home/m/project/LIO-SAM/install/lio_sam/share/lio_sam/cmake/ament_cmake_export_targets-extras.cmake
[154.614s] -- Up-to-date: /home/m/project/LIO-SAM/install/lio_sam/share/lio_sam/cmake/rosidl_cmake_export_typesupport_targets-extras.cmake
[154.614s] -- Up-to-date: /home/m/project/LIO-SAM/install/lio_sam/share/lio_sam/cmake/rosidl_cmake_export_typesupport_libraries-extras.cmake
[154.614s] -- Up-to-date: /home/m/project/LIO-SAM/install/lio_sam/share/lio_sam/cmake/lio_samConfig.cmake
[154.614s] -- Up-to-date: /home/m/project/LIO-SAM/install/lio_sam/share/lio_sam/cmake/lio_samConfig-version.cmake
[154.614s] -- Up-to-date: /home/m/project/LIO-SAM/install/lio_sam/share/lio_sam/package.xml
[154.622s] Invoked command in '/home/m/project/LIO-SAM/build/lio_sam' returned '0': CMAKE_PREFIX_PATH=/opt/ros/humble /usr/bin/cmake --install /home/m/project/LIO-SAM/build/lio_sam
