[0.020s] Invoking command in '/home/m/project/LIO-SAM/build/lio_sam': CMAKE_PREFIX_PATH=/opt/ros/humble /usr/bin/cmake --build /home/m/project/LIO-SAM/build/lio_sam -- -j8 -l8
[0.123s] [  2%] Built target lio_sam__rs
[0.127s] [  4%] Built target lio_sam__cpp
[0.128s] [ 12%] Built target lio_sam__rosidl_generator_c
[0.135s] [ 12%] Built target ament_cmake_python_copy_lio_sam
[0.188s] [ 20%] Built target lio_sam__rosidl_typesupport_cpp
[0.189s] [ 29%] Built target lio_sam__rosidl_typesupport_fastrtps_c
[0.198s] [ 37%] Built target lio_sam__rosidl_typesupport_fastrtps_cpp
[0.198s] [ 45%] Built target lio_sam__rosidl_typesupport_introspection_cpp
[0.198s] [ 54%] Built target lio_sam__rosidl_typesupport_introspection_c
[0.199s] [ 62%] Built target lio_sam__rosidl_typesupport_c
[0.238s] [35m[1mConsolidate compiler generated dependencies of target lio_sam_mapOptimization[0m
[0.258s] [ 62%] Built target lio_sam
[0.259s] [ 66%] Built target lio_sam_featureExtraction
[0.268s] [ 70%] Built target lio_sam_imageProjection
[0.288s] [ 75%] Built target lio_sam_imuPreintegration
[0.298s] [ 77%] Built target lio_sam__py
[0.320s] [ 79%] [32mBuilding CXX object CMakeFiles/lio_sam_mapOptimization.dir/src/mapOptmization.cpp.o[0m
[0.337s] [ 85%] Built target lio_sam__rosidl_generator_py
[0.371s] [ 93%] Built target lio_sam__rosidl_typesupport_introspection_c__pyext
[0.372s] [ 93%] Built target lio_sam__rosidl_typesupport_c__pyext
[0.393s] [ 97%] Built target lio_sam__rosidl_typesupport_fastrtps_c__pyext
[0.582s] running egg_info
[0.583s] writing lio_sam.egg-info/PKG-INFO
[0.584s] writing dependency_links to lio_sam.egg-info/dependency_links.txt
[0.585s] writing top-level names to lio_sam.egg-info/top_level.txt
[0.589s] reading manifest file 'lio_sam.egg-info/SOURCES.txt'
[0.590s] writing manifest file 'lio_sam.egg-info/SOURCES.txt'
[0.643s] [ 97%] Built target ament_cmake_python_build_lio_sam_egg
[73.112s] [100%] [32m[1mLinking CXX executable lio_sam_mapOptimization[0m
[73.830s] /usr/bin/ld: warning: libtbb.so.2, needed by /usr/lib/x86_64-linux-gnu/libopencv_core.so.4.5.4d, may conflict with libtbb.so.12
[74.120s] [100%] Built target lio_sam_mapOptimization
[74.140s] Invoked command in '/home/m/project/LIO-SAM/build/lio_sam' returned '0': CMAKE_PREFIX_PATH=/opt/ros/humble /usr/bin/cmake --build /home/m/project/LIO-SAM/build/lio_sam -- -j8 -l8
[74.152s] Invoking command in '/home/m/project/LIO-SAM/build/lio_sam': CMAKE_PREFIX_PATH=/opt/ros/humble /usr/bin/cmake --install /home/m/project/LIO-SAM/build/lio_sam
[74.160s] -- Install configuration: "Release"
[74.161s] -- Up-to-date: /home/m/project/LIO-SAM/install/lio_sam/share/ament_index/resource_index/rosidl_interfaces/lio_sam
[74.161s] -- Up-to-date: /home/m/project/LIO-SAM/install/lio_sam/include/lio_sam/lio_sam
[74.162s] -- Up-to-date: /home/m/project/LIO-SAM/install/lio_sam/include/lio_sam/lio_sam/msg
[74.162s] -- Up-to-date: /home/m/project/LIO-SAM/install/lio_sam/include/lio_sam/lio_sam/msg/detail
[74.162s] -- Up-to-date: /home/m/project/LIO-SAM/install/lio_sam/include/lio_sam/lio_sam/msg/detail/cloud_info__functions.c
[74.162s] -- Up-to-date: /home/m/project/LIO-SAM/install/lio_sam/include/lio_sam/lio_sam/msg/detail/cloud_info__functions.h
[74.162s] -- Up-to-date: /home/m/project/LIO-SAM/install/lio_sam/include/lio_sam/lio_sam/msg/detail/cloud_info__type_support.h
[74.162s] -- Up-to-date: /home/m/project/LIO-SAM/install/lio_sam/include/lio_sam/lio_sam/msg/detail/cloud_info__struct.h
[74.163s] -- Up-to-date: /home/m/project/LIO-SAM/install/lio_sam/include/lio_sam/lio_sam/msg/cloud_info.h
[74.163s] -- Up-to-date: /home/m/project/LIO-SAM/install/lio_sam/include/lio_sam/lio_sam/msg/rosidl_generator_c__visibility_control.h
[74.163s] -- Up-to-date: /home/m/project/LIO-SAM/install/lio_sam/include/lio_sam/lio_sam/srv
[74.163s] -- Up-to-date: /home/m/project/LIO-SAM/install/lio_sam/include/lio_sam/lio_sam/srv/save_map.h
[74.163s] -- Up-to-date: /home/m/project/LIO-SAM/install/lio_sam/include/lio_sam/lio_sam/srv/detail
[74.163s] -- Up-to-date: /home/m/project/LIO-SAM/install/lio_sam/include/lio_sam/lio_sam/srv/detail/save_map__type_support.h
[74.164s] -- Up-to-date: /home/m/project/LIO-SAM/install/lio_sam/include/lio_sam/lio_sam/srv/detail/save_map__functions.h
[74.164s] -- Up-to-date: /home/m/project/LIO-SAM/install/lio_sam/include/lio_sam/lio_sam/srv/detail/save_map__functions.c
[74.164s] -- Up-to-date: /home/m/project/LIO-SAM/install/lio_sam/include/lio_sam/lio_sam/srv/detail/save_map__struct.h
[74.164s] -- Up-to-date: /home/m/project/LIO-SAM/install/lio_sam/share/lio_sam/environment/library_path.sh
[74.164s] -- Up-to-date: /home/m/project/LIO-SAM/install/lio_sam/share/lio_sam/environment/library_path.dsv
[74.164s] -- Up-to-date: /home/m/project/LIO-SAM/install/lio_sam/lib/liblio_sam__rosidl_generator_c.so
[74.164s] -- Up-to-date: /home/m/project/LIO-SAM/install/lio_sam/include/lio_sam/lio_sam
[74.165s] -- Up-to-date: /home/m/project/LIO-SAM/install/lio_sam/include/lio_sam/lio_sam/msg
[74.165s] -- Up-to-date: /home/m/project/LIO-SAM/install/lio_sam/include/lio_sam/lio_sam/msg/detail
[74.165s] -- Up-to-date: /home/m/project/LIO-SAM/install/lio_sam/include/lio_sam/lio_sam/msg/detail/cloud_info__rosidl_typesupport_fastrtps_c.h
[74.165s] -- Up-to-date: /home/m/project/LIO-SAM/install/lio_sam/include/lio_sam/lio_sam/msg/rosidl_typesupport_fastrtps_c__visibility_control.h
[74.165s] -- Up-to-date: /home/m/project/LIO-SAM/install/lio_sam/include/lio_sam/lio_sam/srv
[74.165s] -- Up-to-date: /home/m/project/LIO-SAM/install/lio_sam/include/lio_sam/lio_sam/srv/detail
[74.165s] -- Up-to-date: /home/m/project/LIO-SAM/install/lio_sam/include/lio_sam/lio_sam/srv/detail/save_map__rosidl_typesupport_fastrtps_c.h
[74.165s] -- Up-to-date: /home/m/project/LIO-SAM/install/lio_sam/lib/liblio_sam__rosidl_typesupport_fastrtps_c.so
[74.166s] -- Up-to-date: /home/m/project/LIO-SAM/install/lio_sam/include/lio_sam/lio_sam
[74.166s] -- Up-to-date: /home/m/project/LIO-SAM/install/lio_sam/include/lio_sam/lio_sam/msg
[74.166s] -- Up-to-date: /home/m/project/LIO-SAM/install/lio_sam/include/lio_sam/lio_sam/msg/detail
[74.166s] -- Up-to-date: /home/m/project/LIO-SAM/install/lio_sam/include/lio_sam/lio_sam/msg/detail/cloud_info__type_support.c
[74.167s] -- Up-to-date: /home/m/project/LIO-SAM/install/lio_sam/include/lio_sam/lio_sam/msg/detail/cloud_info__rosidl_typesupport_introspection_c.h
[74.167s] -- Up-to-date: /home/m/project/LIO-SAM/install/lio_sam/include/lio_sam/lio_sam/msg/rosidl_typesupport_introspection_c__visibility_control.h
[74.167s] -- Up-to-date: /home/m/project/LIO-SAM/install/lio_sam/include/lio_sam/lio_sam/srv
[74.167s] -- Up-to-date: /home/m/project/LIO-SAM/install/lio_sam/include/lio_sam/lio_sam/srv/detail
[74.168s] -- Up-to-date: /home/m/project/LIO-SAM/install/lio_sam/include/lio_sam/lio_sam/srv/detail/save_map__rosidl_typesupport_introspection_c.h
[74.168s] -- Up-to-date: /home/m/project/LIO-SAM/install/lio_sam/include/lio_sam/lio_sam/srv/detail/save_map__type_support.c
[74.168s] -- Up-to-date: /home/m/project/LIO-SAM/install/lio_sam/lib/liblio_sam__rosidl_typesupport_introspection_c.so
[74.168s] -- Up-to-date: /home/m/project/LIO-SAM/install/lio_sam/lib/liblio_sam__rosidl_typesupport_c.so
[74.168s] -- Up-to-date: /home/m/project/LIO-SAM/install/lio_sam/include/lio_sam/lio_sam
[74.168s] -- Up-to-date: /home/m/project/LIO-SAM/install/lio_sam/include/lio_sam/lio_sam/msg
[74.169s] -- Up-to-date: /home/m/project/LIO-SAM/install/lio_sam/include/lio_sam/lio_sam/msg/detail
[74.169s] -- Up-to-date: /home/m/project/LIO-SAM/install/lio_sam/include/lio_sam/lio_sam/msg/detail/cloud_info__struct.hpp
[74.171s] -- Up-to-date: /home/m/project/LIO-SAM/install/lio_sam/include/lio_sam/lio_sam/msg/detail/cloud_info__traits.hpp
[74.171s] -- Up-to-date: /home/m/project/LIO-SAM/install/lio_sam/include/lio_sam/lio_sam/msg/detail/cloud_info__builder.hpp
[74.171s] -- Up-to-date: /home/m/project/LIO-SAM/install/lio_sam/include/lio_sam/lio_sam/msg/detail/cloud_info__type_support.hpp
[74.171s] -- Up-to-date: /home/m/project/LIO-SAM/install/lio_sam/include/lio_sam/lio_sam/msg/rosidl_generator_cpp__visibility_control.hpp
[74.171s] -- Up-to-date: /home/m/project/LIO-SAM/install/lio_sam/include/lio_sam/lio_sam/msg/cloud_info.hpp
[74.172s] -- Up-to-date: /home/m/project/LIO-SAM/install/lio_sam/include/lio_sam/lio_sam/srv
[74.172s] -- Up-to-date: /home/m/project/LIO-SAM/install/lio_sam/include/lio_sam/lio_sam/srv/detail
[74.172s] -- Up-to-date: /home/m/project/LIO-SAM/install/lio_sam/include/lio_sam/lio_sam/srv/detail/save_map__type_support.hpp
[74.172s] -- Up-to-date: /home/m/project/LIO-SAM/install/lio_sam/include/lio_sam/lio_sam/srv/detail/save_map__builder.hpp
[74.172s] -- Up-to-date: /home/m/project/LIO-SAM/install/lio_sam/include/lio_sam/lio_sam/srv/detail/save_map__struct.hpp
[74.172s] -- Up-to-date: /home/m/project/LIO-SAM/install/lio_sam/include/lio_sam/lio_sam/srv/detail/save_map__traits.hpp
[74.172s] -- Up-to-date: /home/m/project/LIO-SAM/install/lio_sam/include/lio_sam/lio_sam/srv/save_map.hpp
[74.172s] -- Up-to-date: /home/m/project/LIO-SAM/install/lio_sam/include/lio_sam/lio_sam
[74.172s] -- Up-to-date: /home/m/project/LIO-SAM/install/lio_sam/include/lio_sam/lio_sam/msg
[74.172s] -- Up-to-date: /home/m/project/LIO-SAM/install/lio_sam/include/lio_sam/lio_sam/msg/detail
[74.172s] -- Up-to-date: /home/m/project/LIO-SAM/install/lio_sam/include/lio_sam/lio_sam/msg/detail/dds_fastrtps
[74.172s] -- Up-to-date: /home/m/project/LIO-SAM/install/lio_sam/include/lio_sam/lio_sam/msg/detail/cloud_info__rosidl_typesupport_fastrtps_cpp.hpp
[74.173s] -- Up-to-date: /home/m/project/LIO-SAM/install/lio_sam/include/lio_sam/lio_sam/msg/rosidl_typesupport_fastrtps_cpp__visibility_control.h
[74.173s] -- Up-to-date: /home/m/project/LIO-SAM/install/lio_sam/include/lio_sam/lio_sam/srv
[74.173s] -- Up-to-date: /home/m/project/LIO-SAM/install/lio_sam/include/lio_sam/lio_sam/srv/detail
[74.173s] -- Up-to-date: /home/m/project/LIO-SAM/install/lio_sam/include/lio_sam/lio_sam/srv/detail/dds_fastrtps
[74.173s] -- Up-to-date: /home/m/project/LIO-SAM/install/lio_sam/include/lio_sam/lio_sam/srv/detail/save_map__rosidl_typesupport_fastrtps_cpp.hpp
[74.173s] -- Up-to-date: /home/m/project/LIO-SAM/install/lio_sam/lib/liblio_sam__rosidl_typesupport_fastrtps_cpp.so
[74.173s] -- Up-to-date: /home/m/project/LIO-SAM/install/lio_sam/include/lio_sam/lio_sam
[74.173s] -- Up-to-date: /home/m/project/LIO-SAM/install/lio_sam/include/lio_sam/lio_sam/msg
[74.173s] -- Up-to-date: /home/m/project/LIO-SAM/install/lio_sam/include/lio_sam/lio_sam/msg/detail
[74.173s] -- Up-to-date: /home/m/project/LIO-SAM/install/lio_sam/include/lio_sam/lio_sam/msg/detail/cloud_info__type_support.cpp
[74.173s] -- Up-to-date: /home/m/project/LIO-SAM/install/lio_sam/include/lio_sam/lio_sam/msg/detail/cloud_info__rosidl_typesupport_introspection_cpp.hpp
[74.173s] -- Up-to-date: /home/m/project/LIO-SAM/install/lio_sam/include/lio_sam/lio_sam/srv
[74.173s] -- Up-to-date: /home/m/project/LIO-SAM/install/lio_sam/include/lio_sam/lio_sam/srv/detail
[74.173s] -- Up-to-date: /home/m/project/LIO-SAM/install/lio_sam/include/lio_sam/lio_sam/srv/detail/save_map__rosidl_typesupport_introspection_cpp.hpp
[74.173s] -- Up-to-date: /home/m/project/LIO-SAM/install/lio_sam/include/lio_sam/lio_sam/srv/detail/save_map__type_support.cpp
[74.173s] -- Up-to-date: /home/m/project/LIO-SAM/install/lio_sam/lib/liblio_sam__rosidl_typesupport_introspection_cpp.so
[74.173s] -- Up-to-date: /home/m/project/LIO-SAM/install/lio_sam/lib/liblio_sam__rosidl_typesupport_cpp.so
[74.174s] -- Up-to-date: /home/m/project/LIO-SAM/install/lio_sam/share/lio_sam/environment/pythonpath.sh
[74.174s] -- Up-to-date: /home/m/project/LIO-SAM/install/lio_sam/share/lio_sam/environment/pythonpath.dsv
[74.174s] -- Up-to-date: /home/m/project/LIO-SAM/install/lio_sam/local/lib/python3.10/dist-packages/lio_sam-1.0.0-py3.10.egg-info
[74.174s] -- Installing: /home/m/project/LIO-SAM/install/lio_sam/local/lib/python3.10/dist-packages/lio_sam-1.0.0-py3.10.egg-info/PKG-INFO
[74.174s] -- Installing: /home/m/project/LIO-SAM/install/lio_sam/local/lib/python3.10/dist-packages/lio_sam-1.0.0-py3.10.egg-info/SOURCES.txt
[74.174s] -- Installing: /home/m/project/LIO-SAM/install/lio_sam/local/lib/python3.10/dist-packages/lio_sam-1.0.0-py3.10.egg-info/top_level.txt
[74.174s] -- Installing: /home/m/project/LIO-SAM/install/lio_sam/local/lib/python3.10/dist-packages/lio_sam-1.0.0-py3.10.egg-info/dependency_links.txt
[74.174s] -- Up-to-date: /home/m/project/LIO-SAM/install/lio_sam/local/lib/python3.10/dist-packages/lio_sam
[74.174s] -- Up-to-date: /home/m/project/LIO-SAM/install/lio_sam/local/lib/python3.10/dist-packages/lio_sam/liblio_sam__rosidl_generator_py.so
[74.174s] -- Up-to-date: /home/m/project/LIO-SAM/install/lio_sam/local/lib/python3.10/dist-packages/lio_sam/lio_sam_s__rosidl_typesupport_c.cpython-310-x86_64-linux-gnu.so
[74.174s] -- Up-to-date: /home/m/project/LIO-SAM/install/lio_sam/local/lib/python3.10/dist-packages/lio_sam/lio_sam_s__rosidl_typesupport_introspection_c.cpython-310-x86_64-linux-gnu.so
[74.175s] -- Up-to-date: /home/m/project/LIO-SAM/install/lio_sam/local/lib/python3.10/dist-packages/lio_sam/_lio_sam_s.ep.rosidl_typesupport_fastrtps_c.c
[74.175s] -- Up-to-date: /home/m/project/LIO-SAM/install/lio_sam/local/lib/python3.10/dist-packages/lio_sam/_lio_sam_s.ep.rosidl_typesupport_introspection_c.c
[74.175s] -- Up-to-date: /home/m/project/LIO-SAM/install/lio_sam/local/lib/python3.10/dist-packages/lio_sam/__init__.py
[74.175s] -- Up-to-date: /home/m/project/LIO-SAM/install/lio_sam/local/lib/python3.10/dist-packages/lio_sam/_lio_sam_s.ep.rosidl_typesupport_c.c
[74.175s] -- Up-to-date: /home/m/project/LIO-SAM/install/lio_sam/local/lib/python3.10/dist-packages/lio_sam/lio_sam_s__rosidl_typesupport_fastrtps_c.cpython-310-x86_64-linux-gnu.so
[74.175s] -- Up-to-date: /home/m/project/LIO-SAM/install/lio_sam/local/lib/python3.10/dist-packages/lio_sam/msg
[74.175s] -- Up-to-date: /home/m/project/LIO-SAM/install/lio_sam/local/lib/python3.10/dist-packages/lio_sam/msg/_cloud_info.py
[74.175s] -- Up-to-date: /home/m/project/LIO-SAM/install/lio_sam/local/lib/python3.10/dist-packages/lio_sam/msg/_cloud_info_s.c
[74.175s] -- Up-to-date: /home/m/project/LIO-SAM/install/lio_sam/local/lib/python3.10/dist-packages/lio_sam/msg/__init__.py
[74.176s] -- Up-to-date: /home/m/project/LIO-SAM/install/lio_sam/local/lib/python3.10/dist-packages/lio_sam/srv
[74.176s] -- Up-to-date: /home/m/project/LIO-SAM/install/lio_sam/local/lib/python3.10/dist-packages/lio_sam/srv/_save_map_s.c
[74.176s] -- Up-to-date: /home/m/project/LIO-SAM/install/lio_sam/local/lib/python3.10/dist-packages/lio_sam/srv/__init__.py
[74.176s] -- Up-to-date: /home/m/project/LIO-SAM/install/lio_sam/local/lib/python3.10/dist-packages/lio_sam/srv/_save_map.py
[74.210s] Listing '/home/m/project/LIO-SAM/install/lio_sam/local/lib/python3.10/dist-packages/lio_sam'...
[74.210s] Listing '/home/m/project/LIO-SAM/install/lio_sam/local/lib/python3.10/dist-packages/lio_sam/msg'...
[74.211s] Listing '/home/m/project/LIO-SAM/install/lio_sam/local/lib/python3.10/dist-packages/lio_sam/srv'...
[74.213s] -- Up-to-date: /home/m/project/LIO-SAM/install/lio_sam/local/lib/python3.10/dist-packages/lio_sam/lio_sam_s__rosidl_typesupport_fastrtps_c.cpython-310-x86_64-linux-gnu.so
[74.214s] -- Up-to-date: /home/m/project/LIO-SAM/install/lio_sam/local/lib/python3.10/dist-packages/lio_sam/lio_sam_s__rosidl_typesupport_introspection_c.cpython-310-x86_64-linux-gnu.so
[74.214s] -- Up-to-date: /home/m/project/LIO-SAM/install/lio_sam/local/lib/python3.10/dist-packages/lio_sam/lio_sam_s__rosidl_typesupport_c.cpython-310-x86_64-linux-gnu.so
[74.216s] -- Up-to-date: /home/m/project/LIO-SAM/install/lio_sam/lib/liblio_sam__rosidl_generator_py.so
[74.216s] -- Up-to-date: /home/m/project/LIO-SAM/install/lio_sam/share/ament_index/resource_index/rust_packages/lio_sam
[74.216s] -- Up-to-date: /home/m/project/LIO-SAM/install/lio_sam/share/lio_sam/rust
[74.216s] -- Up-to-date: /home/m/project/LIO-SAM/install/lio_sam/share/lio_sam/rust/Cargo.toml
[74.216s] -- Up-to-date: /home/m/project/LIO-SAM/install/lio_sam/share/lio_sam/rust/build.rs
[74.216s] -- Up-to-date: /home/m/project/LIO-SAM/install/lio_sam/share/lio_sam/rust/src
[74.216s] -- Up-to-date: /home/m/project/LIO-SAM/install/lio_sam/share/lio_sam/rust/src/srv.rs
[74.216s] -- Up-to-date: /home/m/project/LIO-SAM/install/lio_sam/share/lio_sam/rust/src/lib.rs
[74.216s] -- Up-to-date: /home/m/project/LIO-SAM/install/lio_sam/share/lio_sam/rust/src/msg.rs
[74.216s] -- Up-to-date: /home/m/project/LIO-SAM/install/lio_sam/share/lio_sam/rust/src/msg
[74.216s] -- Up-to-date: /home/m/project/LIO-SAM/install/lio_sam/share/lio_sam/rust/src/msg/rmw.rs
[74.216s] -- Up-to-date: /home/m/project/LIO-SAM/install/lio_sam/share/lio_sam/rust/src/srv
[74.216s] -- Up-to-date: /home/m/project/LIO-SAM/install/lio_sam/share/lio_sam/rust/src/srv/rmw.rs
[74.216s] -- Up-to-date: /home/m/project/LIO-SAM/install/lio_sam/share/lio_sam/msg/CloudInfo.idl
[74.217s] -- Up-to-date: /home/m/project/LIO-SAM/install/lio_sam/share/lio_sam/srv/SaveMap.idl
[74.217s] -- Up-to-date: /home/m/project/LIO-SAM/install/lio_sam/share/lio_sam/msg/CloudInfo.msg
[74.218s] -- Up-to-date: /home/m/project/LIO-SAM/install/lio_sam/share/lio_sam/srv/SaveMap.srv
[74.218s] -- Up-to-date: /home/m/project/LIO-SAM/install/lio_sam/share/lio_sam/srv/SaveMap_Request.msg
[74.218s] -- Up-to-date: /home/m/project/LIO-SAM/install/lio_sam/share/lio_sam/srv/SaveMap_Response.msg
[74.218s] -- Up-to-date: /home/m/project/LIO-SAM/install/lio_sam/share/lio_sam//launch
[74.218s] -- Up-to-date: /home/m/project/LIO-SAM/install/lio_sam/share/lio_sam//launch/run.launch.py
[74.218s] -- Up-to-date: /home/m/project/LIO-SAM/install/lio_sam/share/lio_sam//config
[74.219s] -- Up-to-date: /home/m/project/LIO-SAM/install/lio_sam/share/lio_sam//config/rviz2.rviz
[74.219s] -- Up-to-date: /home/m/project/LIO-SAM/install/lio_sam/share/lio_sam//config/robot.urdf.xacro
[74.219s] -- Up-to-date: /home/m/project/LIO-SAM/install/lio_sam/share/lio_sam//config/params.yaml
[74.219s] -- Up-to-date: /home/m/project/LIO-SAM/install/lio_sam/share/lio_sam//config/corridor01_params.yaml
[74.219s] -- Up-to-date: /home/m/project/LIO-SAM/install/lio_sam/share/lio_sam//config/cmu_liosam.yaml
[74.220s] -- Up-to-date: /home/m/project/LIO-SAM/install/lio_sam/share/lio_sam//config/1.yaml
[74.220s] -- Up-to-date: /home/m/project/LIO-SAM/install/lio_sam/share/lio_sam//config/default_vbr.yaml
[74.220s] -- Installing: /home/m/project/LIO-SAM/install/lio_sam/share/lio_sam//config/test.cpp
[74.220s] -- Up-to-date: /home/m/project/LIO-SAM/install/lio_sam/share/lio_sam//config/cmu.yaml
[74.220s] -- Up-to-date: /home/m/project/LIO-SAM/install/lio_sam/share/lio_sam//config/corridor01_params_shifted.yaml
[74.220s] -- Up-to-date: /home/m/project/LIO-SAM/install/lio_sam/share/lio_sam//config/doc
[74.220s] -- Up-to-date: /home/m/project/LIO-SAM/install/lio_sam/share/lio_sam//config/doc/system.png
[74.220s] -- Up-to-date: /home/m/project/LIO-SAM/install/lio_sam/share/lio_sam//config/doc/device-hand-2.png
[74.220s] -- Up-to-date: /home/m/project/LIO-SAM/install/lio_sam/share/lio_sam//config/doc/kitti2bag
[74.220s] -- Up-to-date: /home/m/project/LIO-SAM/install/lio_sam/share/lio_sam//config/doc/kitti2bag/kitti2bag.py
[74.220s] -- Up-to-date: /home/m/project/LIO-SAM/install/lio_sam/share/lio_sam//config/doc/kitti2bag/README.md
[74.220s] -- Up-to-date: /home/m/project/LIO-SAM/install/lio_sam/share/lio_sam//config/doc/loop-closure-2.gif
[74.220s] -- Up-to-date: /home/m/project/LIO-SAM/install/lio_sam/share/lio_sam//config/doc/loop-closure.gif
[74.220s] -- Up-to-date: /home/m/project/LIO-SAM/install/lio_sam/share/lio_sam//config/doc/imu-transform.png
[74.220s] -- Up-to-date: /home/m/project/LIO-SAM/install/lio_sam/share/lio_sam//config/doc/ouster-device.jpg
[74.220s] -- Up-to-date: /home/m/project/LIO-SAM/install/lio_sam/share/lio_sam//config/doc/imu-debug.gif
[74.220s] -- Up-to-date: /home/m/project/LIO-SAM/install/lio_sam/share/lio_sam//config/doc/kitti-map.png
[74.220s] -- Up-to-date: /home/m/project/LIO-SAM/install/lio_sam/share/lio_sam//config/doc/device-hand.png
[74.220s] -- Up-to-date: /home/m/project/LIO-SAM/install/lio_sam/share/lio_sam//config/doc/demo.gif
[74.221s] -- Up-to-date: /home/m/project/LIO-SAM/install/lio_sam/share/lio_sam//config/doc/kitti-demo.gif
[74.221s] -- Up-to-date: /home/m/project/LIO-SAM/install/lio_sam/share/lio_sam//config/doc/device-jackal.png
[74.221s] -- Up-to-date: /home/m/project/LIO-SAM/install/lio_sam/share/lio_sam//config/doc/ouster-demo.gif
[74.221s] -- Up-to-date: /home/m/project/LIO-SAM/install/lio_sam/share/lio_sam//config/doc/paper.pdf
[74.221s] -- Up-to-date: /home/m/project/LIO-SAM/install/lio_sam/share/lio_sam//config/doc/device-boat.png
[74.221s] -- Up-to-date: /home/m/project/LIO-SAM/install/lio_sam/share/lio_sam//config/doc/gps-demo.gif
[74.221s] -- Up-to-date: /home/m/project/LIO-SAM/install/lio_sam/lib/lio_sam/lio_sam_imageProjection
[74.221s] -- Up-to-date: /home/m/project/LIO-SAM/install/lio_sam/lib/lio_sam/lio_sam_imuPreintegration
[74.221s] -- Up-to-date: /home/m/project/LIO-SAM/install/lio_sam/lib/lio_sam/lio_sam_featureExtraction
[74.221s] -- Installing: /home/m/project/LIO-SAM/install/lio_sam/lib/lio_sam/lio_sam_mapOptimization
[74.227s] -- Set runtime path of "/home/m/project/LIO-SAM/install/lio_sam/lib/lio_sam/lio_sam_mapOptimization" to ""
[74.227s] -- Up-to-date: /home/m/project/LIO-SAM/install/lio_sam/include
[74.227s] -- Up-to-date: /home/m/project/LIO-SAM/install/lio_sam/include/lio_sam
[74.227s] -- Up-to-date: /home/m/project/LIO-SAM/install/lio_sam/include/lio_sam/utility.hpp
[74.227s] -- Up-to-date: /home/m/project/LIO-SAM/install/lio_sam/share/ament_index/resource_index/package_run_dependencies/lio_sam
[74.227s] -- Up-to-date: /home/m/project/LIO-SAM/install/lio_sam/share/ament_index/resource_index/parent_prefix_path/lio_sam
[74.227s] -- Up-to-date: /home/m/project/LIO-SAM/install/lio_sam/share/lio_sam/environment/ament_prefix_path.sh
[74.227s] -- Up-to-date: /home/m/project/LIO-SAM/install/lio_sam/share/lio_sam/environment/ament_prefix_path.dsv
[74.228s] -- Up-to-date: /home/m/project/LIO-SAM/install/lio_sam/share/lio_sam/environment/path.sh
[74.228s] -- Up-to-date: /home/m/project/LIO-SAM/install/lio_sam/share/lio_sam/environment/path.dsv
[74.228s] -- Up-to-date: /home/m/project/LIO-SAM/install/lio_sam/share/lio_sam/local_setup.bash
[74.228s] -- Up-to-date: /home/m/project/LIO-SAM/install/lio_sam/share/lio_sam/local_setup.sh
[74.229s] -- Up-to-date: /home/m/project/LIO-SAM/install/lio_sam/share/lio_sam/local_setup.zsh
[74.229s] -- Up-to-date: /home/m/project/LIO-SAM/install/lio_sam/share/lio_sam/local_setup.dsv
[74.229s] -- Installing: /home/m/project/LIO-SAM/install/lio_sam/share/lio_sam/package.dsv
[74.229s] -- Up-to-date: /home/m/project/LIO-SAM/install/lio_sam/share/ament_index/resource_index/packages/lio_sam
[74.229s] -- Up-to-date: /home/m/project/LIO-SAM/install/lio_sam/share/lio_sam/cmake/export_lio_sam__rosidl_generator_cExport.cmake
[74.229s] -- Up-to-date: /home/m/project/LIO-SAM/install/lio_sam/share/lio_sam/cmake/export_lio_sam__rosidl_generator_cExport-release.cmake
[74.229s] -- Up-to-date: /home/m/project/LIO-SAM/install/lio_sam/share/lio_sam/cmake/export_lio_sam__rosidl_typesupport_fastrtps_cExport.cmake
[74.230s] -- Up-to-date: /home/m/project/LIO-SAM/install/lio_sam/share/lio_sam/cmake/export_lio_sam__rosidl_typesupport_fastrtps_cExport-release.cmake
[74.230s] -- Up-to-date: /home/m/project/LIO-SAM/install/lio_sam/share/lio_sam/cmake/lio_sam__rosidl_typesupport_introspection_cExport.cmake
[74.230s] -- Up-to-date: /home/m/project/LIO-SAM/install/lio_sam/share/lio_sam/cmake/lio_sam__rosidl_typesupport_introspection_cExport-release.cmake
[74.230s] -- Up-to-date: /home/m/project/LIO-SAM/install/lio_sam/share/lio_sam/cmake/lio_sam__rosidl_typesupport_cExport.cmake
[74.230s] -- Up-to-date: /home/m/project/LIO-SAM/install/lio_sam/share/lio_sam/cmake/lio_sam__rosidl_typesupport_cExport-release.cmake
[74.230s] -- Up-to-date: /home/m/project/LIO-SAM/install/lio_sam/share/lio_sam/cmake/export_lio_sam__rosidl_generator_cppExport.cmake
[74.230s] -- Up-to-date: /home/m/project/LIO-SAM/install/lio_sam/share/lio_sam/cmake/export_lio_sam__rosidl_typesupport_fastrtps_cppExport.cmake
[74.230s] -- Up-to-date: /home/m/project/LIO-SAM/install/lio_sam/share/lio_sam/cmake/export_lio_sam__rosidl_typesupport_fastrtps_cppExport-release.cmake
[74.231s] -- Up-to-date: /home/m/project/LIO-SAM/install/lio_sam/share/lio_sam/cmake/lio_sam__rosidl_typesupport_introspection_cppExport.cmake
[74.231s] -- Up-to-date: /home/m/project/LIO-SAM/install/lio_sam/share/lio_sam/cmake/lio_sam__rosidl_typesupport_introspection_cppExport-release.cmake
[74.231s] -- Up-to-date: /home/m/project/LIO-SAM/install/lio_sam/share/lio_sam/cmake/lio_sam__rosidl_typesupport_cppExport.cmake
[74.231s] -- Up-to-date: /home/m/project/LIO-SAM/install/lio_sam/share/lio_sam/cmake/lio_sam__rosidl_typesupport_cppExport-release.cmake
[74.231s] -- Up-to-date: /home/m/project/LIO-SAM/install/lio_sam/share/lio_sam/cmake/export_lio_sam__rosidl_generator_pyExport.cmake
[74.231s] -- Up-to-date: /home/m/project/LIO-SAM/install/lio_sam/share/lio_sam/cmake/export_lio_sam__rosidl_generator_pyExport-release.cmake
[74.231s] -- Up-to-date: /home/m/project/LIO-SAM/install/lio_sam/share/lio_sam/cmake/rosidl_cmake-extras.cmake
[74.231s] -- Up-to-date: /home/m/project/LIO-SAM/install/lio_sam/share/lio_sam/cmake/ament_cmake_export_dependencies-extras.cmake
[74.231s] -- Up-to-date: /home/m/project/LIO-SAM/install/lio_sam/share/lio_sam/cmake/ament_cmake_export_include_directories-extras.cmake
[74.232s] -- Up-to-date: /home/m/project/LIO-SAM/install/lio_sam/share/lio_sam/cmake/ament_cmake_export_libraries-extras.cmake
[74.232s] -- Up-to-date: /home/m/project/LIO-SAM/install/lio_sam/share/lio_sam/cmake/ament_cmake_export_targets-extras.cmake
[74.232s] -- Up-to-date: /home/m/project/LIO-SAM/install/lio_sam/share/lio_sam/cmake/rosidl_cmake_export_typesupport_targets-extras.cmake
[74.232s] -- Up-to-date: /home/m/project/LIO-SAM/install/lio_sam/share/lio_sam/cmake/rosidl_cmake_export_typesupport_libraries-extras.cmake
[74.232s] -- Up-to-date: /home/m/project/LIO-SAM/install/lio_sam/share/lio_sam/cmake/lio_samConfig.cmake
[74.232s] -- Up-to-date: /home/m/project/LIO-SAM/install/lio_sam/share/lio_sam/cmake/lio_samConfig-version.cmake
[74.232s] -- Up-to-date: /home/m/project/LIO-SAM/install/lio_sam/share/lio_sam/package.xml
[74.236s] Invoked command in '/home/m/project/LIO-SAM/build/lio_sam' returned '0': CMAKE_PREFIX_PATH=/opt/ros/humble /usr/bin/cmake --install /home/m/project/LIO-SAM/build/lio_sam
