[0.297s] DEBUG:colcon:Command line arguments: ['/usr/bin/colcon', 'build']
[0.297s] DEBUG:colcon:Parsed command line arguments: Namespace(log_base=None, log_level=None, verb_name='build', build_base='build', install_base='install', merge_install=False, symlink_install=False, test_result_base=None, continue_on_error=False, executor='parallel', parallel_workers=8, event_handlers=None, ignore_user_meta=False, metas=['./colcon.meta'], base_paths=['.'], packages_ignore=None, packages_ignore_regex=None, paths=None, packages_up_to=None, packages_up_to_regex=None, packages_above=None, packages_above_and_dependencies=None, packages_above_depth=None, packages_select_by_dep=None, packages_skip_by_dep=None, packages_skip_up_to=None, packages_select_build_failed=False, packages_skip_build_finished=False, packages_select_test_failures=False, packages_skip_test_passed=False, packages_select=None, packages_skip=None, packages_select_regex=None, packages_skip_regex=None, packages_start=None, packages_end=None, allow_overriding=[], bazel_args=None, bazel_task=None, cargo_args=None, clean_build=False, cmake_args=None, cmake_target=None, cmake_target_skip_unavailable=False, cmake_clean_cache=False, cmake_clean_first=False, cmake_force_configure=False, meson_args=[], ament_cmake_args=None, catkin_cmake_args=None, catkin_skip_building_tests=False, mixin_files=None, mixin=None, verb_parser=<colcon_alias.argument_parser.alias.AliasArgumentDecorator object at 0x7ab4aa49dc00>, verb_extension=<colcon_core.verb.build.BuildVerb object at 0x7ab4aa49cc10>, main=<bound method BuildVerb.main of <colcon_core.verb.build.BuildVerb object at 0x7ab4aa49cc10>>, mixin_verb=('build',))
[0.484s] Level 1:colcon.colcon_core.package_discovery:discover_packages(colcon_meta) check parameters
[0.484s] Level 1:colcon.colcon_core.package_discovery:discover_packages(recursive) check parameters
[0.484s] Level 1:colcon.colcon_core.package_discovery:discover_packages(ignore) check parameters
[0.484s] Level 1:colcon.colcon_core.package_discovery:discover_packages(path) check parameters
[0.484s] Level 1:colcon.colcon_core.package_discovery:discover_packages(cargo_workspace) check parameters
[0.484s] Level 1:colcon.colcon_core.package_discovery:discover_packages(colcon_meta) discover
[0.484s] Level 1:colcon.colcon_core.package_discovery:discover_packages(recursive) discover
[0.484s] INFO:colcon.colcon_core.package_discovery:Crawling recursively for packages in '/home/m/project/LIO-SAM'
[0.484s] Level 1:colcon.colcon_core.package_identification:_identify(.) by extensions ['ignore', 'ignore_ament_install']
[0.484s] Level 1:colcon.colcon_core.package_identification:_identify(.) by extension 'ignore'
[0.484s] Level 1:colcon.colcon_core.package_identification:_identify(.) by extension 'ignore_ament_install'
[0.484s] Level 1:colcon.colcon_core.package_identification:_identify(.) by extensions ['cargo_workspace']
[0.484s] Level 1:colcon.colcon_core.package_identification:_identify(.) by extension 'cargo_workspace'
[0.484s] Level 1:colcon.colcon_core.package_identification:_identify(.) by extensions ['colcon_pkg']
[0.484s] Level 1:colcon.colcon_core.package_identification:_identify(.) by extension 'colcon_pkg'
[0.485s] Level 1:colcon.colcon_core.package_identification:_identify(.) by extensions ['colcon_meta']
[0.485s] Level 1:colcon.colcon_core.package_identification:_identify(.) by extension 'colcon_meta'
[0.485s] Level 1:colcon.colcon_core.package_identification:_identify(.) by extensions ['ros']
[0.485s] Level 1:colcon.colcon_core.package_identification:_identify(.) by extension 'ros'
[0.489s] DEBUG:colcon.colcon_core.package_identification:Package '.' with type 'ros.ament_cmake' and name 'lio_sam'
[0.489s] Level 1:colcon.colcon_core.package_discovery:discover_packages(recursive) using defaults
[0.489s] Level 1:colcon.colcon_core.package_discovery:discover_packages(ignore) discover
[0.489s] Level 1:colcon.colcon_core.package_discovery:discover_packages(ignore) using defaults
[0.490s] Level 1:colcon.colcon_core.package_discovery:discover_packages(path) discover
[0.490s] Level 1:colcon.colcon_core.package_discovery:discover_packages(path) using defaults
[0.490s] Level 1:colcon.colcon_core.package_discovery:discover_packages(cargo_workspace) discover
[0.490s] Level 1:colcon.colcon_core.package_discovery:discover_packages(cargo_workspace) using defaults
[0.504s] Level 1:colcon.colcon_core.package_discovery:discover_packages(prefix_path) check parameters
[0.504s] Level 1:colcon.colcon_core.package_discovery:discover_packages(prefix_path) discover
[0.507s] DEBUG:colcon.colcon_installed_package_information.package_discovery:Found 454 installed packages in /opt/ros/humble
[0.510s] Level 1:colcon.colcon_core.package_discovery:discover_packages(prefix_path) using defaults
[0.567s] Level 5:colcon.colcon_core.verb:set package 'lio_sam' build argument 'bazel_args' from command line to 'None'
[0.567s] Level 5:colcon.colcon_core.verb:set package 'lio_sam' build argument 'bazel_task' from command line to 'None'
[0.567s] Level 5:colcon.colcon_core.verb:set package 'lio_sam' build argument 'cargo_args' from command line to 'None'
[0.567s] Level 5:colcon.colcon_core.verb:set package 'lio_sam' build argument 'clean_build' from command line to 'False'
[0.567s] Level 5:colcon.colcon_core.verb:set package 'lio_sam' build argument 'cmake_args' from command line to 'None'
[0.567s] Level 5:colcon.colcon_core.verb:set package 'lio_sam' build argument 'cmake_target' from command line to 'None'
[0.567s] Level 5:colcon.colcon_core.verb:set package 'lio_sam' build argument 'cmake_target_skip_unavailable' from command line to 'False'
[0.567s] Level 5:colcon.colcon_core.verb:set package 'lio_sam' build argument 'cmake_clean_cache' from command line to 'False'
[0.567s] Level 5:colcon.colcon_core.verb:set package 'lio_sam' build argument 'cmake_clean_first' from command line to 'False'
[0.567s] Level 5:colcon.colcon_core.verb:set package 'lio_sam' build argument 'cmake_force_configure' from command line to 'False'
[0.567s] Level 5:colcon.colcon_core.verb:set package 'lio_sam' build argument 'meson_args' from command line to '[]'
[0.567s] Level 5:colcon.colcon_core.verb:set package 'lio_sam' build argument 'ament_cmake_args' from command line to 'None'
[0.567s] Level 5:colcon.colcon_core.verb:set package 'lio_sam' build argument 'catkin_cmake_args' from command line to 'None'
[0.567s] Level 5:colcon.colcon_core.verb:set package 'lio_sam' build argument 'catkin_skip_building_tests' from command line to 'False'
[0.567s] DEBUG:colcon.colcon_core.verb:Building package 'lio_sam' with the following arguments: {'ament_cmake_args': None, 'bazel_args': None, 'bazel_task': None, 'build_base': '/home/m/project/LIO-SAM/build/lio_sam', 'cargo_args': None, 'catkin_cmake_args': None, 'catkin_skip_building_tests': False, 'clean_build': False, 'cmake_args': None, 'cmake_clean_cache': False, 'cmake_clean_first': False, 'cmake_force_configure': False, 'cmake_target': None, 'cmake_target_skip_unavailable': False, 'install_base': '/home/m/project/LIO-SAM/install/lio_sam', 'merge_install': False, 'meson_args': [], 'path': '/home/m/project/LIO-SAM', 'symlink_install': False, 'test_result_base': None}
[0.568s] INFO:colcon.colcon_core.executor:Executing jobs using 'parallel' executor
[0.569s] DEBUG:colcon.colcon_parallel_executor.executor.parallel:run_until_complete
[0.569s] INFO:colcon.colcon_ros.task.ament_cmake.build:Building ROS package in '/home/m/project/LIO-SAM' with build type 'ament_cmake'
[0.569s] INFO:colcon.colcon_cmake.task.cmake.build:Building CMake package in '/home/m/project/LIO-SAM'
[0.571s] INFO:colcon.colcon_core.plugin_system:Skipping extension 'colcon_core.shell.bat': Not used on non-Windows systems
[0.572s] DEBUG:colcon.colcon_ros_domain_id_coordinator.shell.ros_domain_id:Allocated ROS_DOMAIN_ID=9 for '/home/m/project/LIO-SAM/build/lio_sam'
[0.572s] INFO:colcon.colcon_core.shell:Skip shell extension 'ros_domain_id' for command environment: 
[0.572s] INFO:colcon.colcon_core.shell:Skip shell extension 'powershell' for command environment: Not usable outside of PowerShell
[0.572s] DEBUG:colcon.colcon_core.shell:Skip shell extension 'dsv' for command environment
[0.586s] DEBUG:colcon.colcon_core.event_handler.log_command:Invoking command in '/home/m/project/LIO-SAM/build/lio_sam': CMAKE_PREFIX_PATH=/opt/ros/humble /usr/bin/cmake --build /home/m/project/LIO-SAM/build/lio_sam -- -j8 -l8
[66.657s] DEBUG:colcon.colcon_core.event_handler.log_command:Invoked command in '/home/m/project/LIO-SAM/build/lio_sam' returned '0': CMAKE_PREFIX_PATH=/opt/ros/humble /usr/bin/cmake --build /home/m/project/LIO-SAM/build/lio_sam -- -j8 -l8
[66.670s] DEBUG:colcon.colcon_core.event_handler.log_command:Invoking command in '/home/m/project/LIO-SAM/build/lio_sam': CMAKE_PREFIX_PATH=/opt/ros/humble /usr/bin/cmake --install /home/m/project/LIO-SAM/build/lio_sam
[66.749s] Level 1:colcon.colcon_core.environment:create_environment_scripts_only(lio_sam)
[66.750s] DEBUG:colcon.colcon_core.event_handler.log_command:Invoked command in '/home/m/project/LIO-SAM/build/lio_sam' returned '0': CMAKE_PREFIX_PATH=/opt/ros/humble /usr/bin/cmake --install /home/m/project/LIO-SAM/build/lio_sam
[66.751s] Level 1:colcon.colcon_core.environment:checking '/home/m/project/LIO-SAM/install/lio_sam' for CMake module files
[66.752s] Level 1:colcon.colcon_core.environment:checking '/home/m/project/LIO-SAM/install/lio_sam' for CMake config files
[66.753s] Level 1:colcon.colcon_core.shell:create_environment_hook('lio_sam', 'cmake_prefix_path')
[66.753s] INFO:colcon.colcon_core.shell:Creating environment hook '/home/m/project/LIO-SAM/install/lio_sam/share/lio_sam/hook/cmake_prefix_path.ps1'
[66.754s] INFO:colcon.colcon_core.shell:Creating environment descriptor '/home/m/project/LIO-SAM/install/lio_sam/share/lio_sam/hook/cmake_prefix_path.dsv'
[66.755s] INFO:colcon.colcon_core.shell:Creating environment hook '/home/m/project/LIO-SAM/install/lio_sam/share/lio_sam/hook/cmake_prefix_path.sh'
[66.755s] Level 1:colcon.colcon_core.environment:checking '/home/m/project/LIO-SAM/install/lio_sam/lib'
[66.756s] Level 1:colcon.colcon_core.shell:create_environment_hook('lio_sam', 'ld_library_path_lib')
[66.756s] INFO:colcon.colcon_core.shell:Creating environment hook '/home/m/project/LIO-SAM/install/lio_sam/share/lio_sam/hook/ld_library_path_lib.ps1'
[66.756s] INFO:colcon.colcon_core.shell:Creating environment descriptor '/home/m/project/LIO-SAM/install/lio_sam/share/lio_sam/hook/ld_library_path_lib.dsv'
[66.759s] INFO:colcon.colcon_core.shell:Creating environment hook '/home/m/project/LIO-SAM/install/lio_sam/share/lio_sam/hook/ld_library_path_lib.sh'
[66.759s] Level 1:colcon.colcon_core.environment:checking '/home/m/project/LIO-SAM/install/lio_sam/bin'
[66.759s] Level 1:colcon.colcon_core.environment:checking '/home/m/project/LIO-SAM/install/lio_sam/lib/pkgconfig/lio_sam.pc'
[66.759s] Level 1:colcon.colcon_core.environment:checking '/home/m/project/LIO-SAM/install/lio_sam/lib/python3.10/site-packages'
[66.760s] Level 1:colcon.colcon_core.environment:checking '/home/m/project/LIO-SAM/install/lio_sam/bin'
[66.760s] INFO:colcon.colcon_core.shell:Creating package script '/home/m/project/LIO-SAM/install/lio_sam/share/lio_sam/package.ps1'
[66.761s] INFO:colcon.colcon_core.shell:Creating package descriptor '/home/m/project/LIO-SAM/install/lio_sam/share/lio_sam/package.dsv'
[66.762s] INFO:colcon.colcon_core.shell:Creating package script '/home/m/project/LIO-SAM/install/lio_sam/share/lio_sam/package.sh'
[66.763s] INFO:colcon.colcon_core.shell:Creating package script '/home/m/project/LIO-SAM/install/lio_sam/share/lio_sam/package.bash'
[66.764s] INFO:colcon.colcon_core.shell:Creating package script '/home/m/project/LIO-SAM/install/lio_sam/share/lio_sam/package.zsh'
[66.764s] Level 1:colcon.colcon_core.environment:create_file_with_runtime_dependencies(/home/m/project/LIO-SAM/install/lio_sam/share/colcon-core/packages/lio_sam)
[66.765s] Level 1:colcon.colcon_core.environment:create_environment_scripts_only(lio_sam)
[66.765s] Level 1:colcon.colcon_core.environment:checking '/home/m/project/LIO-SAM/install/lio_sam' for CMake module files
[66.766s] Level 1:colcon.colcon_core.environment:checking '/home/m/project/LIO-SAM/install/lio_sam' for CMake config files
[66.766s] Level 1:colcon.colcon_core.shell:create_environment_hook('lio_sam', 'cmake_prefix_path')
[66.767s] INFO:colcon.colcon_core.shell:Creating environment hook '/home/m/project/LIO-SAM/install/lio_sam/share/lio_sam/hook/cmake_prefix_path.ps1'
[66.767s] INFO:colcon.colcon_core.shell:Creating environment descriptor '/home/m/project/LIO-SAM/install/lio_sam/share/lio_sam/hook/cmake_prefix_path.dsv'
[66.768s] INFO:colcon.colcon_core.shell:Creating environment hook '/home/m/project/LIO-SAM/install/lio_sam/share/lio_sam/hook/cmake_prefix_path.sh'
[66.768s] Level 1:colcon.colcon_core.environment:checking '/home/m/project/LIO-SAM/install/lio_sam/lib'
[66.768s] Level 1:colcon.colcon_core.shell:create_environment_hook('lio_sam', 'ld_library_path_lib')
[66.769s] INFO:colcon.colcon_core.shell:Creating environment hook '/home/m/project/LIO-SAM/install/lio_sam/share/lio_sam/hook/ld_library_path_lib.ps1'
[66.769s] INFO:colcon.colcon_core.shell:Creating environment descriptor '/home/m/project/LIO-SAM/install/lio_sam/share/lio_sam/hook/ld_library_path_lib.dsv'
[66.770s] INFO:colcon.colcon_core.shell:Creating environment hook '/home/m/project/LIO-SAM/install/lio_sam/share/lio_sam/hook/ld_library_path_lib.sh'
[66.770s] Level 1:colcon.colcon_core.environment:checking '/home/m/project/LIO-SAM/install/lio_sam/bin'
[66.770s] Level 1:colcon.colcon_core.environment:checking '/home/m/project/LIO-SAM/install/lio_sam/lib/pkgconfig/lio_sam.pc'
[66.771s] Level 1:colcon.colcon_core.environment:checking '/home/m/project/LIO-SAM/install/lio_sam/lib/python3.10/site-packages'
[66.771s] Level 1:colcon.colcon_core.environment:checking '/home/m/project/LIO-SAM/install/lio_sam/bin'
[66.771s] INFO:colcon.colcon_core.shell:Creating package script '/home/m/project/LIO-SAM/install/lio_sam/share/lio_sam/package.ps1'
[66.772s] INFO:colcon.colcon_core.shell:Creating package descriptor '/home/m/project/LIO-SAM/install/lio_sam/share/lio_sam/package.dsv'
[66.773s] INFO:colcon.colcon_core.shell:Creating package script '/home/m/project/LIO-SAM/install/lio_sam/share/lio_sam/package.sh'
[66.773s] INFO:colcon.colcon_core.shell:Creating package script '/home/m/project/LIO-SAM/install/lio_sam/share/lio_sam/package.bash'
[66.774s] INFO:colcon.colcon_core.shell:Creating package script '/home/m/project/LIO-SAM/install/lio_sam/share/lio_sam/package.zsh'
[66.774s] Level 1:colcon.colcon_core.environment:create_file_with_runtime_dependencies(/home/m/project/LIO-SAM/install/lio_sam/share/colcon-core/packages/lio_sam)
[66.775s] DEBUG:colcon.colcon_parallel_executor.executor.parallel:closing loop
[66.775s] DEBUG:colcon.colcon_parallel_executor.executor.parallel:loop closed
[66.775s] DEBUG:colcon.colcon_ros_domain_id_coordinator.shell.ros_domain_id:Released ROS_DOMAIN_ID=9 for '/home/m/project/LIO-SAM/build/lio_sam'
[66.775s] DEBUG:colcon.colcon_parallel_executor.executor.parallel:run_until_complete finished with '0'
[66.776s] DEBUG:colcon.colcon_core.event_reactor:joining thread
[66.781s] INFO:colcon.colcon_core.plugin_system:Skipping extension 'colcon_notification.desktop_notification.terminal_notifier': Not used on non-Darwin systems
[66.781s] INFO:colcon.colcon_core.plugin_system:Skipping extension 'colcon_notification.desktop_notification.win32': Not used on non-Windows systems
[66.782s] INFO:colcon.colcon_notification.desktop_notification:Sending desktop notification using 'notify2'
[66.794s] DEBUG:colcon.colcon_core.event_reactor:joined thread
[66.795s] INFO:colcon.colcon_core.shell:Creating prefix script '/home/m/project/LIO-SAM/install/local_setup.ps1'
[66.796s] INFO:colcon.colcon_core.shell:Creating prefix util module '/home/m/project/LIO-SAM/install/_local_setup_util_ps1.py'
[66.797s] INFO:colcon.colcon_core.shell:Creating prefix chain script '/home/m/project/LIO-SAM/install/setup.ps1'
[66.798s] INFO:colcon.colcon_core.shell:Creating prefix script '/home/m/project/LIO-SAM/install/local_setup.sh'
[66.799s] INFO:colcon.colcon_core.shell:Creating prefix util module '/home/m/project/LIO-SAM/install/_local_setup_util_sh.py'
[66.799s] INFO:colcon.colcon_core.shell:Creating prefix chain script '/home/m/project/LIO-SAM/install/setup.sh'
[66.800s] INFO:colcon.colcon_core.shell:Creating prefix script '/home/m/project/LIO-SAM/install/local_setup.bash'
[66.802s] INFO:colcon.colcon_core.shell:Creating prefix chain script '/home/m/project/LIO-SAM/install/setup.bash'
[66.803s] INFO:colcon.colcon_core.shell:Creating prefix script '/home/m/project/LIO-SAM/install/local_setup.zsh'
[66.804s] INFO:colcon.colcon_core.shell:Creating prefix chain script '/home/m/project/LIO-SAM/install/setup.zsh'
[66.804s] INFO:colcon.colcon_core.shell:Creating '/home/m/project/LIO-SAM/install/spawn_shell.bash'
