[0.016s] Invoking command in '/home/m/project/LIO-SAM/build/lio_sam': CMAKE_PREFIX_PATH=/opt/ros/humble /usr/bin/cmake --build /home/m/project/LIO-SAM/build/lio_sam -- -j8 -l8
[0.084s] [  2%] Built target lio_sam__cpp
[0.085s] [ 10%] Built target lio_sam__rosidl_generator_c
[0.085s] [ 12%] Built target lio_sam__rs
[0.098s] [ 12%] Built target ament_cmake_python_copy_lio_sam
[0.113s] [ 22%] Built target lio_sam__rosidl_typesupport_fastrtps_cpp
[0.113s] [ 29%] Built target lio_sam__rosidl_typesupport_introspection_cpp
[0.116s] [ 47%] Built target lio_sam__rosidl_typesupport_cpp
[0.116s] [ 54%] Built target lio_sam__rosidl_typesupport_c
[0.116s] [ 47%] Built target lio_sam__rosidl_typesupport_introspection_c
[0.119s] [ 62%] Built target lio_sam__rosidl_typesupport_fastrtps_c
[0.155s] [ 62%] Built target lio_sam
[0.155s] [35m[1mConsolidate compiler generated dependencies of target lio_sam_mapOptimization[0m
[0.168s] [ 66%] Built target lio_sam_featureExtraction
[0.176s] [ 68%] Built target lio_sam__py
[0.183s] [ 72%] Built target lio_sam_imageProjection
[0.192s] [ 77%] Built target lio_sam_imuPreintegration
[0.207s] [ 83%] Built target lio_sam__rosidl_generator_py
[0.221s] [ 85%] [32mBuilding CXX object CMakeFiles/lio_sam_mapOptimization.dir/src/mapOptmization.cpp.o[0m
[0.241s] [ 89%] Built target lio_sam__rosidl_typesupport_introspection_c__pyext
[0.253s] [ 93%] Built target lio_sam__rosidl_typesupport_fastrtps_c__pyext
[0.258s] [ 97%] Built target lio_sam__rosidl_typesupport_c__pyext
[0.418s] running egg_info
[0.420s] writing lio_sam.egg-info/PKG-INFO
[0.420s] writing dependency_links to lio_sam.egg-info/dependency_links.txt
[0.420s] writing top-level names to lio_sam.egg-info/top_level.txt
[0.423s] reading manifest file 'lio_sam.egg-info/SOURCES.txt'
[0.423s] writing manifest file 'lio_sam.egg-info/SOURCES.txt'
[0.464s] [ 97%] Built target ament_cmake_python_build_lio_sam_egg
[64.617s] [100%] [32m[1mLinking CXX executable lio_sam_mapOptimization[0m
[65.785s] /usr/bin/ld: warning: libtbb.so.2, needed by /usr/lib/x86_64-linux-gnu/libopencv_core.so.4.5.4d, may conflict with libtbb.so.12
[66.073s] [100%] Built target lio_sam_mapOptimization
[66.087s] Invoked command in '/home/m/project/LIO-SAM/build/lio_sam' returned '0': CMAKE_PREFIX_PATH=/opt/ros/humble /usr/bin/cmake --build /home/m/project/LIO-SAM/build/lio_sam -- -j8 -l8
[66.100s] Invoking command in '/home/m/project/LIO-SAM/build/lio_sam': CMAKE_PREFIX_PATH=/opt/ros/humble /usr/bin/cmake --install /home/m/project/LIO-SAM/build/lio_sam
[66.109s] -- Install configuration: "Release"
[66.111s] -- Up-to-date: /home/m/project/LIO-SAM/install/lio_sam/share/ament_index/resource_index/rosidl_interfaces/lio_sam
[66.111s] -- Up-to-date: /home/m/project/LIO-SAM/install/lio_sam/include/lio_sam/lio_sam
[66.111s] -- Up-to-date: /home/m/project/LIO-SAM/install/lio_sam/include/lio_sam/lio_sam/msg
[66.111s] -- Up-to-date: /home/m/project/LIO-SAM/install/lio_sam/include/lio_sam/lio_sam/msg/detail
[66.111s] -- Up-to-date: /home/m/project/LIO-SAM/install/lio_sam/include/lio_sam/lio_sam/msg/detail/cloud_info__functions.c
[66.111s] -- Up-to-date: /home/m/project/LIO-SAM/install/lio_sam/include/lio_sam/lio_sam/msg/detail/cloud_info__functions.h
[66.111s] -- Up-to-date: /home/m/project/LIO-SAM/install/lio_sam/include/lio_sam/lio_sam/msg/detail/cloud_info__type_support.h
[66.111s] -- Up-to-date: /home/m/project/LIO-SAM/install/lio_sam/include/lio_sam/lio_sam/msg/detail/cloud_info__struct.h
[66.111s] -- Up-to-date: /home/m/project/LIO-SAM/install/lio_sam/include/lio_sam/lio_sam/msg/cloud_info.h
[66.111s] -- Up-to-date: /home/m/project/LIO-SAM/install/lio_sam/include/lio_sam/lio_sam/msg/rosidl_generator_c__visibility_control.h
[66.112s] -- Up-to-date: /home/m/project/LIO-SAM/install/lio_sam/include/lio_sam/lio_sam/srv
[66.112s] -- Up-to-date: /home/m/project/LIO-SAM/install/lio_sam/include/lio_sam/lio_sam/srv/save_map.h
[66.112s] -- Up-to-date: /home/m/project/LIO-SAM/install/lio_sam/include/lio_sam/lio_sam/srv/detail
[66.112s] -- Up-to-date: /home/m/project/LIO-SAM/install/lio_sam/include/lio_sam/lio_sam/srv/detail/save_map__type_support.h
[66.112s] -- Up-to-date: /home/m/project/LIO-SAM/install/lio_sam/include/lio_sam/lio_sam/srv/detail/save_map__functions.h
[66.112s] -- Up-to-date: /home/m/project/LIO-SAM/install/lio_sam/include/lio_sam/lio_sam/srv/detail/save_map__functions.c
[66.112s] -- Up-to-date: /home/m/project/LIO-SAM/install/lio_sam/include/lio_sam/lio_sam/srv/detail/save_map__struct.h
[66.112s] -- Up-to-date: /home/m/project/LIO-SAM/install/lio_sam/share/lio_sam/environment/library_path.sh
[66.112s] -- Up-to-date: /home/m/project/LIO-SAM/install/lio_sam/share/lio_sam/environment/library_path.dsv
[66.113s] -- Up-to-date: /home/m/project/LIO-SAM/install/lio_sam/lib/liblio_sam__rosidl_generator_c.so
[66.113s] -- Up-to-date: /home/m/project/LIO-SAM/install/lio_sam/include/lio_sam/lio_sam
[66.113s] -- Up-to-date: /home/m/project/LIO-SAM/install/lio_sam/include/lio_sam/lio_sam/msg
[66.113s] -- Up-to-date: /home/m/project/LIO-SAM/install/lio_sam/include/lio_sam/lio_sam/msg/detail
[66.113s] -- Up-to-date: /home/m/project/LIO-SAM/install/lio_sam/include/lio_sam/lio_sam/msg/detail/cloud_info__rosidl_typesupport_fastrtps_c.h
[66.113s] -- Up-to-date: /home/m/project/LIO-SAM/install/lio_sam/include/lio_sam/lio_sam/msg/rosidl_typesupport_fastrtps_c__visibility_control.h
[66.113s] -- Up-to-date: /home/m/project/LIO-SAM/install/lio_sam/include/lio_sam/lio_sam/srv
[66.113s] -- Up-to-date: /home/m/project/LIO-SAM/install/lio_sam/include/lio_sam/lio_sam/srv/detail
[66.113s] -- Up-to-date: /home/m/project/LIO-SAM/install/lio_sam/include/lio_sam/lio_sam/srv/detail/save_map__rosidl_typesupport_fastrtps_c.h
[66.115s] -- Up-to-date: /home/m/project/LIO-SAM/install/lio_sam/lib/liblio_sam__rosidl_typesupport_fastrtps_c.so
[66.115s] -- Up-to-date: /home/m/project/LIO-SAM/install/lio_sam/include/lio_sam/lio_sam
[66.116s] -- Up-to-date: /home/m/project/LIO-SAM/install/lio_sam/include/lio_sam/lio_sam/msg
[66.116s] -- Up-to-date: /home/m/project/LIO-SAM/install/lio_sam/include/lio_sam/lio_sam/msg/detail
[66.116s] -- Up-to-date: /home/m/project/LIO-SAM/install/lio_sam/include/lio_sam/lio_sam/msg/detail/cloud_info__type_support.c
[66.117s] -- Up-to-date: /home/m/project/LIO-SAM/install/lio_sam/include/lio_sam/lio_sam/msg/detail/cloud_info__rosidl_typesupport_introspection_c.h
[66.117s] -- Up-to-date: /home/m/project/LIO-SAM/install/lio_sam/include/lio_sam/lio_sam/msg/rosidl_typesupport_introspection_c__visibility_control.h
[66.117s] -- Up-to-date: /home/m/project/LIO-SAM/install/lio_sam/include/lio_sam/lio_sam/srv
[66.117s] -- Up-to-date: /home/m/project/LIO-SAM/install/lio_sam/include/lio_sam/lio_sam/srv/detail
[66.117s] -- Up-to-date: /home/m/project/LIO-SAM/install/lio_sam/include/lio_sam/lio_sam/srv/detail/save_map__rosidl_typesupport_introspection_c.h
[66.117s] -- Up-to-date: /home/m/project/LIO-SAM/install/lio_sam/include/lio_sam/lio_sam/srv/detail/save_map__type_support.c
[66.117s] -- Up-to-date: /home/m/project/LIO-SAM/install/lio_sam/lib/liblio_sam__rosidl_typesupport_introspection_c.so
[66.118s] -- Up-to-date: /home/m/project/LIO-SAM/install/lio_sam/lib/liblio_sam__rosidl_typesupport_c.so
[66.118s] -- Up-to-date: /home/m/project/LIO-SAM/install/lio_sam/include/lio_sam/lio_sam
[66.118s] -- Up-to-date: /home/m/project/LIO-SAM/install/lio_sam/include/lio_sam/lio_sam/msg
[66.118s] -- Up-to-date: /home/m/project/LIO-SAM/install/lio_sam/include/lio_sam/lio_sam/msg/detail
[66.118s] -- Up-to-date: /home/m/project/LIO-SAM/install/lio_sam/include/lio_sam/lio_sam/msg/detail/cloud_info__struct.hpp
[66.118s] -- Up-to-date: /home/m/project/LIO-SAM/install/lio_sam/include/lio_sam/lio_sam/msg/detail/cloud_info__traits.hpp
[66.118s] -- Up-to-date: /home/m/project/LIO-SAM/install/lio_sam/include/lio_sam/lio_sam/msg/detail/cloud_info__builder.hpp
[66.118s] -- Up-to-date: /home/m/project/LIO-SAM/install/lio_sam/include/lio_sam/lio_sam/msg/detail/cloud_info__type_support.hpp
[66.119s] -- Up-to-date: /home/m/project/LIO-SAM/install/lio_sam/include/lio_sam/lio_sam/msg/rosidl_generator_cpp__visibility_control.hpp
[66.119s] -- Up-to-date: /home/m/project/LIO-SAM/install/lio_sam/include/lio_sam/lio_sam/msg/cloud_info.hpp
[66.119s] -- Up-to-date: /home/m/project/LIO-SAM/install/lio_sam/include/lio_sam/lio_sam/srv
[66.119s] -- Up-to-date: /home/m/project/LIO-SAM/install/lio_sam/include/lio_sam/lio_sam/srv/detail
[66.119s] -- Up-to-date: /home/m/project/LIO-SAM/install/lio_sam/include/lio_sam/lio_sam/srv/detail/save_map__type_support.hpp
[66.119s] -- Up-to-date: /home/m/project/LIO-SAM/install/lio_sam/include/lio_sam/lio_sam/srv/detail/save_map__builder.hpp
[66.119s] -- Up-to-date: /home/m/project/LIO-SAM/install/lio_sam/include/lio_sam/lio_sam/srv/detail/save_map__struct.hpp
[66.119s] -- Up-to-date: /home/m/project/LIO-SAM/install/lio_sam/include/lio_sam/lio_sam/srv/detail/save_map__traits.hpp
[66.119s] -- Up-to-date: /home/m/project/LIO-SAM/install/lio_sam/include/lio_sam/lio_sam/srv/save_map.hpp
[66.120s] -- Up-to-date: /home/m/project/LIO-SAM/install/lio_sam/include/lio_sam/lio_sam
[66.120s] -- Up-to-date: /home/m/project/LIO-SAM/install/lio_sam/include/lio_sam/lio_sam/msg
[66.120s] -- Up-to-date: /home/m/project/LIO-SAM/install/lio_sam/include/lio_sam/lio_sam/msg/detail
[66.120s] -- Up-to-date: /home/m/project/LIO-SAM/install/lio_sam/include/lio_sam/lio_sam/msg/detail/dds_fastrtps
[66.120s] -- Up-to-date: /home/m/project/LIO-SAM/install/lio_sam/include/lio_sam/lio_sam/msg/detail/cloud_info__rosidl_typesupport_fastrtps_cpp.hpp
[66.120s] -- Up-to-date: /home/m/project/LIO-SAM/install/lio_sam/include/lio_sam/lio_sam/msg/rosidl_typesupport_fastrtps_cpp__visibility_control.h
[66.120s] -- Up-to-date: /home/m/project/LIO-SAM/install/lio_sam/include/lio_sam/lio_sam/srv
[66.120s] -- Up-to-date: /home/m/project/LIO-SAM/install/lio_sam/include/lio_sam/lio_sam/srv/detail
[66.120s] -- Up-to-date: /home/m/project/LIO-SAM/install/lio_sam/include/lio_sam/lio_sam/srv/detail/dds_fastrtps
[66.120s] -- Up-to-date: /home/m/project/LIO-SAM/install/lio_sam/include/lio_sam/lio_sam/srv/detail/save_map__rosidl_typesupport_fastrtps_cpp.hpp
[66.120s] -- Up-to-date: /home/m/project/LIO-SAM/install/lio_sam/lib/liblio_sam__rosidl_typesupport_fastrtps_cpp.so
[66.120s] -- Up-to-date: /home/m/project/LIO-SAM/install/lio_sam/include/lio_sam/lio_sam
[66.120s] -- Up-to-date: /home/m/project/LIO-SAM/install/lio_sam/include/lio_sam/lio_sam/msg
[66.120s] -- Up-to-date: /home/m/project/LIO-SAM/install/lio_sam/include/lio_sam/lio_sam/msg/detail
[66.120s] -- Up-to-date: /home/m/project/LIO-SAM/install/lio_sam/include/lio_sam/lio_sam/msg/detail/cloud_info__type_support.cpp
[66.120s] -- Up-to-date: /home/m/project/LIO-SAM/install/lio_sam/include/lio_sam/lio_sam/msg/detail/cloud_info__rosidl_typesupport_introspection_cpp.hpp
[66.120s] -- Up-to-date: /home/m/project/LIO-SAM/install/lio_sam/include/lio_sam/lio_sam/srv
[66.120s] -- Up-to-date: /home/m/project/LIO-SAM/install/lio_sam/include/lio_sam/lio_sam/srv/detail
[66.120s] -- Up-to-date: /home/m/project/LIO-SAM/install/lio_sam/include/lio_sam/lio_sam/srv/detail/save_map__rosidl_typesupport_introspection_cpp.hpp
[66.120s] -- Up-to-date: /home/m/project/LIO-SAM/install/lio_sam/include/lio_sam/lio_sam/srv/detail/save_map__type_support.cpp
[66.121s] -- Up-to-date: /home/m/project/LIO-SAM/install/lio_sam/lib/liblio_sam__rosidl_typesupport_introspection_cpp.so
[66.121s] -- Up-to-date: /home/m/project/LIO-SAM/install/lio_sam/lib/liblio_sam__rosidl_typesupport_cpp.so
[66.121s] -- Up-to-date: /home/m/project/LIO-SAM/install/lio_sam/share/lio_sam/environment/pythonpath.sh
[66.121s] -- Up-to-date: /home/m/project/LIO-SAM/install/lio_sam/share/lio_sam/environment/pythonpath.dsv
[66.121s] -- Up-to-date: /home/m/project/LIO-SAM/install/lio_sam/local/lib/python3.10/dist-packages/lio_sam-1.0.0-py3.10.egg-info
[66.121s] -- Installing: /home/m/project/LIO-SAM/install/lio_sam/local/lib/python3.10/dist-packages/lio_sam-1.0.0-py3.10.egg-info/PKG-INFO
[66.121s] -- Installing: /home/m/project/LIO-SAM/install/lio_sam/local/lib/python3.10/dist-packages/lio_sam-1.0.0-py3.10.egg-info/SOURCES.txt
[66.121s] -- Installing: /home/m/project/LIO-SAM/install/lio_sam/local/lib/python3.10/dist-packages/lio_sam-1.0.0-py3.10.egg-info/top_level.txt
[66.121s] -- Installing: /home/m/project/LIO-SAM/install/lio_sam/local/lib/python3.10/dist-packages/lio_sam-1.0.0-py3.10.egg-info/dependency_links.txt
[66.121s] -- Up-to-date: /home/m/project/LIO-SAM/install/lio_sam/local/lib/python3.10/dist-packages/lio_sam
[66.121s] -- Up-to-date: /home/m/project/LIO-SAM/install/lio_sam/local/lib/python3.10/dist-packages/lio_sam/liblio_sam__rosidl_generator_py.so
[66.121s] -- Up-to-date: /home/m/project/LIO-SAM/install/lio_sam/local/lib/python3.10/dist-packages/lio_sam/lio_sam_s__rosidl_typesupport_c.cpython-310-x86_64-linux-gnu.so
[66.121s] -- Up-to-date: /home/m/project/LIO-SAM/install/lio_sam/local/lib/python3.10/dist-packages/lio_sam/lio_sam_s__rosidl_typesupport_introspection_c.cpython-310-x86_64-linux-gnu.so
[66.121s] -- Up-to-date: /home/m/project/LIO-SAM/install/lio_sam/local/lib/python3.10/dist-packages/lio_sam/_lio_sam_s.ep.rosidl_typesupport_fastrtps_c.c
[66.121s] -- Up-to-date: /home/m/project/LIO-SAM/install/lio_sam/local/lib/python3.10/dist-packages/lio_sam/_lio_sam_s.ep.rosidl_typesupport_introspection_c.c
[66.121s] -- Up-to-date: /home/m/project/LIO-SAM/install/lio_sam/local/lib/python3.10/dist-packages/lio_sam/__init__.py
[66.121s] -- Up-to-date: /home/m/project/LIO-SAM/install/lio_sam/local/lib/python3.10/dist-packages/lio_sam/_lio_sam_s.ep.rosidl_typesupport_c.c
[66.121s] -- Up-to-date: /home/m/project/LIO-SAM/install/lio_sam/local/lib/python3.10/dist-packages/lio_sam/lio_sam_s__rosidl_typesupport_fastrtps_c.cpython-310-x86_64-linux-gnu.so
[66.121s] -- Up-to-date: /home/m/project/LIO-SAM/install/lio_sam/local/lib/python3.10/dist-packages/lio_sam/msg
[66.121s] -- Up-to-date: /home/m/project/LIO-SAM/install/lio_sam/local/lib/python3.10/dist-packages/lio_sam/msg/_cloud_info.py
[66.121s] -- Up-to-date: /home/m/project/LIO-SAM/install/lio_sam/local/lib/python3.10/dist-packages/lio_sam/msg/_cloud_info_s.c
[66.122s] -- Up-to-date: /home/m/project/LIO-SAM/install/lio_sam/local/lib/python3.10/dist-packages/lio_sam/msg/__init__.py
[66.122s] -- Up-to-date: /home/m/project/LIO-SAM/install/lio_sam/local/lib/python3.10/dist-packages/lio_sam/srv
[66.122s] -- Up-to-date: /home/m/project/LIO-SAM/install/lio_sam/local/lib/python3.10/dist-packages/lio_sam/srv/_save_map_s.c
[66.122s] -- Up-to-date: /home/m/project/LIO-SAM/install/lio_sam/local/lib/python3.10/dist-packages/lio_sam/srv/__init__.py
[66.122s] -- Up-to-date: /home/m/project/LIO-SAM/install/lio_sam/local/lib/python3.10/dist-packages/lio_sam/srv/_save_map.py
[66.151s] Listing '/home/m/project/LIO-SAM/install/lio_sam/local/lib/python3.10/dist-packages/lio_sam'...
[66.151s] Listing '/home/m/project/LIO-SAM/install/lio_sam/local/lib/python3.10/dist-packages/lio_sam/msg'...
[66.151s] Listing '/home/m/project/LIO-SAM/install/lio_sam/local/lib/python3.10/dist-packages/lio_sam/srv'...
[66.156s] -- Up-to-date: /home/m/project/LIO-SAM/install/lio_sam/local/lib/python3.10/dist-packages/lio_sam/lio_sam_s__rosidl_typesupport_fastrtps_c.cpython-310-x86_64-linux-gnu.so
[66.156s] -- Up-to-date: /home/m/project/LIO-SAM/install/lio_sam/local/lib/python3.10/dist-packages/lio_sam/lio_sam_s__rosidl_typesupport_introspection_c.cpython-310-x86_64-linux-gnu.so
[66.157s] -- Up-to-date: /home/m/project/LIO-SAM/install/lio_sam/local/lib/python3.10/dist-packages/lio_sam/lio_sam_s__rosidl_typesupport_c.cpython-310-x86_64-linux-gnu.so
[66.157s] -- Up-to-date: /home/m/project/LIO-SAM/install/lio_sam/lib/liblio_sam__rosidl_generator_py.so
[66.157s] -- Up-to-date: /home/m/project/LIO-SAM/install/lio_sam/share/ament_index/resource_index/rust_packages/lio_sam
[66.157s] -- Up-to-date: /home/m/project/LIO-SAM/install/lio_sam/share/lio_sam/rust
[66.157s] -- Up-to-date: /home/m/project/LIO-SAM/install/lio_sam/share/lio_sam/rust/Cargo.toml
[66.158s] -- Up-to-date: /home/m/project/LIO-SAM/install/lio_sam/share/lio_sam/rust/build.rs
[66.158s] -- Up-to-date: /home/m/project/LIO-SAM/install/lio_sam/share/lio_sam/rust/src
[66.158s] -- Up-to-date: /home/m/project/LIO-SAM/install/lio_sam/share/lio_sam/rust/src/srv.rs
[66.158s] -- Up-to-date: /home/m/project/LIO-SAM/install/lio_sam/share/lio_sam/rust/src/lib.rs
[66.158s] -- Up-to-date: /home/m/project/LIO-SAM/install/lio_sam/share/lio_sam/rust/src/msg.rs
[66.158s] -- Up-to-date: /home/m/project/LIO-SAM/install/lio_sam/share/lio_sam/rust/src/msg
[66.158s] -- Up-to-date: /home/m/project/LIO-SAM/install/lio_sam/share/lio_sam/rust/src/msg/rmw.rs
[66.158s] -- Up-to-date: /home/m/project/LIO-SAM/install/lio_sam/share/lio_sam/rust/src/srv
[66.158s] -- Up-to-date: /home/m/project/LIO-SAM/install/lio_sam/share/lio_sam/rust/src/srv/rmw.rs
[66.158s] -- Up-to-date: /home/m/project/LIO-SAM/install/lio_sam/share/lio_sam/msg/CloudInfo.idl
[66.159s] -- Up-to-date: /home/m/project/LIO-SAM/install/lio_sam/share/lio_sam/srv/SaveMap.idl
[66.159s] -- Up-to-date: /home/m/project/LIO-SAM/install/lio_sam/share/lio_sam/msg/CloudInfo.msg
[66.159s] -- Up-to-date: /home/m/project/LIO-SAM/install/lio_sam/share/lio_sam/srv/SaveMap.srv
[66.159s] -- Up-to-date: /home/m/project/LIO-SAM/install/lio_sam/share/lio_sam/srv/SaveMap_Request.msg
[66.159s] -- Up-to-date: /home/m/project/LIO-SAM/install/lio_sam/share/lio_sam/srv/SaveMap_Response.msg
[66.159s] -- Up-to-date: /home/m/project/LIO-SAM/install/lio_sam/share/lio_sam//launch
[66.159s] -- Up-to-date: /home/m/project/LIO-SAM/install/lio_sam/share/lio_sam//launch/run.launch.py
[66.159s] -- Up-to-date: /home/m/project/LIO-SAM/install/lio_sam/share/lio_sam//config
[66.160s] -- Up-to-date: /home/m/project/LIO-SAM/install/lio_sam/share/lio_sam//config/rviz2.rviz
[66.160s] -- Up-to-date: /home/m/project/LIO-SAM/install/lio_sam/share/lio_sam//config/robot.urdf.xacro
[66.160s] -- Up-to-date: /home/m/project/LIO-SAM/install/lio_sam/share/lio_sam//config/params.yaml
[66.160s] -- Up-to-date: /home/m/project/LIO-SAM/install/lio_sam/share/lio_sam//config/corridor01_params.yaml
[66.160s] -- Up-to-date: /home/m/project/LIO-SAM/install/lio_sam/share/lio_sam//config/cmu_liosam.yaml
[66.160s] -- Up-to-date: /home/m/project/LIO-SAM/install/lio_sam/share/lio_sam//config/1.yaml
[66.160s] -- Up-to-date: /home/m/project/LIO-SAM/install/lio_sam/share/lio_sam//config/default_vbr.yaml
[66.160s] -- Up-to-date: /home/m/project/LIO-SAM/install/lio_sam/share/lio_sam//config/test.cpp
[66.160s] -- Up-to-date: /home/m/project/LIO-SAM/install/lio_sam/share/lio_sam//config/cmu.yaml
[66.160s] -- Up-to-date: /home/m/project/LIO-SAM/install/lio_sam/share/lio_sam//config/corridor01_params_shifted.yaml
[66.160s] -- Up-to-date: /home/m/project/LIO-SAM/install/lio_sam/share/lio_sam//config/doc
[66.160s] -- Up-to-date: /home/m/project/LIO-SAM/install/lio_sam/share/lio_sam//config/doc/system.png
[66.160s] -- Up-to-date: /home/m/project/LIO-SAM/install/lio_sam/share/lio_sam//config/doc/device-hand-2.png
[66.160s] -- Up-to-date: /home/m/project/LIO-SAM/install/lio_sam/share/lio_sam//config/doc/kitti2bag
[66.160s] -- Up-to-date: /home/m/project/LIO-SAM/install/lio_sam/share/lio_sam//config/doc/kitti2bag/kitti2bag.py
[66.160s] -- Up-to-date: /home/m/project/LIO-SAM/install/lio_sam/share/lio_sam//config/doc/kitti2bag/README.md
[66.160s] -- Up-to-date: /home/m/project/LIO-SAM/install/lio_sam/share/lio_sam//config/doc/loop-closure-2.gif
[66.161s] -- Up-to-date: /home/m/project/LIO-SAM/install/lio_sam/share/lio_sam//config/doc/loop-closure.gif
[66.161s] -- Up-to-date: /home/m/project/LIO-SAM/install/lio_sam/share/lio_sam//config/doc/imu-transform.png
[66.161s] -- Up-to-date: /home/m/project/LIO-SAM/install/lio_sam/share/lio_sam//config/doc/ouster-device.jpg
[66.161s] -- Up-to-date: /home/m/project/LIO-SAM/install/lio_sam/share/lio_sam//config/doc/imu-debug.gif
[66.161s] -- Up-to-date: /home/m/project/LIO-SAM/install/lio_sam/share/lio_sam//config/doc/kitti-map.png
[66.161s] -- Up-to-date: /home/m/project/LIO-SAM/install/lio_sam/share/lio_sam//config/doc/device-hand.png
[66.161s] -- Up-to-date: /home/m/project/LIO-SAM/install/lio_sam/share/lio_sam//config/doc/demo.gif
[66.161s] -- Up-to-date: /home/m/project/LIO-SAM/install/lio_sam/share/lio_sam//config/doc/kitti-demo.gif
[66.161s] -- Up-to-date: /home/m/project/LIO-SAM/install/lio_sam/share/lio_sam//config/doc/device-jackal.png
[66.161s] -- Up-to-date: /home/m/project/LIO-SAM/install/lio_sam/share/lio_sam//config/doc/ouster-demo.gif
[66.161s] -- Up-to-date: /home/m/project/LIO-SAM/install/lio_sam/share/lio_sam//config/doc/paper.pdf
[66.161s] -- Up-to-date: /home/m/project/LIO-SAM/install/lio_sam/share/lio_sam//config/doc/device-boat.png
[66.161s] -- Up-to-date: /home/m/project/LIO-SAM/install/lio_sam/share/lio_sam//config/doc/gps-demo.gif
[66.161s] -- Up-to-date: /home/m/project/LIO-SAM/install/lio_sam/lib/lio_sam/lio_sam_imageProjection
[66.163s] -- Up-to-date: /home/m/project/LIO-SAM/install/lio_sam/lib/lio_sam/lio_sam_imuPreintegration
[66.165s] -- Up-to-date: /home/m/project/LIO-SAM/install/lio_sam/lib/lio_sam/lio_sam_featureExtraction
[66.166s] -- Installing: /home/m/project/LIO-SAM/install/lio_sam/lib/lio_sam/lio_sam_mapOptimization
[66.171s] -- Set runtime path of "/home/m/project/LIO-SAM/install/lio_sam/lib/lio_sam/lio_sam_mapOptimization" to ""
[66.171s] -- Up-to-date: /home/m/project/LIO-SAM/install/lio_sam/include
[66.171s] -- Up-to-date: /home/m/project/LIO-SAM/install/lio_sam/include/lio_sam
[66.171s] -- Up-to-date: /home/m/project/LIO-SAM/install/lio_sam/include/lio_sam/utility.hpp
[66.171s] -- Up-to-date: /home/m/project/LIO-SAM/install/lio_sam/share/ament_index/resource_index/package_run_dependencies/lio_sam
[66.171s] -- Up-to-date: /home/m/project/LIO-SAM/install/lio_sam/share/ament_index/resource_index/parent_prefix_path/lio_sam
[66.172s] -- Up-to-date: /home/m/project/LIO-SAM/install/lio_sam/share/lio_sam/environment/ament_prefix_path.sh
[66.172s] -- Up-to-date: /home/m/project/LIO-SAM/install/lio_sam/share/lio_sam/environment/ament_prefix_path.dsv
[66.172s] -- Up-to-date: /home/m/project/LIO-SAM/install/lio_sam/share/lio_sam/environment/path.sh
[66.172s] -- Up-to-date: /home/m/project/LIO-SAM/install/lio_sam/share/lio_sam/environment/path.dsv
[66.172s] -- Up-to-date: /home/m/project/LIO-SAM/install/lio_sam/share/lio_sam/local_setup.bash
[66.172s] -- Up-to-date: /home/m/project/LIO-SAM/install/lio_sam/share/lio_sam/local_setup.sh
[66.172s] -- Up-to-date: /home/m/project/LIO-SAM/install/lio_sam/share/lio_sam/local_setup.zsh
[66.172s] -- Up-to-date: /home/m/project/LIO-SAM/install/lio_sam/share/lio_sam/local_setup.dsv
[66.172s] -- Installing: /home/m/project/LIO-SAM/install/lio_sam/share/lio_sam/package.dsv
[66.172s] -- Up-to-date: /home/m/project/LIO-SAM/install/lio_sam/share/ament_index/resource_index/packages/lio_sam
[66.173s] -- Up-to-date: /home/m/project/LIO-SAM/install/lio_sam/share/lio_sam/cmake/export_lio_sam__rosidl_generator_cExport.cmake
[66.173s] -- Up-to-date: /home/m/project/LIO-SAM/install/lio_sam/share/lio_sam/cmake/export_lio_sam__rosidl_generator_cExport-release.cmake
[66.173s] -- Up-to-date: /home/m/project/LIO-SAM/install/lio_sam/share/lio_sam/cmake/export_lio_sam__rosidl_typesupport_fastrtps_cExport.cmake
[66.173s] -- Up-to-date: /home/m/project/LIO-SAM/install/lio_sam/share/lio_sam/cmake/export_lio_sam__rosidl_typesupport_fastrtps_cExport-release.cmake
[66.173s] -- Up-to-date: /home/m/project/LIO-SAM/install/lio_sam/share/lio_sam/cmake/lio_sam__rosidl_typesupport_introspection_cExport.cmake
[66.173s] -- Up-to-date: /home/m/project/LIO-SAM/install/lio_sam/share/lio_sam/cmake/lio_sam__rosidl_typesupport_introspection_cExport-release.cmake
[66.174s] -- Up-to-date: /home/m/project/LIO-SAM/install/lio_sam/share/lio_sam/cmake/lio_sam__rosidl_typesupport_cExport.cmake
[66.174s] -- Up-to-date: /home/m/project/LIO-SAM/install/lio_sam/share/lio_sam/cmake/lio_sam__rosidl_typesupport_cExport-release.cmake
[66.174s] -- Up-to-date: /home/m/project/LIO-SAM/install/lio_sam/share/lio_sam/cmake/export_lio_sam__rosidl_generator_cppExport.cmake
[66.175s] -- Up-to-date: /home/m/project/LIO-SAM/install/lio_sam/share/lio_sam/cmake/export_lio_sam__rosidl_typesupport_fastrtps_cppExport.cmake
[66.175s] -- Up-to-date: /home/m/project/LIO-SAM/install/lio_sam/share/lio_sam/cmake/export_lio_sam__rosidl_typesupport_fastrtps_cppExport-release.cmake
[66.175s] -- Up-to-date: /home/m/project/LIO-SAM/install/lio_sam/share/lio_sam/cmake/lio_sam__rosidl_typesupport_introspection_cppExport.cmake
[66.175s] -- Up-to-date: /home/m/project/LIO-SAM/install/lio_sam/share/lio_sam/cmake/lio_sam__rosidl_typesupport_introspection_cppExport-release.cmake
[66.176s] -- Up-to-date: /home/m/project/LIO-SAM/install/lio_sam/share/lio_sam/cmake/lio_sam__rosidl_typesupport_cppExport.cmake
[66.176s] -- Up-to-date: /home/m/project/LIO-SAM/install/lio_sam/share/lio_sam/cmake/lio_sam__rosidl_typesupport_cppExport-release.cmake
[66.177s] -- Up-to-date: /home/m/project/LIO-SAM/install/lio_sam/share/lio_sam/cmake/export_lio_sam__rosidl_generator_pyExport.cmake
[66.177s] -- Up-to-date: /home/m/project/LIO-SAM/install/lio_sam/share/lio_sam/cmake/export_lio_sam__rosidl_generator_pyExport-release.cmake
[66.177s] -- Up-to-date: /home/m/project/LIO-SAM/install/lio_sam/share/lio_sam/cmake/rosidl_cmake-extras.cmake
[66.177s] -- Up-to-date: /home/m/project/LIO-SAM/install/lio_sam/share/lio_sam/cmake/ament_cmake_export_dependencies-extras.cmake
[66.177s] -- Up-to-date: /home/m/project/LIO-SAM/install/lio_sam/share/lio_sam/cmake/ament_cmake_export_include_directories-extras.cmake
[66.177s] -- Up-to-date: /home/m/project/LIO-SAM/install/lio_sam/share/lio_sam/cmake/ament_cmake_export_libraries-extras.cmake
[66.177s] -- Up-to-date: /home/m/project/LIO-SAM/install/lio_sam/share/lio_sam/cmake/ament_cmake_export_targets-extras.cmake
[66.177s] -- Up-to-date: /home/m/project/LIO-SAM/install/lio_sam/share/lio_sam/cmake/rosidl_cmake_export_typesupport_targets-extras.cmake
[66.177s] -- Up-to-date: /home/m/project/LIO-SAM/install/lio_sam/share/lio_sam/cmake/rosidl_cmake_export_typesupport_libraries-extras.cmake
[66.177s] -- Up-to-date: /home/m/project/LIO-SAM/install/lio_sam/share/lio_sam/cmake/lio_samConfig.cmake
[66.177s] -- Up-to-date: /home/m/project/LIO-SAM/install/lio_sam/share/lio_sam/cmake/lio_samConfig-version.cmake
[66.177s] -- Up-to-date: /home/m/project/LIO-SAM/install/lio_sam/share/lio_sam/package.xml
[66.180s] Invoked command in '/home/m/project/LIO-SAM/build/lio_sam' returned '0': CMAKE_PREFIX_PATH=/opt/ros/humble /usr/bin/cmake --install /home/m/project/LIO-SAM/build/lio_sam
