[0.329s] DEBUG:colcon:Command line arguments: ['/usr/bin/colcon', 'build']
[0.330s] DEBUG:colcon:Parsed command line arguments: Namespace(log_base=None, log_level=None, verb_name='build', build_base='build', install_base='install', merge_install=False, symlink_install=False, test_result_base=None, continue_on_error=False, executor='parallel', parallel_workers=8, event_handlers=None, ignore_user_meta=False, metas=['./colcon.meta'], base_paths=['.'], packages_ignore=None, packages_ignore_regex=None, paths=None, packages_up_to=None, packages_up_to_regex=None, packages_above=None, packages_above_and_dependencies=None, packages_above_depth=None, packages_select_by_dep=None, packages_skip_by_dep=None, packages_skip_up_to=None, packages_select_build_failed=False, packages_skip_build_finished=False, packages_select_test_failures=False, packages_skip_test_passed=False, packages_select=None, packages_skip=None, packages_select_regex=None, packages_skip_regex=None, packages_start=None, packages_end=None, allow_overriding=[], bazel_args=None, bazel_task=None, cargo_args=None, clean_build=False, cmake_args=None, cmake_target=None, cmake_target_skip_unavailable=False, cmake_clean_cache=False, cmake_clean_first=False, cmake_force_configure=False, meson_args=[], ament_cmake_args=None, catkin_cmake_args=None, catkin_skip_building_tests=False, mixin_files=None, mixin=None, verb_parser=<colcon_alias.argument_parser.alias.AliasArgumentDecorator object at 0x71878169dc30>, verb_extension=<colcon_core.verb.build.BuildVerb object at 0x71878169cc40>, main=<bound method BuildVerb.main of <colcon_core.verb.build.BuildVerb object at 0x71878169cc40>>, mixin_verb=('build',))
[0.510s] Level 1:colcon.colcon_core.package_discovery:discover_packages(colcon_meta) check parameters
[0.510s] Level 1:colcon.colcon_core.package_discovery:discover_packages(recursive) check parameters
[0.510s] Level 1:colcon.colcon_core.package_discovery:discover_packages(ignore) check parameters
[0.510s] Level 1:colcon.colcon_core.package_discovery:discover_packages(path) check parameters
[0.510s] Level 1:colcon.colcon_core.package_discovery:discover_packages(cargo_workspace) check parameters
[0.510s] Level 1:colcon.colcon_core.package_discovery:discover_packages(colcon_meta) discover
[0.510s] Level 1:colcon.colcon_core.package_discovery:discover_packages(recursive) discover
[0.511s] INFO:colcon.colcon_core.package_discovery:Crawling recursively for packages in '/home/m/project/LIO-SAM'
[0.511s] Level 1:colcon.colcon_core.package_identification:_identify(.) by extensions ['ignore', 'ignore_ament_install']
[0.511s] Level 1:colcon.colcon_core.package_identification:_identify(.) by extension 'ignore'
[0.511s] Level 1:colcon.colcon_core.package_identification:_identify(.) by extension 'ignore_ament_install'
[0.511s] Level 1:colcon.colcon_core.package_identification:_identify(.) by extensions ['cargo_workspace']
[0.511s] Level 1:colcon.colcon_core.package_identification:_identify(.) by extension 'cargo_workspace'
[0.511s] Level 1:colcon.colcon_core.package_identification:_identify(.) by extensions ['colcon_pkg']
[0.511s] Level 1:colcon.colcon_core.package_identification:_identify(.) by extension 'colcon_pkg'
[0.511s] Level 1:colcon.colcon_core.package_identification:_identify(.) by extensions ['colcon_meta']
[0.511s] Level 1:colcon.colcon_core.package_identification:_identify(.) by extension 'colcon_meta'
[0.511s] Level 1:colcon.colcon_core.package_identification:_identify(.) by extensions ['ros']
[0.511s] Level 1:colcon.colcon_core.package_identification:_identify(.) by extension 'ros'
[0.516s] DEBUG:colcon.colcon_core.package_identification:Package '.' with type 'ros.ament_cmake' and name 'lio_sam'
[0.516s] Level 1:colcon.colcon_core.package_discovery:discover_packages(recursive) using defaults
[0.516s] Level 1:colcon.colcon_core.package_discovery:discover_packages(ignore) discover
[0.516s] Level 1:colcon.colcon_core.package_discovery:discover_packages(ignore) using defaults
[0.516s] Level 1:colcon.colcon_core.package_discovery:discover_packages(path) discover
[0.516s] Level 1:colcon.colcon_core.package_discovery:discover_packages(path) using defaults
[0.516s] Level 1:colcon.colcon_core.package_discovery:discover_packages(cargo_workspace) discover
[0.516s] Level 1:colcon.colcon_core.package_discovery:discover_packages(cargo_workspace) using defaults
[0.532s] Level 1:colcon.colcon_core.package_discovery:discover_packages(prefix_path) check parameters
[0.532s] Level 1:colcon.colcon_core.package_discovery:discover_packages(prefix_path) discover
[0.535s] DEBUG:colcon.colcon_installed_package_information.package_discovery:Found 454 installed packages in /opt/ros/humble
[0.538s] Level 1:colcon.colcon_core.package_discovery:discover_packages(prefix_path) using defaults
[0.600s] Level 5:colcon.colcon_core.verb:set package 'lio_sam' build argument 'bazel_args' from command line to 'None'
[0.600s] Level 5:colcon.colcon_core.verb:set package 'lio_sam' build argument 'bazel_task' from command line to 'None'
[0.600s] Level 5:colcon.colcon_core.verb:set package 'lio_sam' build argument 'cargo_args' from command line to 'None'
[0.600s] Level 5:colcon.colcon_core.verb:set package 'lio_sam' build argument 'clean_build' from command line to 'False'
[0.600s] Level 5:colcon.colcon_core.verb:set package 'lio_sam' build argument 'cmake_args' from command line to 'None'
[0.601s] Level 5:colcon.colcon_core.verb:set package 'lio_sam' build argument 'cmake_target' from command line to 'None'
[0.601s] Level 5:colcon.colcon_core.verb:set package 'lio_sam' build argument 'cmake_target_skip_unavailable' from command line to 'False'
[0.601s] Level 5:colcon.colcon_core.verb:set package 'lio_sam' build argument 'cmake_clean_cache' from command line to 'False'
[0.601s] Level 5:colcon.colcon_core.verb:set package 'lio_sam' build argument 'cmake_clean_first' from command line to 'False'
[0.601s] Level 5:colcon.colcon_core.verb:set package 'lio_sam' build argument 'cmake_force_configure' from command line to 'False'
[0.601s] Level 5:colcon.colcon_core.verb:set package 'lio_sam' build argument 'meson_args' from command line to '[]'
[0.601s] Level 5:colcon.colcon_core.verb:set package 'lio_sam' build argument 'ament_cmake_args' from command line to 'None'
[0.601s] Level 5:colcon.colcon_core.verb:set package 'lio_sam' build argument 'catkin_cmake_args' from command line to 'None'
[0.601s] Level 5:colcon.colcon_core.verb:set package 'lio_sam' build argument 'catkin_skip_building_tests' from command line to 'False'
[0.601s] DEBUG:colcon.colcon_core.verb:Building package 'lio_sam' with the following arguments: {'ament_cmake_args': None, 'bazel_args': None, 'bazel_task': None, 'build_base': '/home/m/project/LIO-SAM/build/lio_sam', 'cargo_args': None, 'catkin_cmake_args': None, 'catkin_skip_building_tests': False, 'clean_build': False, 'cmake_args': None, 'cmake_clean_cache': False, 'cmake_clean_first': False, 'cmake_force_configure': False, 'cmake_target': None, 'cmake_target_skip_unavailable': False, 'install_base': '/home/m/project/LIO-SAM/install/lio_sam', 'merge_install': False, 'meson_args': [], 'path': '/home/m/project/LIO-SAM', 'symlink_install': False, 'test_result_base': None}
[0.601s] INFO:colcon.colcon_core.executor:Executing jobs using 'parallel' executor
[0.602s] DEBUG:colcon.colcon_parallel_executor.executor.parallel:run_until_complete
[0.602s] INFO:colcon.colcon_ros.task.ament_cmake.build:Building ROS package in '/home/m/project/LIO-SAM' with build type 'ament_cmake'
[0.603s] INFO:colcon.colcon_cmake.task.cmake.build:Building CMake package in '/home/m/project/LIO-SAM'
[0.605s] INFO:colcon.colcon_core.plugin_system:Skipping extension 'colcon_core.shell.bat': Not used on non-Windows systems
[0.605s] DEBUG:colcon.colcon_ros_domain_id_coordinator.shell.ros_domain_id:Allocated ROS_DOMAIN_ID=49 for '/home/m/project/LIO-SAM/build/lio_sam'
[0.605s] INFO:colcon.colcon_core.shell:Skip shell extension 'ros_domain_id' for command environment: 
[0.605s] INFO:colcon.colcon_core.shell:Skip shell extension 'powershell' for command environment: Not usable outside of PowerShell
[0.606s] DEBUG:colcon.colcon_core.shell:Skip shell extension 'dsv' for command environment
[0.618s] DEBUG:colcon.colcon_core.event_handler.log_command:Invoking command in '/home/m/project/LIO-SAM/build/lio_sam': CMAKE_PREFIX_PATH=/opt/ros/humble /usr/bin/cmake --build /home/m/project/LIO-SAM/build/lio_sam -- -j8 -l8
[73.021s] DEBUG:colcon.colcon_core.event_handler.log_command:Invoked command in '/home/m/project/LIO-SAM/build/lio_sam' returned '0': CMAKE_PREFIX_PATH=/opt/ros/humble /usr/bin/cmake --build /home/m/project/LIO-SAM/build/lio_sam -- -j8 -l8
[73.033s] DEBUG:colcon.colcon_core.event_handler.log_command:Invoking command in '/home/m/project/LIO-SAM/build/lio_sam': CMAKE_PREFIX_PATH=/opt/ros/humble /usr/bin/cmake --install /home/m/project/LIO-SAM/build/lio_sam
[73.140s] Level 1:colcon.colcon_core.environment:create_environment_scripts_only(lio_sam)
[73.141s] DEBUG:colcon.colcon_core.event_handler.log_command:Invoked command in '/home/m/project/LIO-SAM/build/lio_sam' returned '0': CMAKE_PREFIX_PATH=/opt/ros/humble /usr/bin/cmake --install /home/m/project/LIO-SAM/build/lio_sam
[73.143s] Level 1:colcon.colcon_core.environment:checking '/home/m/project/LIO-SAM/install/lio_sam' for CMake module files
[73.144s] Level 1:colcon.colcon_core.environment:checking '/home/m/project/LIO-SAM/install/lio_sam' for CMake config files
[73.144s] Level 1:colcon.colcon_core.shell:create_environment_hook('lio_sam', 'cmake_prefix_path')
[73.145s] INFO:colcon.colcon_core.shell:Creating environment hook '/home/m/project/LIO-SAM/install/lio_sam/share/lio_sam/hook/cmake_prefix_path.ps1'
[73.145s] INFO:colcon.colcon_core.shell:Creating environment descriptor '/home/m/project/LIO-SAM/install/lio_sam/share/lio_sam/hook/cmake_prefix_path.dsv'
[73.146s] INFO:colcon.colcon_core.shell:Creating environment hook '/home/m/project/LIO-SAM/install/lio_sam/share/lio_sam/hook/cmake_prefix_path.sh'
[73.147s] Level 1:colcon.colcon_core.environment:checking '/home/m/project/LIO-SAM/install/lio_sam/lib'
[73.147s] Level 1:colcon.colcon_core.shell:create_environment_hook('lio_sam', 'ld_library_path_lib')
[73.147s] INFO:colcon.colcon_core.shell:Creating environment hook '/home/m/project/LIO-SAM/install/lio_sam/share/lio_sam/hook/ld_library_path_lib.ps1'
[73.148s] INFO:colcon.colcon_core.shell:Creating environment descriptor '/home/m/project/LIO-SAM/install/lio_sam/share/lio_sam/hook/ld_library_path_lib.dsv'
[73.149s] INFO:colcon.colcon_core.shell:Creating environment hook '/home/m/project/LIO-SAM/install/lio_sam/share/lio_sam/hook/ld_library_path_lib.sh'
[73.149s] Level 1:colcon.colcon_core.environment:checking '/home/m/project/LIO-SAM/install/lio_sam/bin'
[73.149s] Level 1:colcon.colcon_core.environment:checking '/home/m/project/LIO-SAM/install/lio_sam/lib/pkgconfig/lio_sam.pc'
[73.149s] Level 1:colcon.colcon_core.environment:checking '/home/m/project/LIO-SAM/install/lio_sam/lib/python3.10/site-packages'
[73.150s] Level 1:colcon.colcon_core.environment:checking '/home/m/project/LIO-SAM/install/lio_sam/bin'
[73.150s] INFO:colcon.colcon_core.shell:Creating package script '/home/m/project/LIO-SAM/install/lio_sam/share/lio_sam/package.ps1'
[73.152s] INFO:colcon.colcon_core.shell:Creating package descriptor '/home/m/project/LIO-SAM/install/lio_sam/share/lio_sam/package.dsv'
[73.153s] INFO:colcon.colcon_core.shell:Creating package script '/home/m/project/LIO-SAM/install/lio_sam/share/lio_sam/package.sh'
[73.154s] INFO:colcon.colcon_core.shell:Creating package script '/home/m/project/LIO-SAM/install/lio_sam/share/lio_sam/package.bash'
[73.155s] INFO:colcon.colcon_core.shell:Creating package script '/home/m/project/LIO-SAM/install/lio_sam/share/lio_sam/package.zsh'
[73.155s] Level 1:colcon.colcon_core.environment:create_file_with_runtime_dependencies(/home/m/project/LIO-SAM/install/lio_sam/share/colcon-core/packages/lio_sam)
[73.156s] Level 1:colcon.colcon_core.environment:create_environment_scripts_only(lio_sam)
[73.156s] Level 1:colcon.colcon_core.environment:checking '/home/m/project/LIO-SAM/install/lio_sam' for CMake module files
[73.157s] Level 1:colcon.colcon_core.environment:checking '/home/m/project/LIO-SAM/install/lio_sam' for CMake config files
[73.158s] Level 1:colcon.colcon_core.shell:create_environment_hook('lio_sam', 'cmake_prefix_path')
[73.158s] INFO:colcon.colcon_core.shell:Creating environment hook '/home/m/project/LIO-SAM/install/lio_sam/share/lio_sam/hook/cmake_prefix_path.ps1'
[73.159s] INFO:colcon.colcon_core.shell:Creating environment descriptor '/home/m/project/LIO-SAM/install/lio_sam/share/lio_sam/hook/cmake_prefix_path.dsv'
[73.160s] INFO:colcon.colcon_core.shell:Creating environment hook '/home/m/project/LIO-SAM/install/lio_sam/share/lio_sam/hook/cmake_prefix_path.sh'
[73.161s] Level 1:colcon.colcon_core.environment:checking '/home/m/project/LIO-SAM/install/lio_sam/lib'
[73.161s] Level 1:colcon.colcon_core.shell:create_environment_hook('lio_sam', 'ld_library_path_lib')
[73.161s] INFO:colcon.colcon_core.shell:Creating environment hook '/home/m/project/LIO-SAM/install/lio_sam/share/lio_sam/hook/ld_library_path_lib.ps1'
[73.161s] INFO:colcon.colcon_core.shell:Creating environment descriptor '/home/m/project/LIO-SAM/install/lio_sam/share/lio_sam/hook/ld_library_path_lib.dsv'
[73.162s] INFO:colcon.colcon_core.shell:Creating environment hook '/home/m/project/LIO-SAM/install/lio_sam/share/lio_sam/hook/ld_library_path_lib.sh'
[73.162s] Level 1:colcon.colcon_core.environment:checking '/home/m/project/LIO-SAM/install/lio_sam/bin'
[73.162s] Level 1:colcon.colcon_core.environment:checking '/home/m/project/LIO-SAM/install/lio_sam/lib/pkgconfig/lio_sam.pc'
[73.163s] Level 1:colcon.colcon_core.environment:checking '/home/m/project/LIO-SAM/install/lio_sam/lib/python3.10/site-packages'
[73.163s] Level 1:colcon.colcon_core.environment:checking '/home/m/project/LIO-SAM/install/lio_sam/bin'
[73.164s] INFO:colcon.colcon_core.shell:Creating package script '/home/m/project/LIO-SAM/install/lio_sam/share/lio_sam/package.ps1'
[73.164s] INFO:colcon.colcon_core.shell:Creating package descriptor '/home/m/project/LIO-SAM/install/lio_sam/share/lio_sam/package.dsv'
[73.165s] INFO:colcon.colcon_core.shell:Creating package script '/home/m/project/LIO-SAM/install/lio_sam/share/lio_sam/package.sh'
[73.166s] INFO:colcon.colcon_core.shell:Creating package script '/home/m/project/LIO-SAM/install/lio_sam/share/lio_sam/package.bash'
[73.166s] INFO:colcon.colcon_core.shell:Creating package script '/home/m/project/LIO-SAM/install/lio_sam/share/lio_sam/package.zsh'
[73.167s] Level 1:colcon.colcon_core.environment:create_file_with_runtime_dependencies(/home/m/project/LIO-SAM/install/lio_sam/share/colcon-core/packages/lio_sam)
[73.167s] DEBUG:colcon.colcon_parallel_executor.executor.parallel:closing loop
[73.167s] DEBUG:colcon.colcon_parallel_executor.executor.parallel:loop closed
[73.167s] DEBUG:colcon.colcon_parallel_executor.executor.parallel:run_until_complete finished with '0'
[73.168s] DEBUG:colcon.colcon_core.event_reactor:joining thread
[73.168s] DEBUG:colcon.colcon_ros_domain_id_coordinator.shell.ros_domain_id:Released ROS_DOMAIN_ID=49 for '/home/m/project/LIO-SAM/build/lio_sam'
[73.177s] INFO:colcon.colcon_core.plugin_system:Skipping extension 'colcon_notification.desktop_notification.terminal_notifier': Not used on non-Darwin systems
[73.177s] INFO:colcon.colcon_core.plugin_system:Skipping extension 'colcon_notification.desktop_notification.win32': Not used on non-Windows systems
[73.177s] INFO:colcon.colcon_notification.desktop_notification:Sending desktop notification using 'notify2'
[73.192s] DEBUG:colcon.colcon_core.event_reactor:joined thread
[73.193s] INFO:colcon.colcon_core.shell:Creating prefix script '/home/m/project/LIO-SAM/install/local_setup.ps1'
[73.194s] INFO:colcon.colcon_core.shell:Creating prefix util module '/home/m/project/LIO-SAM/install/_local_setup_util_ps1.py'
[73.196s] INFO:colcon.colcon_core.shell:Creating prefix chain script '/home/m/project/LIO-SAM/install/setup.ps1'
[73.197s] INFO:colcon.colcon_core.shell:Creating prefix script '/home/m/project/LIO-SAM/install/local_setup.sh'
[73.198s] INFO:colcon.colcon_core.shell:Creating prefix util module '/home/m/project/LIO-SAM/install/_local_setup_util_sh.py'
[73.198s] INFO:colcon.colcon_core.shell:Creating prefix chain script '/home/m/project/LIO-SAM/install/setup.sh'
[73.199s] INFO:colcon.colcon_core.shell:Creating prefix script '/home/m/project/LIO-SAM/install/local_setup.bash'
[73.201s] INFO:colcon.colcon_core.shell:Creating prefix chain script '/home/m/project/LIO-SAM/install/setup.bash'
[73.202s] INFO:colcon.colcon_core.shell:Creating prefix script '/home/m/project/LIO-SAM/install/local_setup.zsh'
[73.203s] INFO:colcon.colcon_core.shell:Creating prefix chain script '/home/m/project/LIO-SAM/install/setup.zsh'
[73.205s] INFO:colcon.colcon_core.shell:Creating '/home/m/project/LIO-SAM/install/spawn_shell.bash'
