[0.582s] DEBUG:colcon:Command line arguments: ['/usr/bin/colcon', 'build']
[0.582s] DEBUG:colcon:Parsed command line arguments: Namespace(log_base=None, log_level=None, verb_name='build', build_base='build', install_base='install', merge_install=False, symlink_install=False, test_result_base=None, continue_on_error=False, executor='parallel', parallel_workers=8, event_handlers=None, ignore_user_meta=False, metas=['./colcon.meta'], base_paths=['.'], packages_ignore=None, packages_ignore_regex=None, paths=None, packages_up_to=None, packages_up_to_regex=None, packages_above=None, packages_above_and_dependencies=None, packages_above_depth=None, packages_select_by_dep=None, packages_skip_by_dep=None, packages_skip_up_to=None, packages_select_build_failed=False, packages_skip_build_finished=False, packages_select_test_failures=False, packages_skip_test_passed=False, packages_select=None, packages_skip=None, packages_select_regex=None, packages_skip_regex=None, packages_start=None, packages_end=None, allow_overriding=[], bazel_args=None, bazel_task=None, cargo_args=None, clean_build=False, cmake_args=None, cmake_target=None, cmake_target_skip_unavailable=False, cmake_clean_cache=False, cmake_clean_first=False, cmake_force_configure=False, meson_args=[], ament_cmake_args=None, catkin_cmake_args=None, catkin_skip_building_tests=False, mixin_files=None, mixin=None, verb_parser=<colcon_alias.argument_parser.alias.AliasArgumentDecorator object at 0x781c55f9dc60>, verb_extension=<colcon_core.verb.build.BuildVerb object at 0x781c55f9cc70>, main=<bound method BuildVerb.main of <colcon_core.verb.build.BuildVerb object at 0x781c55f9cc70>>, mixin_verb=('build',))
[0.997s] Level 1:colcon.colcon_core.package_discovery:discover_packages(colcon_meta) check parameters
[0.998s] Level 1:colcon.colcon_core.package_discovery:discover_packages(recursive) check parameters
[0.998s] Level 1:colcon.colcon_core.package_discovery:discover_packages(ignore) check parameters
[0.998s] Level 1:colcon.colcon_core.package_discovery:discover_packages(path) check parameters
[0.998s] Level 1:colcon.colcon_core.package_discovery:discover_packages(cargo_workspace) check parameters
[0.998s] Level 1:colcon.colcon_core.package_discovery:discover_packages(colcon_meta) discover
[0.998s] Level 1:colcon.colcon_core.package_discovery:discover_packages(recursive) discover
[0.998s] INFO:colcon.colcon_core.package_discovery:Crawling recursively for packages in '/home/m/project/LIO-SAM'
[0.998s] Level 1:colcon.colcon_core.package_identification:_identify(.) by extensions ['ignore', 'ignore_ament_install']
[0.999s] Level 1:colcon.colcon_core.package_identification:_identify(.) by extension 'ignore'
[0.999s] Level 1:colcon.colcon_core.package_identification:_identify(.) by extension 'ignore_ament_install'
[0.999s] Level 1:colcon.colcon_core.package_identification:_identify(.) by extensions ['cargo_workspace']
[0.999s] Level 1:colcon.colcon_core.package_identification:_identify(.) by extension 'cargo_workspace'
[0.999s] Level 1:colcon.colcon_core.package_identification:_identify(.) by extensions ['colcon_pkg']
[0.999s] Level 1:colcon.colcon_core.package_identification:_identify(.) by extension 'colcon_pkg'
[1.000s] Level 1:colcon.colcon_core.package_identification:_identify(.) by extensions ['colcon_meta']
[1.000s] Level 1:colcon.colcon_core.package_identification:_identify(.) by extension 'colcon_meta'
[1.000s] Level 1:colcon.colcon_core.package_identification:_identify(.) by extensions ['ros']
[1.000s] Level 1:colcon.colcon_core.package_identification:_identify(.) by extension 'ros'
[1.007s] DEBUG:colcon.colcon_core.package_identification:Package '.' with type 'ros.ament_cmake' and name 'lio_sam'
[1.008s] Level 1:colcon.colcon_core.package_discovery:discover_packages(recursive) using defaults
[1.008s] Level 1:colcon.colcon_core.package_discovery:discover_packages(ignore) discover
[1.008s] Level 1:colcon.colcon_core.package_discovery:discover_packages(ignore) using defaults
[1.008s] Level 1:colcon.colcon_core.package_discovery:discover_packages(path) discover
[1.008s] Level 1:colcon.colcon_core.package_discovery:discover_packages(path) using defaults
[1.008s] Level 1:colcon.colcon_core.package_discovery:discover_packages(cargo_workspace) discover
[1.008s] Level 1:colcon.colcon_core.package_discovery:discover_packages(cargo_workspace) using defaults
[1.047s] Level 1:colcon.colcon_core.package_discovery:discover_packages(prefix_path) check parameters
[1.047s] Level 1:colcon.colcon_core.package_discovery:discover_packages(prefix_path) discover
[1.054s] DEBUG:colcon.colcon_installed_package_information.package_discovery:Found 454 installed packages in /opt/ros/humble
[1.057s] Level 1:colcon.colcon_core.package_discovery:discover_packages(prefix_path) using defaults
[1.146s] Level 5:colcon.colcon_core.verb:set package 'lio_sam' build argument 'bazel_args' from command line to 'None'
[1.146s] Level 5:colcon.colcon_core.verb:set package 'lio_sam' build argument 'bazel_task' from command line to 'None'
[1.146s] Level 5:colcon.colcon_core.verb:set package 'lio_sam' build argument 'cargo_args' from command line to 'None'
[1.146s] Level 5:colcon.colcon_core.verb:set package 'lio_sam' build argument 'clean_build' from command line to 'False'
[1.146s] Level 5:colcon.colcon_core.verb:set package 'lio_sam' build argument 'cmake_args' from command line to 'None'
[1.146s] Level 5:colcon.colcon_core.verb:set package 'lio_sam' build argument 'cmake_target' from command line to 'None'
[1.146s] Level 5:colcon.colcon_core.verb:set package 'lio_sam' build argument 'cmake_target_skip_unavailable' from command line to 'False'
[1.146s] Level 5:colcon.colcon_core.verb:set package 'lio_sam' build argument 'cmake_clean_cache' from command line to 'False'
[1.146s] Level 5:colcon.colcon_core.verb:set package 'lio_sam' build argument 'cmake_clean_first' from command line to 'False'
[1.146s] Level 5:colcon.colcon_core.verb:set package 'lio_sam' build argument 'cmake_force_configure' from command line to 'False'
[1.146s] Level 5:colcon.colcon_core.verb:set package 'lio_sam' build argument 'meson_args' from command line to '[]'
[1.146s] Level 5:colcon.colcon_core.verb:set package 'lio_sam' build argument 'ament_cmake_args' from command line to 'None'
[1.146s] Level 5:colcon.colcon_core.verb:set package 'lio_sam' build argument 'catkin_cmake_args' from command line to 'None'
[1.146s] Level 5:colcon.colcon_core.verb:set package 'lio_sam' build argument 'catkin_skip_building_tests' from command line to 'False'
[1.146s] DEBUG:colcon.colcon_core.verb:Building package 'lio_sam' with the following arguments: {'ament_cmake_args': None, 'bazel_args': None, 'bazel_task': None, 'build_base': '/home/m/project/LIO-SAM/build/lio_sam', 'cargo_args': None, 'catkin_cmake_args': None, 'catkin_skip_building_tests': False, 'clean_build': False, 'cmake_args': None, 'cmake_clean_cache': False, 'cmake_clean_first': False, 'cmake_force_configure': False, 'cmake_target': None, 'cmake_target_skip_unavailable': False, 'install_base': '/home/m/project/LIO-SAM/install/lio_sam', 'merge_install': False, 'meson_args': [], 'path': '/home/m/project/LIO-SAM', 'symlink_install': False, 'test_result_base': None}
[1.147s] INFO:colcon.colcon_core.executor:Executing jobs using 'parallel' executor
[1.148s] DEBUG:colcon.colcon_parallel_executor.executor.parallel:run_until_complete
[1.148s] INFO:colcon.colcon_ros.task.ament_cmake.build:Building ROS package in '/home/m/project/LIO-SAM' with build type 'ament_cmake'
[1.149s] INFO:colcon.colcon_cmake.task.cmake.build:Building CMake package in '/home/m/project/LIO-SAM'
[1.157s] INFO:colcon.colcon_core.plugin_system:Skipping extension 'colcon_core.shell.bat': Not used on non-Windows systems
[1.158s] DEBUG:colcon.colcon_ros_domain_id_coordinator.shell.ros_domain_id:Allocated ROS_DOMAIN_ID=94 for '/home/m/project/LIO-SAM/build/lio_sam'
[1.158s] INFO:colcon.colcon_core.shell:Skip shell extension 'ros_domain_id' for command environment: 
[1.158s] INFO:colcon.colcon_core.shell:Skip shell extension 'powershell' for command environment: Not usable outside of PowerShell
[1.158s] DEBUG:colcon.colcon_core.shell:Skip shell extension 'dsv' for command environment
[1.172s] DEBUG:colcon.colcon_core.event_handler.log_command:Invoking command in '/home/m/project/LIO-SAM/build/lio_sam': CMAKE_PREFIX_PATH=/opt/ros/humble /usr/bin/cmake --build /home/m/project/LIO-SAM/build/lio_sam -- -j8 -l8
[85.166s] DEBUG:colcon.colcon_core.event_handler.log_command:Invoked command in '/home/m/project/LIO-SAM/build/lio_sam' returned '0': CMAKE_PREFIX_PATH=/opt/ros/humble /usr/bin/cmake --build /home/m/project/LIO-SAM/build/lio_sam -- -j8 -l8
[85.185s] DEBUG:colcon.colcon_core.event_handler.log_command:Invoking command in '/home/m/project/LIO-SAM/build/lio_sam': CMAKE_PREFIX_PATH=/opt/ros/humble /usr/bin/cmake --install /home/m/project/LIO-SAM/build/lio_sam
[85.262s] Level 1:colcon.colcon_core.environment:create_environment_scripts_only(lio_sam)
[85.263s] DEBUG:colcon.colcon_core.event_handler.log_command:Invoked command in '/home/m/project/LIO-SAM/build/lio_sam' returned '0': CMAKE_PREFIX_PATH=/opt/ros/humble /usr/bin/cmake --install /home/m/project/LIO-SAM/build/lio_sam
[85.266s] Level 1:colcon.colcon_core.environment:checking '/home/m/project/LIO-SAM/install/lio_sam' for CMake module files
[85.266s] Level 1:colcon.colcon_core.environment:checking '/home/m/project/LIO-SAM/install/lio_sam' for CMake config files
[85.269s] Level 1:colcon.colcon_core.shell:create_environment_hook('lio_sam', 'cmake_prefix_path')
[85.269s] INFO:colcon.colcon_core.shell:Creating environment hook '/home/m/project/LIO-SAM/install/lio_sam/share/lio_sam/hook/cmake_prefix_path.ps1'
[85.270s] INFO:colcon.colcon_core.shell:Creating environment descriptor '/home/m/project/LIO-SAM/install/lio_sam/share/lio_sam/hook/cmake_prefix_path.dsv'
[85.271s] INFO:colcon.colcon_core.shell:Creating environment hook '/home/m/project/LIO-SAM/install/lio_sam/share/lio_sam/hook/cmake_prefix_path.sh'
[85.272s] Level 1:colcon.colcon_core.environment:checking '/home/m/project/LIO-SAM/install/lio_sam/lib'
[85.272s] Level 1:colcon.colcon_core.shell:create_environment_hook('lio_sam', 'ld_library_path_lib')
[85.273s] INFO:colcon.colcon_core.shell:Creating environment hook '/home/m/project/LIO-SAM/install/lio_sam/share/lio_sam/hook/ld_library_path_lib.ps1'
[85.273s] INFO:colcon.colcon_core.shell:Creating environment descriptor '/home/m/project/LIO-SAM/install/lio_sam/share/lio_sam/hook/ld_library_path_lib.dsv'
[85.274s] INFO:colcon.colcon_core.shell:Creating environment hook '/home/m/project/LIO-SAM/install/lio_sam/share/lio_sam/hook/ld_library_path_lib.sh'
[85.275s] Level 1:colcon.colcon_core.environment:checking '/home/m/project/LIO-SAM/install/lio_sam/bin'
[85.275s] Level 1:colcon.colcon_core.environment:checking '/home/m/project/LIO-SAM/install/lio_sam/lib/pkgconfig/lio_sam.pc'
[85.275s] Level 1:colcon.colcon_core.environment:checking '/home/m/project/LIO-SAM/install/lio_sam/lib/python3.10/site-packages'
[85.276s] Level 1:colcon.colcon_core.environment:checking '/home/m/project/LIO-SAM/install/lio_sam/bin'
[85.276s] INFO:colcon.colcon_core.shell:Creating package script '/home/m/project/LIO-SAM/install/lio_sam/share/lio_sam/package.ps1'
[85.278s] INFO:colcon.colcon_core.shell:Creating package descriptor '/home/m/project/LIO-SAM/install/lio_sam/share/lio_sam/package.dsv'
[85.278s] INFO:colcon.colcon_core.shell:Creating package script '/home/m/project/LIO-SAM/install/lio_sam/share/lio_sam/package.sh'
[85.280s] INFO:colcon.colcon_core.shell:Creating package script '/home/m/project/LIO-SAM/install/lio_sam/share/lio_sam/package.bash'
[85.281s] INFO:colcon.colcon_core.shell:Creating package script '/home/m/project/LIO-SAM/install/lio_sam/share/lio_sam/package.zsh'
[85.282s] Level 1:colcon.colcon_core.environment:create_file_with_runtime_dependencies(/home/m/project/LIO-SAM/install/lio_sam/share/colcon-core/packages/lio_sam)
[85.283s] Level 1:colcon.colcon_core.environment:create_environment_scripts_only(lio_sam)
[85.283s] Level 1:colcon.colcon_core.environment:checking '/home/m/project/LIO-SAM/install/lio_sam' for CMake module files
[85.284s] Level 1:colcon.colcon_core.environment:checking '/home/m/project/LIO-SAM/install/lio_sam' for CMake config files
[85.285s] Level 1:colcon.colcon_core.shell:create_environment_hook('lio_sam', 'cmake_prefix_path')
[85.285s] INFO:colcon.colcon_core.shell:Creating environment hook '/home/m/project/LIO-SAM/install/lio_sam/share/lio_sam/hook/cmake_prefix_path.ps1'
[85.285s] INFO:colcon.colcon_core.shell:Creating environment descriptor '/home/m/project/LIO-SAM/install/lio_sam/share/lio_sam/hook/cmake_prefix_path.dsv'
[85.286s] INFO:colcon.colcon_core.shell:Creating environment hook '/home/m/project/LIO-SAM/install/lio_sam/share/lio_sam/hook/cmake_prefix_path.sh'
[85.287s] Level 1:colcon.colcon_core.environment:checking '/home/m/project/LIO-SAM/install/lio_sam/lib'
[85.287s] Level 1:colcon.colcon_core.shell:create_environment_hook('lio_sam', 'ld_library_path_lib')
[85.287s] INFO:colcon.colcon_core.shell:Creating environment hook '/home/m/project/LIO-SAM/install/lio_sam/share/lio_sam/hook/ld_library_path_lib.ps1'
[85.288s] INFO:colcon.colcon_core.shell:Creating environment descriptor '/home/m/project/LIO-SAM/install/lio_sam/share/lio_sam/hook/ld_library_path_lib.dsv'
[85.288s] INFO:colcon.colcon_core.shell:Creating environment hook '/home/m/project/LIO-SAM/install/lio_sam/share/lio_sam/hook/ld_library_path_lib.sh'
[85.289s] Level 1:colcon.colcon_core.environment:checking '/home/m/project/LIO-SAM/install/lio_sam/bin'
[85.289s] Level 1:colcon.colcon_core.environment:checking '/home/m/project/LIO-SAM/install/lio_sam/lib/pkgconfig/lio_sam.pc'
[85.289s] Level 1:colcon.colcon_core.environment:checking '/home/m/project/LIO-SAM/install/lio_sam/lib/python3.10/site-packages'
[85.289s] Level 1:colcon.colcon_core.environment:checking '/home/m/project/LIO-SAM/install/lio_sam/bin'
[85.290s] INFO:colcon.colcon_core.shell:Creating package script '/home/m/project/LIO-SAM/install/lio_sam/share/lio_sam/package.ps1'
[85.291s] INFO:colcon.colcon_core.shell:Creating package descriptor '/home/m/project/LIO-SAM/install/lio_sam/share/lio_sam/package.dsv'
[85.291s] INFO:colcon.colcon_core.shell:Creating package script '/home/m/project/LIO-SAM/install/lio_sam/share/lio_sam/package.sh'
[85.292s] INFO:colcon.colcon_core.shell:Creating package script '/home/m/project/LIO-SAM/install/lio_sam/share/lio_sam/package.bash'
[85.292s] INFO:colcon.colcon_core.shell:Creating package script '/home/m/project/LIO-SAM/install/lio_sam/share/lio_sam/package.zsh'
[85.293s] Level 1:colcon.colcon_core.environment:create_file_with_runtime_dependencies(/home/m/project/LIO-SAM/install/lio_sam/share/colcon-core/packages/lio_sam)
[85.294s] DEBUG:colcon.colcon_parallel_executor.executor.parallel:closing loop
[85.294s] DEBUG:colcon.colcon_parallel_executor.executor.parallel:loop closed
[85.294s] DEBUG:colcon.colcon_parallel_executor.executor.parallel:run_until_complete finished with '0'
[85.294s] DEBUG:colcon.colcon_core.event_reactor:joining thread
[85.295s] DEBUG:colcon.colcon_ros_domain_id_coordinator.shell.ros_domain_id:Released ROS_DOMAIN_ID=94 for '/home/m/project/LIO-SAM/build/lio_sam'
[85.309s] INFO:colcon.colcon_core.plugin_system:Skipping extension 'colcon_notification.desktop_notification.terminal_notifier': Not used on non-Darwin systems
[85.309s] INFO:colcon.colcon_core.plugin_system:Skipping extension 'colcon_notification.desktop_notification.win32': Not used on non-Windows systems
[85.309s] INFO:colcon.colcon_notification.desktop_notification:Sending desktop notification using 'notify2'
[85.350s] DEBUG:colcon.colcon_core.event_reactor:joined thread
[85.350s] INFO:colcon.colcon_core.shell:Creating prefix script '/home/m/project/LIO-SAM/install/local_setup.ps1'
[85.352s] INFO:colcon.colcon_core.shell:Creating prefix util module '/home/m/project/LIO-SAM/install/_local_setup_util_ps1.py'
[85.354s] INFO:colcon.colcon_core.shell:Creating prefix chain script '/home/m/project/LIO-SAM/install/setup.ps1'
[85.355s] INFO:colcon.colcon_core.shell:Creating prefix script '/home/m/project/LIO-SAM/install/local_setup.sh'
[85.356s] INFO:colcon.colcon_core.shell:Creating prefix util module '/home/m/project/LIO-SAM/install/_local_setup_util_sh.py'
[85.357s] INFO:colcon.colcon_core.shell:Creating prefix chain script '/home/m/project/LIO-SAM/install/setup.sh'
[85.358s] INFO:colcon.colcon_core.shell:Creating prefix script '/home/m/project/LIO-SAM/install/local_setup.bash'
[85.360s] INFO:colcon.colcon_core.shell:Creating prefix chain script '/home/m/project/LIO-SAM/install/setup.bash'
[85.361s] INFO:colcon.colcon_core.shell:Creating prefix script '/home/m/project/LIO-SAM/install/local_setup.zsh'
[85.363s] INFO:colcon.colcon_core.shell:Creating prefix chain script '/home/m/project/LIO-SAM/install/setup.zsh'
[85.365s] INFO:colcon.colcon_core.shell:Creating '/home/m/project/LIO-SAM/install/spawn_shell.bash'
