[0.016s] Invoking command in '/home/m/project/LIO-SAM/build/lio_sam': CMAKE_PREFIX_PATH=/opt/ros/humble /usr/bin/cmake --build /home/m/project/LIO-SAM/build/lio_sam -- -j8 -l8
[0.082s] [  2%] Built target lio_sam__rs
[0.086s] [  4%] Built target lio_sam__cpp
[0.091s] [ 12%] Built target lio_sam__rosidl_generator_c
[0.095s] [ 12%] Built target ament_cmake_python_copy_lio_sam
[0.118s] [ 20%] Built target lio_sam__rosidl_typesupport_fastrtps_cpp
[0.124s] [ 29%] Built target lio_sam__rosidl_typesupport_introspection_cpp
[0.125s] [ 37%] Built target lio_sam__rosidl_typesupport_introspection_c
[0.125s] [ 45%] Built target lio_sam__rosidl_typesupport_cpp
[0.125s] [ 56%] Built target lio_sam__rosidl_typesupport_c
[0.125s] [ 62%] Built target lio_sam__rosidl_typesupport_fastrtps_c
[0.160s] [ 62%] Built target lio_sam
[0.161s] [35m[1mConsolidate compiler generated dependencies of target lio_sam_mapOptimization[0m
[0.168s] [ 66%] Built target lio_sam_featureExtraction
[0.177s] [ 70%] Built target lio_sam_imageProjection
[0.184s] [ 75%] Built target lio_sam__py
[0.186s] [ 77%] Built target lio_sam_imuPreintegration
[0.213s] [ 83%] Built target lio_sam__rosidl_generator_py
[0.233s] [ 85%] [32mBuilding CXX object CMakeFiles/lio_sam_mapOptimization.dir/src/mapOptmization.cpp.o[0m
[0.240s] [ 89%] Built target lio_sam__rosidl_typesupport_fastrtps_c__pyext
[0.245s] [ 97%] Built target lio_sam__rosidl_typesupport_introspection_c__pyext
[0.245s] [ 97%] Built target lio_sam__rosidl_typesupport_c__pyext
[0.380s] running egg_info
[0.381s] writing lio_sam.egg-info/PKG-INFO
[0.381s] writing dependency_links to lio_sam.egg-info/dependency_links.txt
[0.381s] writing top-level names to lio_sam.egg-info/top_level.txt
[0.382s] reading manifest file 'lio_sam.egg-info/SOURCES.txt'
[0.383s] writing manifest file 'lio_sam.egg-info/SOURCES.txt'
[0.414s] [ 97%] Built target ament_cmake_python_build_lio_sam_egg
[64.519s] [100%] [32m[1mLinking CXX executable lio_sam_mapOptimization[0m
[65.087s] /usr/bin/ld: warning: libtbb.so.2, needed by /usr/lib/x86_64-linux-gnu/libopencv_core.so.4.5.4d, may conflict with libtbb.so.12
[65.332s] [100%] Built target lio_sam_mapOptimization
[65.350s] Invoked command in '/home/m/project/LIO-SAM/build/lio_sam' returned '0': CMAKE_PREFIX_PATH=/opt/ros/humble /usr/bin/cmake --build /home/m/project/LIO-SAM/build/lio_sam -- -j8 -l8
[65.361s] Invoking command in '/home/m/project/LIO-SAM/build/lio_sam': CMAKE_PREFIX_PATH=/opt/ros/humble /usr/bin/cmake --install /home/m/project/LIO-SAM/build/lio_sam
[65.371s] -- Install configuration: "Release"
[65.372s] -- Up-to-date: /home/m/project/LIO-SAM/install/lio_sam/share/ament_index/resource_index/rosidl_interfaces/lio_sam
[65.372s] -- Up-to-date: /home/m/project/LIO-SAM/install/lio_sam/include/lio_sam/lio_sam
[65.372s] -- Up-to-date: /home/m/project/LIO-SAM/install/lio_sam/include/lio_sam/lio_sam/msg
[65.373s] -- Up-to-date: /home/m/project/LIO-SAM/install/lio_sam/include/lio_sam/lio_sam/msg/detail
[65.373s] -- Up-to-date: /home/m/project/LIO-SAM/install/lio_sam/include/lio_sam/lio_sam/msg/detail/cloud_info__functions.c
[65.373s] -- Up-to-date: /home/m/project/LIO-SAM/install/lio_sam/include/lio_sam/lio_sam/msg/detail/cloud_info__functions.h
[65.373s] -- Up-to-date: /home/m/project/LIO-SAM/install/lio_sam/include/lio_sam/lio_sam/msg/detail/cloud_info__type_support.h
[65.373s] -- Up-to-date: /home/m/project/LIO-SAM/install/lio_sam/include/lio_sam/lio_sam/msg/detail/cloud_info__struct.h
[65.374s] -- Up-to-date: /home/m/project/LIO-SAM/install/lio_sam/include/lio_sam/lio_sam/msg/cloud_info.h
[65.374s] -- Up-to-date: /home/m/project/LIO-SAM/install/lio_sam/include/lio_sam/lio_sam/msg/rosidl_generator_c__visibility_control.h
[65.374s] -- Up-to-date: /home/m/project/LIO-SAM/install/lio_sam/include/lio_sam/lio_sam/srv
[65.374s] -- Up-to-date: /home/m/project/LIO-SAM/install/lio_sam/include/lio_sam/lio_sam/srv/save_map.h
[65.375s] -- Up-to-date: /home/m/project/LIO-SAM/install/lio_sam/include/lio_sam/lio_sam/srv/detail
[65.375s] -- Up-to-date: /home/m/project/LIO-SAM/install/lio_sam/include/lio_sam/lio_sam/srv/detail/save_map__type_support.h
[65.375s] -- Up-to-date: /home/m/project/LIO-SAM/install/lio_sam/include/lio_sam/lio_sam/srv/detail/save_map__functions.h
[65.375s] -- Up-to-date: /home/m/project/LIO-SAM/install/lio_sam/include/lio_sam/lio_sam/srv/detail/save_map__functions.c
[65.375s] -- Up-to-date: /home/m/project/LIO-SAM/install/lio_sam/include/lio_sam/lio_sam/srv/detail/save_map__struct.h
[65.375s] -- Up-to-date: /home/m/project/LIO-SAM/install/lio_sam/share/lio_sam/environment/library_path.sh
[65.375s] -- Up-to-date: /home/m/project/LIO-SAM/install/lio_sam/share/lio_sam/environment/library_path.dsv
[65.375s] -- Up-to-date: /home/m/project/LIO-SAM/install/lio_sam/lib/liblio_sam__rosidl_generator_c.so
[65.375s] -- Up-to-date: /home/m/project/LIO-SAM/install/lio_sam/include/lio_sam/lio_sam
[65.375s] -- Up-to-date: /home/m/project/LIO-SAM/install/lio_sam/include/lio_sam/lio_sam/msg
[65.375s] -- Up-to-date: /home/m/project/LIO-SAM/install/lio_sam/include/lio_sam/lio_sam/msg/detail
[65.376s] -- Up-to-date: /home/m/project/LIO-SAM/install/lio_sam/include/lio_sam/lio_sam/msg/detail/cloud_info__rosidl_typesupport_fastrtps_c.h
[65.376s] -- Up-to-date: /home/m/project/LIO-SAM/install/lio_sam/include/lio_sam/lio_sam/msg/rosidl_typesupport_fastrtps_c__visibility_control.h
[65.376s] -- Up-to-date: /home/m/project/LIO-SAM/install/lio_sam/include/lio_sam/lio_sam/srv
[65.376s] -- Up-to-date: /home/m/project/LIO-SAM/install/lio_sam/include/lio_sam/lio_sam/srv/detail
[65.376s] -- Up-to-date: /home/m/project/LIO-SAM/install/lio_sam/include/lio_sam/lio_sam/srv/detail/save_map__rosidl_typesupport_fastrtps_c.h
[65.376s] -- Up-to-date: /home/m/project/LIO-SAM/install/lio_sam/lib/liblio_sam__rosidl_typesupport_fastrtps_c.so
[65.376s] -- Up-to-date: /home/m/project/LIO-SAM/install/lio_sam/include/lio_sam/lio_sam
[65.377s] -- Up-to-date: /home/m/project/LIO-SAM/install/lio_sam/include/lio_sam/lio_sam/msg
[65.377s] -- Up-to-date: /home/m/project/LIO-SAM/install/lio_sam/include/lio_sam/lio_sam/msg/detail
[65.378s] -- Up-to-date: /home/m/project/LIO-SAM/install/lio_sam/include/lio_sam/lio_sam/msg/detail/cloud_info__type_support.c
[65.378s] -- Up-to-date: /home/m/project/LIO-SAM/install/lio_sam/include/lio_sam/lio_sam/msg/detail/cloud_info__rosidl_typesupport_introspection_c.h
[65.378s] -- Up-to-date: /home/m/project/LIO-SAM/install/lio_sam/include/lio_sam/lio_sam/msg/rosidl_typesupport_introspection_c__visibility_control.h
[65.378s] -- Up-to-date: /home/m/project/LIO-SAM/install/lio_sam/include/lio_sam/lio_sam/srv
[65.379s] -- Up-to-date: /home/m/project/LIO-SAM/install/lio_sam/include/lio_sam/lio_sam/srv/detail
[65.379s] -- Up-to-date: /home/m/project/LIO-SAM/install/lio_sam/include/lio_sam/lio_sam/srv/detail/save_map__rosidl_typesupport_introspection_c.h
[65.379s] -- Up-to-date: /home/m/project/LIO-SAM/install/lio_sam/include/lio_sam/lio_sam/srv/detail/save_map__type_support.c
[65.380s] -- Up-to-date: /home/m/project/LIO-SAM/install/lio_sam/lib/liblio_sam__rosidl_typesupport_introspection_c.so
[65.380s] -- Up-to-date: /home/m/project/LIO-SAM/install/lio_sam/lib/liblio_sam__rosidl_typesupport_c.so
[65.380s] -- Up-to-date: /home/m/project/LIO-SAM/install/lio_sam/include/lio_sam/lio_sam
[65.380s] -- Up-to-date: /home/m/project/LIO-SAM/install/lio_sam/include/lio_sam/lio_sam/msg
[65.380s] -- Up-to-date: /home/m/project/LIO-SAM/install/lio_sam/include/lio_sam/lio_sam/msg/detail
[65.380s] -- Up-to-date: /home/m/project/LIO-SAM/install/lio_sam/include/lio_sam/lio_sam/msg/detail/cloud_info__struct.hpp
[65.380s] -- Up-to-date: /home/m/project/LIO-SAM/install/lio_sam/include/lio_sam/lio_sam/msg/detail/cloud_info__traits.hpp
[65.380s] -- Up-to-date: /home/m/project/LIO-SAM/install/lio_sam/include/lio_sam/lio_sam/msg/detail/cloud_info__builder.hpp
[65.380s] -- Up-to-date: /home/m/project/LIO-SAM/install/lio_sam/include/lio_sam/lio_sam/msg/detail/cloud_info__type_support.hpp
[65.380s] -- Up-to-date: /home/m/project/LIO-SAM/install/lio_sam/include/lio_sam/lio_sam/msg/rosidl_generator_cpp__visibility_control.hpp
[65.380s] -- Up-to-date: /home/m/project/LIO-SAM/install/lio_sam/include/lio_sam/lio_sam/msg/cloud_info.hpp
[65.381s] -- Up-to-date: /home/m/project/LIO-SAM/install/lio_sam/include/lio_sam/lio_sam/srv
[65.381s] -- Up-to-date: /home/m/project/LIO-SAM/install/lio_sam/include/lio_sam/lio_sam/srv/detail
[65.381s] -- Up-to-date: /home/m/project/LIO-SAM/install/lio_sam/include/lio_sam/lio_sam/srv/detail/save_map__type_support.hpp
[65.381s] -- Up-to-date: /home/m/project/LIO-SAM/install/lio_sam/include/lio_sam/lio_sam/srv/detail/save_map__builder.hpp
[65.381s] -- Up-to-date: /home/m/project/LIO-SAM/install/lio_sam/include/lio_sam/lio_sam/srv/detail/save_map__struct.hpp
[65.381s] -- Up-to-date: /home/m/project/LIO-SAM/install/lio_sam/include/lio_sam/lio_sam/srv/detail/save_map__traits.hpp
[65.381s] -- Up-to-date: /home/m/project/LIO-SAM/install/lio_sam/include/lio_sam/lio_sam/srv/save_map.hpp
[65.381s] -- Up-to-date: /home/m/project/LIO-SAM/install/lio_sam/include/lio_sam/lio_sam
[65.381s] -- Up-to-date: /home/m/project/LIO-SAM/install/lio_sam/include/lio_sam/lio_sam/msg
[65.381s] -- Up-to-date: /home/m/project/LIO-SAM/install/lio_sam/include/lio_sam/lio_sam/msg/detail
[65.381s] -- Up-to-date: /home/m/project/LIO-SAM/install/lio_sam/include/lio_sam/lio_sam/msg/detail/dds_fastrtps
[65.381s] -- Up-to-date: /home/m/project/LIO-SAM/install/lio_sam/include/lio_sam/lio_sam/msg/detail/cloud_info__rosidl_typesupport_fastrtps_cpp.hpp
[65.381s] -- Up-to-date: /home/m/project/LIO-SAM/install/lio_sam/include/lio_sam/lio_sam/msg/rosidl_typesupport_fastrtps_cpp__visibility_control.h
[65.381s] -- Up-to-date: /home/m/project/LIO-SAM/install/lio_sam/include/lio_sam/lio_sam/srv
[65.381s] -- Up-to-date: /home/m/project/LIO-SAM/install/lio_sam/include/lio_sam/lio_sam/srv/detail
[65.381s] -- Up-to-date: /home/m/project/LIO-SAM/install/lio_sam/include/lio_sam/lio_sam/srv/detail/dds_fastrtps
[65.381s] -- Up-to-date: /home/m/project/LIO-SAM/install/lio_sam/include/lio_sam/lio_sam/srv/detail/save_map__rosidl_typesupport_fastrtps_cpp.hpp
[65.381s] -- Up-to-date: /home/m/project/LIO-SAM/install/lio_sam/lib/liblio_sam__rosidl_typesupport_fastrtps_cpp.so
[65.382s] -- Up-to-date: /home/m/project/LIO-SAM/install/lio_sam/include/lio_sam/lio_sam
[65.382s] -- Up-to-date: /home/m/project/LIO-SAM/install/lio_sam/include/lio_sam/lio_sam/msg
[65.382s] -- Up-to-date: /home/m/project/LIO-SAM/install/lio_sam/include/lio_sam/lio_sam/msg/detail
[65.382s] -- Up-to-date: /home/m/project/LIO-SAM/install/lio_sam/include/lio_sam/lio_sam/msg/detail/cloud_info__type_support.cpp
[65.382s] -- Up-to-date: /home/m/project/LIO-SAM/install/lio_sam/include/lio_sam/lio_sam/msg/detail/cloud_info__rosidl_typesupport_introspection_cpp.hpp
[65.382s] -- Up-to-date: /home/m/project/LIO-SAM/install/lio_sam/include/lio_sam/lio_sam/srv
[65.382s] -- Up-to-date: /home/m/project/LIO-SAM/install/lio_sam/include/lio_sam/lio_sam/srv/detail
[65.382s] -- Up-to-date: /home/m/project/LIO-SAM/install/lio_sam/include/lio_sam/lio_sam/srv/detail/save_map__rosidl_typesupport_introspection_cpp.hpp
[65.382s] -- Up-to-date: /home/m/project/LIO-SAM/install/lio_sam/include/lio_sam/lio_sam/srv/detail/save_map__type_support.cpp
[65.382s] -- Up-to-date: /home/m/project/LIO-SAM/install/lio_sam/lib/liblio_sam__rosidl_typesupport_introspection_cpp.so
[65.382s] -- Up-to-date: /home/m/project/LIO-SAM/install/lio_sam/lib/liblio_sam__rosidl_typesupport_cpp.so
[65.382s] -- Up-to-date: /home/m/project/LIO-SAM/install/lio_sam/share/lio_sam/environment/pythonpath.sh
[65.382s] -- Up-to-date: /home/m/project/LIO-SAM/install/lio_sam/share/lio_sam/environment/pythonpath.dsv
[65.382s] -- Up-to-date: /home/m/project/LIO-SAM/install/lio_sam/local/lib/python3.10/dist-packages/lio_sam-1.0.0-py3.10.egg-info
[65.383s] -- Installing: /home/m/project/LIO-SAM/install/lio_sam/local/lib/python3.10/dist-packages/lio_sam-1.0.0-py3.10.egg-info/PKG-INFO
[65.383s] -- Installing: /home/m/project/LIO-SAM/install/lio_sam/local/lib/python3.10/dist-packages/lio_sam-1.0.0-py3.10.egg-info/SOURCES.txt
[65.383s] -- Installing: /home/m/project/LIO-SAM/install/lio_sam/local/lib/python3.10/dist-packages/lio_sam-1.0.0-py3.10.egg-info/top_level.txt
[65.383s] -- Installing: /home/m/project/LIO-SAM/install/lio_sam/local/lib/python3.10/dist-packages/lio_sam-1.0.0-py3.10.egg-info/dependency_links.txt
[65.383s] -- Up-to-date: /home/m/project/LIO-SAM/install/lio_sam/local/lib/python3.10/dist-packages/lio_sam
[65.383s] -- Up-to-date: /home/m/project/LIO-SAM/install/lio_sam/local/lib/python3.10/dist-packages/lio_sam/liblio_sam__rosidl_generator_py.so
[65.383s] -- Up-to-date: /home/m/project/LIO-SAM/install/lio_sam/local/lib/python3.10/dist-packages/lio_sam/lio_sam_s__rosidl_typesupport_c.cpython-310-x86_64-linux-gnu.so
[65.383s] -- Up-to-date: /home/m/project/LIO-SAM/install/lio_sam/local/lib/python3.10/dist-packages/lio_sam/lio_sam_s__rosidl_typesupport_introspection_c.cpython-310-x86_64-linux-gnu.so
[65.383s] -- Up-to-date: /home/m/project/LIO-SAM/install/lio_sam/local/lib/python3.10/dist-packages/lio_sam/_lio_sam_s.ep.rosidl_typesupport_fastrtps_c.c
[65.383s] -- Up-to-date: /home/m/project/LIO-SAM/install/lio_sam/local/lib/python3.10/dist-packages/lio_sam/_lio_sam_s.ep.rosidl_typesupport_introspection_c.c
[65.383s] -- Up-to-date: /home/m/project/LIO-SAM/install/lio_sam/local/lib/python3.10/dist-packages/lio_sam/__init__.py
[65.383s] -- Up-to-date: /home/m/project/LIO-SAM/install/lio_sam/local/lib/python3.10/dist-packages/lio_sam/_lio_sam_s.ep.rosidl_typesupport_c.c
[65.383s] -- Up-to-date: /home/m/project/LIO-SAM/install/lio_sam/local/lib/python3.10/dist-packages/lio_sam/lio_sam_s__rosidl_typesupport_fastrtps_c.cpython-310-x86_64-linux-gnu.so
[65.383s] -- Up-to-date: /home/m/project/LIO-SAM/install/lio_sam/local/lib/python3.10/dist-packages/lio_sam/msg
[65.383s] -- Up-to-date: /home/m/project/LIO-SAM/install/lio_sam/local/lib/python3.10/dist-packages/lio_sam/msg/_cloud_info.py
[65.384s] -- Up-to-date: /home/m/project/LIO-SAM/install/lio_sam/local/lib/python3.10/dist-packages/lio_sam/msg/_cloud_info_s.c
[65.384s] -- Up-to-date: /home/m/project/LIO-SAM/install/lio_sam/local/lib/python3.10/dist-packages/lio_sam/msg/__init__.py
[65.384s] -- Up-to-date: /home/m/project/LIO-SAM/install/lio_sam/local/lib/python3.10/dist-packages/lio_sam/srv
[65.384s] -- Up-to-date: /home/m/project/LIO-SAM/install/lio_sam/local/lib/python3.10/dist-packages/lio_sam/srv/_save_map_s.c
[65.384s] -- Up-to-date: /home/m/project/LIO-SAM/install/lio_sam/local/lib/python3.10/dist-packages/lio_sam/srv/__init__.py
[65.384s] -- Up-to-date: /home/m/project/LIO-SAM/install/lio_sam/local/lib/python3.10/dist-packages/lio_sam/srv/_save_map.py
[65.407s] Listing '/home/m/project/LIO-SAM/install/lio_sam/local/lib/python3.10/dist-packages/lio_sam'...
[65.407s] Listing '/home/m/project/LIO-SAM/install/lio_sam/local/lib/python3.10/dist-packages/lio_sam/msg'...
[65.407s] Listing '/home/m/project/LIO-SAM/install/lio_sam/local/lib/python3.10/dist-packages/lio_sam/srv'...
[65.412s] -- Up-to-date: /home/m/project/LIO-SAM/install/lio_sam/local/lib/python3.10/dist-packages/lio_sam/lio_sam_s__rosidl_typesupport_fastrtps_c.cpython-310-x86_64-linux-gnu.so
[65.412s] -- Up-to-date: /home/m/project/LIO-SAM/install/lio_sam/local/lib/python3.10/dist-packages/lio_sam/lio_sam_s__rosidl_typesupport_introspection_c.cpython-310-x86_64-linux-gnu.so
[65.413s] -- Up-to-date: /home/m/project/LIO-SAM/install/lio_sam/local/lib/python3.10/dist-packages/lio_sam/lio_sam_s__rosidl_typesupport_c.cpython-310-x86_64-linux-gnu.so
[65.413s] -- Up-to-date: /home/m/project/LIO-SAM/install/lio_sam/lib/liblio_sam__rosidl_generator_py.so
[65.413s] -- Up-to-date: /home/m/project/LIO-SAM/install/lio_sam/share/ament_index/resource_index/rust_packages/lio_sam
[65.413s] -- Up-to-date: /home/m/project/LIO-SAM/install/lio_sam/share/lio_sam/rust
[65.414s] -- Up-to-date: /home/m/project/LIO-SAM/install/lio_sam/share/lio_sam/rust/Cargo.toml
[65.414s] -- Up-to-date: /home/m/project/LIO-SAM/install/lio_sam/share/lio_sam/rust/build.rs
[65.414s] -- Up-to-date: /home/m/project/LIO-SAM/install/lio_sam/share/lio_sam/rust/src
[65.414s] -- Up-to-date: /home/m/project/LIO-SAM/install/lio_sam/share/lio_sam/rust/src/srv.rs
[65.414s] -- Up-to-date: /home/m/project/LIO-SAM/install/lio_sam/share/lio_sam/rust/src/lib.rs
[65.414s] -- Up-to-date: /home/m/project/LIO-SAM/install/lio_sam/share/lio_sam/rust/src/msg.rs
[65.414s] -- Up-to-date: /home/m/project/LIO-SAM/install/lio_sam/share/lio_sam/rust/src/msg
[65.415s] -- Up-to-date: /home/m/project/LIO-SAM/install/lio_sam/share/lio_sam/rust/src/msg/rmw.rs
[65.415s] -- Up-to-date: /home/m/project/LIO-SAM/install/lio_sam/share/lio_sam/rust/src/srv
[65.415s] -- Up-to-date: /home/m/project/LIO-SAM/install/lio_sam/share/lio_sam/rust/src/srv/rmw.rs
[65.415s] -- Up-to-date: /home/m/project/LIO-SAM/install/lio_sam/share/lio_sam/msg/CloudInfo.idl
[65.415s] -- Up-to-date: /home/m/project/LIO-SAM/install/lio_sam/share/lio_sam/srv/SaveMap.idl
[65.415s] -- Up-to-date: /home/m/project/LIO-SAM/install/lio_sam/share/lio_sam/msg/CloudInfo.msg
[65.415s] -- Up-to-date: /home/m/project/LIO-SAM/install/lio_sam/share/lio_sam/srv/SaveMap.srv
[65.415s] -- Up-to-date: /home/m/project/LIO-SAM/install/lio_sam/share/lio_sam/srv/SaveMap_Request.msg
[65.415s] -- Up-to-date: /home/m/project/LIO-SAM/install/lio_sam/share/lio_sam/srv/SaveMap_Response.msg
[65.416s] -- Up-to-date: /home/m/project/LIO-SAM/install/lio_sam/share/lio_sam//launch
[65.416s] -- Up-to-date: /home/m/project/LIO-SAM/install/lio_sam/share/lio_sam//launch/run.launch.py
[65.416s] -- Up-to-date: /home/m/project/LIO-SAM/install/lio_sam/share/lio_sam//config
[65.416s] -- Up-to-date: /home/m/project/LIO-SAM/install/lio_sam/share/lio_sam//config/rviz2.rviz
[65.416s] -- Up-to-date: /home/m/project/LIO-SAM/install/lio_sam/share/lio_sam//config/robot.urdf.xacro
[65.416s] -- Up-to-date: /home/m/project/LIO-SAM/install/lio_sam/share/lio_sam//config/params.yaml
[65.416s] -- Up-to-date: /home/m/project/LIO-SAM/install/lio_sam/share/lio_sam//config/corridor01_params.yaml
[65.416s] -- Up-to-date: /home/m/project/LIO-SAM/install/lio_sam/share/lio_sam//config/cmu_liosam.yaml
[65.416s] -- Up-to-date: /home/m/project/LIO-SAM/install/lio_sam/share/lio_sam//config/1.yaml
[65.417s] -- Up-to-date: /home/m/project/LIO-SAM/install/lio_sam/share/lio_sam//config/default_vbr.yaml
[65.417s] -- Up-to-date: /home/m/project/LIO-SAM/install/lio_sam/share/lio_sam//config/test.cpp
[65.417s] -- Up-to-date: /home/m/project/LIO-SAM/install/lio_sam/share/lio_sam//config/cmu.yaml
[65.417s] -- Up-to-date: /home/m/project/LIO-SAM/install/lio_sam/share/lio_sam//config/corridor01_params_shifted.yaml
[65.417s] -- Up-to-date: /home/m/project/LIO-SAM/install/lio_sam/share/lio_sam//config/doc
[65.417s] -- Up-to-date: /home/m/project/LIO-SAM/install/lio_sam/share/lio_sam//config/doc/system.png
[65.417s] -- Up-to-date: /home/m/project/LIO-SAM/install/lio_sam/share/lio_sam//config/doc/device-hand-2.png
[65.417s] -- Up-to-date: /home/m/project/LIO-SAM/install/lio_sam/share/lio_sam//config/doc/kitti2bag
[65.417s] -- Up-to-date: /home/m/project/LIO-SAM/install/lio_sam/share/lio_sam//config/doc/kitti2bag/kitti2bag.py
[65.417s] -- Up-to-date: /home/m/project/LIO-SAM/install/lio_sam/share/lio_sam//config/doc/kitti2bag/README.md
[65.417s] -- Up-to-date: /home/m/project/LIO-SAM/install/lio_sam/share/lio_sam//config/doc/loop-closure-2.gif
[65.418s] -- Up-to-date: /home/m/project/LIO-SAM/install/lio_sam/share/lio_sam//config/doc/loop-closure.gif
[65.418s] -- Up-to-date: /home/m/project/LIO-SAM/install/lio_sam/share/lio_sam//config/doc/imu-transform.png
[65.418s] -- Up-to-date: /home/m/project/LIO-SAM/install/lio_sam/share/lio_sam//config/doc/ouster-device.jpg
[65.418s] -- Up-to-date: /home/m/project/LIO-SAM/install/lio_sam/share/lio_sam//config/doc/imu-debug.gif
[65.418s] -- Up-to-date: /home/m/project/LIO-SAM/install/lio_sam/share/lio_sam//config/doc/kitti-map.png
[65.418s] -- Up-to-date: /home/m/project/LIO-SAM/install/lio_sam/share/lio_sam//config/doc/device-hand.png
[65.418s] -- Up-to-date: /home/m/project/LIO-SAM/install/lio_sam/share/lio_sam//config/doc/demo.gif
[65.418s] -- Up-to-date: /home/m/project/LIO-SAM/install/lio_sam/share/lio_sam//config/doc/kitti-demo.gif
[65.418s] -- Up-to-date: /home/m/project/LIO-SAM/install/lio_sam/share/lio_sam//config/doc/device-jackal.png
[65.418s] -- Up-to-date: /home/m/project/LIO-SAM/install/lio_sam/share/lio_sam//config/doc/ouster-demo.gif
[65.418s] -- Up-to-date: /home/m/project/LIO-SAM/install/lio_sam/share/lio_sam//config/doc/paper.pdf
[65.418s] -- Up-to-date: /home/m/project/LIO-SAM/install/lio_sam/share/lio_sam//config/doc/device-boat.png
[65.418s] -- Up-to-date: /home/m/project/LIO-SAM/install/lio_sam/share/lio_sam//config/doc/gps-demo.gif
[65.418s] -- Up-to-date: /home/m/project/LIO-SAM/install/lio_sam/lib/lio_sam/lio_sam_imageProjection
[65.419s] -- Up-to-date: /home/m/project/LIO-SAM/install/lio_sam/lib/lio_sam/lio_sam_imuPreintegration
[65.419s] -- Up-to-date: /home/m/project/LIO-SAM/install/lio_sam/lib/lio_sam/lio_sam_featureExtraction
[65.419s] -- Installing: /home/m/project/LIO-SAM/install/lio_sam/lib/lio_sam/lio_sam_mapOptimization
[65.423s] -- Set runtime path of "/home/m/project/LIO-SAM/install/lio_sam/lib/lio_sam/lio_sam_mapOptimization" to ""
[65.423s] -- Up-to-date: /home/m/project/LIO-SAM/install/lio_sam/include
[65.423s] -- Up-to-date: /home/m/project/LIO-SAM/install/lio_sam/include/lio_sam
[65.424s] -- Up-to-date: /home/m/project/LIO-SAM/install/lio_sam/include/lio_sam/utility.hpp
[65.424s] -- Up-to-date: /home/m/project/LIO-SAM/install/lio_sam/share/ament_index/resource_index/package_run_dependencies/lio_sam
[65.424s] -- Up-to-date: /home/m/project/LIO-SAM/install/lio_sam/share/ament_index/resource_index/parent_prefix_path/lio_sam
[65.424s] -- Up-to-date: /home/m/project/LIO-SAM/install/lio_sam/share/lio_sam/environment/ament_prefix_path.sh
[65.424s] -- Up-to-date: /home/m/project/LIO-SAM/install/lio_sam/share/lio_sam/environment/ament_prefix_path.dsv
[65.424s] -- Up-to-date: /home/m/project/LIO-SAM/install/lio_sam/share/lio_sam/environment/path.sh
[65.424s] -- Up-to-date: /home/m/project/LIO-SAM/install/lio_sam/share/lio_sam/environment/path.dsv
[65.424s] -- Up-to-date: /home/m/project/LIO-SAM/install/lio_sam/share/lio_sam/local_setup.bash
[65.424s] -- Up-to-date: /home/m/project/LIO-SAM/install/lio_sam/share/lio_sam/local_setup.sh
[65.425s] -- Up-to-date: /home/m/project/LIO-SAM/install/lio_sam/share/lio_sam/local_setup.zsh
[65.425s] -- Up-to-date: /home/m/project/LIO-SAM/install/lio_sam/share/lio_sam/local_setup.dsv
[65.425s] -- Installing: /home/m/project/LIO-SAM/install/lio_sam/share/lio_sam/package.dsv
[65.425s] -- Up-to-date: /home/m/project/LIO-SAM/install/lio_sam/share/ament_index/resource_index/packages/lio_sam
[65.425s] -- Up-to-date: /home/m/project/LIO-SAM/install/lio_sam/share/lio_sam/cmake/export_lio_sam__rosidl_generator_cExport.cmake
[65.425s] -- Up-to-date: /home/m/project/LIO-SAM/install/lio_sam/share/lio_sam/cmake/export_lio_sam__rosidl_generator_cExport-release.cmake
[65.426s] -- Up-to-date: /home/m/project/LIO-SAM/install/lio_sam/share/lio_sam/cmake/export_lio_sam__rosidl_typesupport_fastrtps_cExport.cmake
[65.426s] -- Up-to-date: /home/m/project/LIO-SAM/install/lio_sam/share/lio_sam/cmake/export_lio_sam__rosidl_typesupport_fastrtps_cExport-release.cmake
[65.426s] -- Up-to-date: /home/m/project/LIO-SAM/install/lio_sam/share/lio_sam/cmake/lio_sam__rosidl_typesupport_introspection_cExport.cmake
[65.426s] -- Up-to-date: /home/m/project/LIO-SAM/install/lio_sam/share/lio_sam/cmake/lio_sam__rosidl_typesupport_introspection_cExport-release.cmake
[65.426s] -- Up-to-date: /home/m/project/LIO-SAM/install/lio_sam/share/lio_sam/cmake/lio_sam__rosidl_typesupport_cExport.cmake
[65.426s] -- Up-to-date: /home/m/project/LIO-SAM/install/lio_sam/share/lio_sam/cmake/lio_sam__rosidl_typesupport_cExport-release.cmake
[65.426s] -- Up-to-date: /home/m/project/LIO-SAM/install/lio_sam/share/lio_sam/cmake/export_lio_sam__rosidl_generator_cppExport.cmake
[65.427s] -- Up-to-date: /home/m/project/LIO-SAM/install/lio_sam/share/lio_sam/cmake/export_lio_sam__rosidl_typesupport_fastrtps_cppExport.cmake
[65.427s] -- Up-to-date: /home/m/project/LIO-SAM/install/lio_sam/share/lio_sam/cmake/export_lio_sam__rosidl_typesupport_fastrtps_cppExport-release.cmake
[65.427s] -- Up-to-date: /home/m/project/LIO-SAM/install/lio_sam/share/lio_sam/cmake/lio_sam__rosidl_typesupport_introspection_cppExport.cmake
[65.427s] -- Up-to-date: /home/m/project/LIO-SAM/install/lio_sam/share/lio_sam/cmake/lio_sam__rosidl_typesupport_introspection_cppExport-release.cmake
[65.427s] -- Up-to-date: /home/m/project/LIO-SAM/install/lio_sam/share/lio_sam/cmake/lio_sam__rosidl_typesupport_cppExport.cmake
[65.427s] -- Up-to-date: /home/m/project/LIO-SAM/install/lio_sam/share/lio_sam/cmake/lio_sam__rosidl_typesupport_cppExport-release.cmake
[65.427s] -- Up-to-date: /home/m/project/LIO-SAM/install/lio_sam/share/lio_sam/cmake/export_lio_sam__rosidl_generator_pyExport.cmake
[65.427s] -- Up-to-date: /home/m/project/LIO-SAM/install/lio_sam/share/lio_sam/cmake/export_lio_sam__rosidl_generator_pyExport-release.cmake
[65.427s] -- Up-to-date: /home/m/project/LIO-SAM/install/lio_sam/share/lio_sam/cmake/rosidl_cmake-extras.cmake
[65.427s] -- Up-to-date: /home/m/project/LIO-SAM/install/lio_sam/share/lio_sam/cmake/ament_cmake_export_dependencies-extras.cmake
[65.427s] -- Up-to-date: /home/m/project/LIO-SAM/install/lio_sam/share/lio_sam/cmake/ament_cmake_export_include_directories-extras.cmake
[65.428s] -- Up-to-date: /home/m/project/LIO-SAM/install/lio_sam/share/lio_sam/cmake/ament_cmake_export_libraries-extras.cmake
[65.428s] -- Up-to-date: /home/m/project/LIO-SAM/install/lio_sam/share/lio_sam/cmake/ament_cmake_export_targets-extras.cmake
[65.428s] -- Up-to-date: /home/m/project/LIO-SAM/install/lio_sam/share/lio_sam/cmake/rosidl_cmake_export_typesupport_targets-extras.cmake
[65.428s] -- Up-to-date: /home/m/project/LIO-SAM/install/lio_sam/share/lio_sam/cmake/rosidl_cmake_export_typesupport_libraries-extras.cmake
[65.428s] -- Up-to-date: /home/m/project/LIO-SAM/install/lio_sam/share/lio_sam/cmake/lio_samConfig.cmake
[65.428s] -- Up-to-date: /home/m/project/LIO-SAM/install/lio_sam/share/lio_sam/cmake/lio_samConfig-version.cmake
[65.428s] -- Up-to-date: /home/m/project/LIO-SAM/install/lio_sam/share/lio_sam/package.xml
[65.431s] Invoked command in '/home/m/project/LIO-SAM/build/lio_sam' returned '0': CMAKE_PREFIX_PATH=/opt/ros/humble /usr/bin/cmake --install /home/m/project/LIO-SAM/build/lio_sam
