[0.341s] DEBUG:colcon:Command line arguments: ['/usr/bin/colcon', 'build']
[0.342s] DEBUG:colcon:Parsed command line arguments: Namespace(log_base=None, log_level=None, verb_name='build', build_base='build', install_base='install', merge_install=False, symlink_install=False, test_result_base=None, continue_on_error=False, executor='parallel', parallel_workers=8, event_handlers=None, ignore_user_meta=False, metas=['./colcon.meta'], base_paths=['.'], packages_ignore=None, packages_ignore_regex=None, paths=None, packages_up_to=None, packages_up_to_regex=None, packages_above=None, packages_above_and_dependencies=None, packages_above_depth=None, packages_select_by_dep=None, packages_skip_by_dep=None, packages_skip_up_to=None, packages_select_build_failed=False, packages_skip_build_finished=False, packages_select_test_failures=False, packages_skip_test_passed=False, packages_select=None, packages_skip=None, packages_select_regex=None, packages_skip_regex=None, packages_start=None, packages_end=None, allow_overriding=[], bazel_args=None, bazel_task=None, cargo_args=None, clean_build=False, cmake_args=None, cmake_target=None, cmake_target_skip_unavailable=False, cmake_clean_cache=False, cmake_clean_first=False, cmake_force_configure=False, meson_args=[], ament_cmake_args=None, catkin_cmake_args=None, catkin_skip_building_tests=False, mixin_files=None, mixin=None, verb_parser=<colcon_alias.argument_parser.alias.AliasArgumentDecorator object at 0x71c2615a5c00>, verb_extension=<colcon_core.verb.build.BuildVerb object at 0x71c2615a4c10>, main=<bound method BuildVerb.main of <colcon_core.verb.build.BuildVerb object at 0x71c2615a4c10>>, mixin_verb=('build',))
[0.572s] Level 1:colcon.colcon_core.package_discovery:discover_packages(colcon_meta) check parameters
[0.572s] Level 1:colcon.colcon_core.package_discovery:discover_packages(recursive) check parameters
[0.572s] Level 1:colcon.colcon_core.package_discovery:discover_packages(ignore) check parameters
[0.572s] Level 1:colcon.colcon_core.package_discovery:discover_packages(path) check parameters
[0.572s] Level 1:colcon.colcon_core.package_discovery:discover_packages(cargo_workspace) check parameters
[0.573s] Level 1:colcon.colcon_core.package_discovery:discover_packages(colcon_meta) discover
[0.573s] Level 1:colcon.colcon_core.package_discovery:discover_packages(recursive) discover
[0.573s] INFO:colcon.colcon_core.package_discovery:Crawling recursively for packages in '/home/m/project/LIO-SAM'
[0.573s] Level 1:colcon.colcon_core.package_identification:_identify(.) by extensions ['ignore', 'ignore_ament_install']
[0.573s] Level 1:colcon.colcon_core.package_identification:_identify(.) by extension 'ignore'
[0.573s] Level 1:colcon.colcon_core.package_identification:_identify(.) by extension 'ignore_ament_install'
[0.573s] Level 1:colcon.colcon_core.package_identification:_identify(.) by extensions ['cargo_workspace']
[0.573s] Level 1:colcon.colcon_core.package_identification:_identify(.) by extension 'cargo_workspace'
[0.573s] Level 1:colcon.colcon_core.package_identification:_identify(.) by extensions ['colcon_pkg']
[0.573s] Level 1:colcon.colcon_core.package_identification:_identify(.) by extension 'colcon_pkg'
[0.573s] Level 1:colcon.colcon_core.package_identification:_identify(.) by extensions ['colcon_meta']
[0.574s] Level 1:colcon.colcon_core.package_identification:_identify(.) by extension 'colcon_meta'
[0.574s] Level 1:colcon.colcon_core.package_identification:_identify(.) by extensions ['ros']
[0.574s] Level 1:colcon.colcon_core.package_identification:_identify(.) by extension 'ros'
[0.582s] DEBUG:colcon.colcon_core.package_identification:Package '.' with type 'ros.ament_cmake' and name 'lio_sam'
[0.583s] Level 1:colcon.colcon_core.package_discovery:discover_packages(recursive) using defaults
[0.583s] Level 1:colcon.colcon_core.package_discovery:discover_packages(ignore) discover
[0.583s] Level 1:colcon.colcon_core.package_discovery:discover_packages(ignore) using defaults
[0.583s] Level 1:colcon.colcon_core.package_discovery:discover_packages(path) discover
[0.583s] Level 1:colcon.colcon_core.package_discovery:discover_packages(path) using defaults
[0.583s] Level 1:colcon.colcon_core.package_discovery:discover_packages(cargo_workspace) discover
[0.583s] Level 1:colcon.colcon_core.package_discovery:discover_packages(cargo_workspace) using defaults
[0.607s] Level 1:colcon.colcon_core.package_discovery:discover_packages(prefix_path) check parameters
[0.607s] Level 1:colcon.colcon_core.package_discovery:discover_packages(prefix_path) discover
[0.612s] DEBUG:colcon.colcon_installed_package_information.package_discovery:Found 454 installed packages in /opt/ros/humble
[0.616s] Level 1:colcon.colcon_core.package_discovery:discover_packages(prefix_path) using defaults
[0.697s] Level 5:colcon.colcon_core.verb:set package 'lio_sam' build argument 'bazel_args' from command line to 'None'
[0.697s] Level 5:colcon.colcon_core.verb:set package 'lio_sam' build argument 'bazel_task' from command line to 'None'
[0.697s] Level 5:colcon.colcon_core.verb:set package 'lio_sam' build argument 'cargo_args' from command line to 'None'
[0.697s] Level 5:colcon.colcon_core.verb:set package 'lio_sam' build argument 'clean_build' from command line to 'False'
[0.698s] Level 5:colcon.colcon_core.verb:set package 'lio_sam' build argument 'cmake_args' from command line to 'None'
[0.698s] Level 5:colcon.colcon_core.verb:set package 'lio_sam' build argument 'cmake_target' from command line to 'None'
[0.698s] Level 5:colcon.colcon_core.verb:set package 'lio_sam' build argument 'cmake_target_skip_unavailable' from command line to 'False'
[0.698s] Level 5:colcon.colcon_core.verb:set package 'lio_sam' build argument 'cmake_clean_cache' from command line to 'False'
[0.698s] Level 5:colcon.colcon_core.verb:set package 'lio_sam' build argument 'cmake_clean_first' from command line to 'False'
[0.698s] Level 5:colcon.colcon_core.verb:set package 'lio_sam' build argument 'cmake_force_configure' from command line to 'False'
[0.698s] Level 5:colcon.colcon_core.verb:set package 'lio_sam' build argument 'meson_args' from command line to '[]'
[0.698s] Level 5:colcon.colcon_core.verb:set package 'lio_sam' build argument 'ament_cmake_args' from command line to 'None'
[0.698s] Level 5:colcon.colcon_core.verb:set package 'lio_sam' build argument 'catkin_cmake_args' from command line to 'None'
[0.698s] Level 5:colcon.colcon_core.verb:set package 'lio_sam' build argument 'catkin_skip_building_tests' from command line to 'False'
[0.698s] DEBUG:colcon.colcon_core.verb:Building package 'lio_sam' with the following arguments: {'ament_cmake_args': None, 'bazel_args': None, 'bazel_task': None, 'build_base': '/home/m/project/LIO-SAM/build/lio_sam', 'cargo_args': None, 'catkin_cmake_args': None, 'catkin_skip_building_tests': False, 'clean_build': False, 'cmake_args': None, 'cmake_clean_cache': False, 'cmake_clean_first': False, 'cmake_force_configure': False, 'cmake_target': None, 'cmake_target_skip_unavailable': False, 'install_base': '/home/m/project/LIO-SAM/install/lio_sam', 'merge_install': False, 'meson_args': [], 'path': '/home/m/project/LIO-SAM', 'symlink_install': False, 'test_result_base': None}
[0.698s] INFO:colcon.colcon_core.executor:Executing jobs using 'parallel' executor
[0.700s] DEBUG:colcon.colcon_parallel_executor.executor.parallel:run_until_complete
[0.700s] INFO:colcon.colcon_ros.task.ament_cmake.build:Building ROS package in '/home/m/project/LIO-SAM' with build type 'ament_cmake'
[0.700s] INFO:colcon.colcon_cmake.task.cmake.build:Building CMake package in '/home/m/project/LIO-SAM'
[0.704s] INFO:colcon.colcon_core.plugin_system:Skipping extension 'colcon_core.shell.bat': Not used on non-Windows systems
[0.705s] DEBUG:colcon.colcon_ros_domain_id_coordinator.shell.ros_domain_id:Allocated ROS_DOMAIN_ID=40 for '/home/m/project/LIO-SAM/build/lio_sam'
[0.705s] INFO:colcon.colcon_core.shell:Skip shell extension 'ros_domain_id' for command environment: 
[0.705s] INFO:colcon.colcon_core.shell:Skip shell extension 'powershell' for command environment: Not usable outside of PowerShell
[0.705s] DEBUG:colcon.colcon_core.shell:Skip shell extension 'dsv' for command environment
[0.721s] DEBUG:colcon.colcon_core.event_handler.log_command:Invoking command in '/home/m/project/LIO-SAM/build/lio_sam': CMAKE_PREFIX_PATH=/opt/ros/humble /usr/bin/cmake --build /home/m/project/LIO-SAM/build/lio_sam -- -j8 -l8
[74.841s] DEBUG:colcon.colcon_core.event_handler.log_command:Invoked command in '/home/m/project/LIO-SAM/build/lio_sam' returned '0': CMAKE_PREFIX_PATH=/opt/ros/humble /usr/bin/cmake --build /home/m/project/LIO-SAM/build/lio_sam -- -j8 -l8
[74.853s] DEBUG:colcon.colcon_core.event_handler.log_command:Invoking command in '/home/m/project/LIO-SAM/build/lio_sam': CMAKE_PREFIX_PATH=/opt/ros/humble /usr/bin/cmake --install /home/m/project/LIO-SAM/build/lio_sam
[74.936s] Level 1:colcon.colcon_core.environment:create_environment_scripts_only(lio_sam)
[74.937s] DEBUG:colcon.colcon_core.event_handler.log_command:Invoked command in '/home/m/project/LIO-SAM/build/lio_sam' returned '0': CMAKE_PREFIX_PATH=/opt/ros/humble /usr/bin/cmake --install /home/m/project/LIO-SAM/build/lio_sam
[74.939s] Level 1:colcon.colcon_core.environment:checking '/home/m/project/LIO-SAM/install/lio_sam' for CMake module files
[74.940s] Level 1:colcon.colcon_core.environment:checking '/home/m/project/LIO-SAM/install/lio_sam' for CMake config files
[74.941s] Level 1:colcon.colcon_core.shell:create_environment_hook('lio_sam', 'cmake_prefix_path')
[74.941s] INFO:colcon.colcon_core.shell:Creating environment hook '/home/m/project/LIO-SAM/install/lio_sam/share/lio_sam/hook/cmake_prefix_path.ps1'
[74.942s] INFO:colcon.colcon_core.shell:Creating environment descriptor '/home/m/project/LIO-SAM/install/lio_sam/share/lio_sam/hook/cmake_prefix_path.dsv'
[74.943s] INFO:colcon.colcon_core.shell:Creating environment hook '/home/m/project/LIO-SAM/install/lio_sam/share/lio_sam/hook/cmake_prefix_path.sh'
[74.944s] Level 1:colcon.colcon_core.environment:checking '/home/m/project/LIO-SAM/install/lio_sam/lib'
[74.944s] Level 1:colcon.colcon_core.shell:create_environment_hook('lio_sam', 'ld_library_path_lib')
[74.945s] INFO:colcon.colcon_core.shell:Creating environment hook '/home/m/project/LIO-SAM/install/lio_sam/share/lio_sam/hook/ld_library_path_lib.ps1'
[74.945s] INFO:colcon.colcon_core.shell:Creating environment descriptor '/home/m/project/LIO-SAM/install/lio_sam/share/lio_sam/hook/ld_library_path_lib.dsv'
[74.946s] INFO:colcon.colcon_core.shell:Creating environment hook '/home/m/project/LIO-SAM/install/lio_sam/share/lio_sam/hook/ld_library_path_lib.sh'
[74.946s] Level 1:colcon.colcon_core.environment:checking '/home/m/project/LIO-SAM/install/lio_sam/bin'
[74.946s] Level 1:colcon.colcon_core.environment:checking '/home/m/project/LIO-SAM/install/lio_sam/lib/pkgconfig/lio_sam.pc'
[74.947s] Level 1:colcon.colcon_core.environment:checking '/home/m/project/LIO-SAM/install/lio_sam/lib/python3.10/site-packages'
[74.947s] Level 1:colcon.colcon_core.environment:checking '/home/m/project/LIO-SAM/install/lio_sam/bin'
[74.948s] INFO:colcon.colcon_core.shell:Creating package script '/home/m/project/LIO-SAM/install/lio_sam/share/lio_sam/package.ps1'
[74.949s] INFO:colcon.colcon_core.shell:Creating package descriptor '/home/m/project/LIO-SAM/install/lio_sam/share/lio_sam/package.dsv'
[74.950s] INFO:colcon.colcon_core.shell:Creating package script '/home/m/project/LIO-SAM/install/lio_sam/share/lio_sam/package.sh'
[74.951s] INFO:colcon.colcon_core.shell:Creating package script '/home/m/project/LIO-SAM/install/lio_sam/share/lio_sam/package.bash'
[74.952s] INFO:colcon.colcon_core.shell:Creating package script '/home/m/project/LIO-SAM/install/lio_sam/share/lio_sam/package.zsh'
[74.953s] Level 1:colcon.colcon_core.environment:create_file_with_runtime_dependencies(/home/m/project/LIO-SAM/install/lio_sam/share/colcon-core/packages/lio_sam)
[74.953s] Level 1:colcon.colcon_core.environment:create_environment_scripts_only(lio_sam)
[74.954s] Level 1:colcon.colcon_core.environment:checking '/home/m/project/LIO-SAM/install/lio_sam' for CMake module files
[74.954s] Level 1:colcon.colcon_core.environment:checking '/home/m/project/LIO-SAM/install/lio_sam' for CMake config files
[74.955s] Level 1:colcon.colcon_core.shell:create_environment_hook('lio_sam', 'cmake_prefix_path')
[74.956s] INFO:colcon.colcon_core.shell:Creating environment hook '/home/m/project/LIO-SAM/install/lio_sam/share/lio_sam/hook/cmake_prefix_path.ps1'
[74.957s] INFO:colcon.colcon_core.shell:Creating environment descriptor '/home/m/project/LIO-SAM/install/lio_sam/share/lio_sam/hook/cmake_prefix_path.dsv'
[74.957s] INFO:colcon.colcon_core.shell:Creating environment hook '/home/m/project/LIO-SAM/install/lio_sam/share/lio_sam/hook/cmake_prefix_path.sh'
[74.958s] Level 1:colcon.colcon_core.environment:checking '/home/m/project/LIO-SAM/install/lio_sam/lib'
[74.958s] Level 1:colcon.colcon_core.shell:create_environment_hook('lio_sam', 'ld_library_path_lib')
[74.959s] INFO:colcon.colcon_core.shell:Creating environment hook '/home/m/project/LIO-SAM/install/lio_sam/share/lio_sam/hook/ld_library_path_lib.ps1'
[74.959s] INFO:colcon.colcon_core.shell:Creating environment descriptor '/home/m/project/LIO-SAM/install/lio_sam/share/lio_sam/hook/ld_library_path_lib.dsv'
[74.960s] INFO:colcon.colcon_core.shell:Creating environment hook '/home/m/project/LIO-SAM/install/lio_sam/share/lio_sam/hook/ld_library_path_lib.sh'
[74.960s] Level 1:colcon.colcon_core.environment:checking '/home/m/project/LIO-SAM/install/lio_sam/bin'
[74.960s] Level 1:colcon.colcon_core.environment:checking '/home/m/project/LIO-SAM/install/lio_sam/lib/pkgconfig/lio_sam.pc'
[74.961s] Level 1:colcon.colcon_core.environment:checking '/home/m/project/LIO-SAM/install/lio_sam/lib/python3.10/site-packages'
[74.961s] Level 1:colcon.colcon_core.environment:checking '/home/m/project/LIO-SAM/install/lio_sam/bin'
[74.961s] INFO:colcon.colcon_core.shell:Creating package script '/home/m/project/LIO-SAM/install/lio_sam/share/lio_sam/package.ps1'
[74.962s] INFO:colcon.colcon_core.shell:Creating package descriptor '/home/m/project/LIO-SAM/install/lio_sam/share/lio_sam/package.dsv'
[74.963s] INFO:colcon.colcon_core.shell:Creating package script '/home/m/project/LIO-SAM/install/lio_sam/share/lio_sam/package.sh'
[74.963s] INFO:colcon.colcon_core.shell:Creating package script '/home/m/project/LIO-SAM/install/lio_sam/share/lio_sam/package.bash'
[74.964s] INFO:colcon.colcon_core.shell:Creating package script '/home/m/project/LIO-SAM/install/lio_sam/share/lio_sam/package.zsh'
[74.965s] Level 1:colcon.colcon_core.environment:create_file_with_runtime_dependencies(/home/m/project/LIO-SAM/install/lio_sam/share/colcon-core/packages/lio_sam)
[74.965s] DEBUG:colcon.colcon_parallel_executor.executor.parallel:closing loop
[74.965s] DEBUG:colcon.colcon_ros_domain_id_coordinator.shell.ros_domain_id:Released ROS_DOMAIN_ID=40 for '/home/m/project/LIO-SAM/build/lio_sam'
[74.966s] DEBUG:colcon.colcon_parallel_executor.executor.parallel:loop closed
[74.966s] DEBUG:colcon.colcon_parallel_executor.executor.parallel:run_until_complete finished with '0'
[74.966s] DEBUG:colcon.colcon_core.event_reactor:joining thread
[74.974s] INFO:colcon.colcon_core.plugin_system:Skipping extension 'colcon_notification.desktop_notification.terminal_notifier': Not used on non-Darwin systems
[74.974s] INFO:colcon.colcon_core.plugin_system:Skipping extension 'colcon_notification.desktop_notification.win32': Not used on non-Windows systems
[74.974s] INFO:colcon.colcon_notification.desktop_notification:Sending desktop notification using 'notify2'
[74.995s] DEBUG:colcon.colcon_core.event_reactor:joined thread
[74.995s] INFO:colcon.colcon_core.shell:Creating prefix script '/home/m/project/LIO-SAM/install/local_setup.ps1'
[74.996s] INFO:colcon.colcon_core.shell:Creating prefix util module '/home/m/project/LIO-SAM/install/_local_setup_util_ps1.py'
[74.999s] INFO:colcon.colcon_core.shell:Creating prefix chain script '/home/m/project/LIO-SAM/install/setup.ps1'
[75.000s] INFO:colcon.colcon_core.shell:Creating prefix script '/home/m/project/LIO-SAM/install/local_setup.sh'
[75.001s] INFO:colcon.colcon_core.shell:Creating prefix util module '/home/m/project/LIO-SAM/install/_local_setup_util_sh.py'
[75.002s] INFO:colcon.colcon_core.shell:Creating prefix chain script '/home/m/project/LIO-SAM/install/setup.sh'
[75.003s] INFO:colcon.colcon_core.shell:Creating prefix script '/home/m/project/LIO-SAM/install/local_setup.bash'
[75.005s] INFO:colcon.colcon_core.shell:Creating prefix chain script '/home/m/project/LIO-SAM/install/setup.bash'
[75.007s] INFO:colcon.colcon_core.shell:Creating prefix script '/home/m/project/LIO-SAM/install/local_setup.zsh'
[75.008s] INFO:colcon.colcon_core.shell:Creating prefix chain script '/home/m/project/LIO-SAM/install/setup.zsh'
[75.009s] INFO:colcon.colcon_core.shell:Creating '/home/m/project/LIO-SAM/install/spawn_shell.bash'
