[  2%] Built target lio_sam__rs
[  4%] Built target lio_sam__cpp
[ 12%] Built target lio_sam__rosidl_generator_c
[ 12%] Built target ament_cmake_python_copy_lio_sam
[ 20%] Built target lio_sam__rosidl_typesupport_introspection_cpp
[ 29%] Built target lio_sam__rosidl_typesupport_cpp
[ 37%] Built target lio_sam__rosidl_typesupport_fastrtps_cpp
[ 45%] Built target lio_sam__rosidl_typesupport_fastrtps_c
[ 56%] Built target lio_sam__rosidl_typesupport_introspection_c
[ 62%] Built target lio_sam__rosidl_typesupport_c
[35m[1mConsolidate compiler generated dependencies of target lio_sam_mapOptimization[0m
[ 62%] Built target lio_sam
[ 66%] Built target lio_sam_featureExtraction
[ 70%] Built target lio_sam_imageProjection
[ 75%] Built target lio_sam_imuPreintegration
[ 77%] Built target lio_sam__py
[ 79%] [32mBuilding CXX object CMakeFiles/lio_sam_mapOptimization.dir/src/mapOptmization.cpp.o[0m
[ 85%] Built target lio_sam__rosidl_generator_py
[ 89%] Built target lio_sam__rosidl_typesupport_fastrtps_c__pyext
[ 93%] Built target lio_sam__rosidl_typesupport_c__pyext
[ 97%] Built target lio_sam__rosidl_typesupport_introspection_c__pyext
running egg_info
writing lio_sam.egg-info/PKG-INFO
writing dependency_links to lio_sam.egg-info/dependency_links.txt
writing top-level names to lio_sam.egg-info/top_level.txt
reading manifest file 'lio_sam.egg-info/SOURCES.txt'
writing manifest file 'lio_sam.egg-info/SOURCES.txt'
[ 97%] Built target ament_cmake_python_build_lio_sam_egg
[01m[K/home/m/project/LIO-SAM/src/mapOptmization.cpp:[m[K In member function ‘[01m[Kvoid mapOptimization::monitorDegeneracyByIQR(const cv::Mat&, const cv::Mat&)[m[K’:
[01m[K/home/m/project/LIO-SAM/src/mapOptmization.cpp:1282:30:[m[K [01;31m[Kerror: [m[K‘[01m[KcomputeQuantile[m[K’ was not declared in this scope
 1282 |             const float q1 = [01;31m[KcomputeQuantile[m[K(sortedValues, 0.25f);
      |                              [01;31m[K^~~~~~~~~~~~~~~[m[K
gmake[2]: *** [CMakeFiles/lio_sam_mapOptimization.dir/build.make:76：CMakeFiles/lio_sam_mapOptimization.dir/src/mapOptmization.cpp.o] 错误 1
gmake[1]: *** [CMakeFiles/Makefile2:699：CMakeFiles/lio_sam_mapOptimization.dir/all] 错误 2
gmake: *** [Makefile:146：all] 错误 2
