[0.022s] Invoking command in '/home/m/project/LIO-SAM/build/lio_sam': CMAKE_PREFIX_PATH=/opt/ros/humble /usr/bin/cmake /home/m/project/LIO-SAM -DCMAKE_INSTALL_PREFIX=/home/m/project/LIO-SAM/install/lio_sam
[0.192s] -- The C compiler identification is GNU 11.4.0
[0.347s] -- The CXX compiler identification is GNU 11.4.0
[0.365s] -- Detecting C compiler ABI info
[0.462s] -- Detecting C compiler ABI info - done
[0.469s] -- Check for working C compiler: /usr/bin/cc - skipped
[0.470s] -- Detecting C compile features
[0.471s] -- Detecting C compile features - done
[0.476s] -- Detecting CXX compiler ABI info
[0.575s] -- Detecting CXX compiler ABI info - done
[0.581s] -- Check for working CXX compiler: /usr/bin/c++ - skipped
[0.582s] -- Detecting CXX compile features
[0.582s] -- Detecting CXX compile features - done
[0.592s] -- Found ament_cmake: 1.3.12 (/opt/ros/humble/share/ament_cmake/cmake)
[0.768s] -- Found Python3: /usr/bin/python3 (found version "3.10.12") found components: Interpreter 
[0.907s] -- Found rosidl_default_generators: 1.2.0 (/opt/ros/humble/share/rosidl_default_generators/cmake)
[0.916s] -- Using all available rosidl_typesupport_c: rosidl_typesupport_fastrtps_c;rosidl_typesupport_introspection_c
[0.929s] -- Found rosidl_adapter: 3.1.7 (/opt/ros/humble/share/rosidl_adapter/cmake)
[1.015s] -- Using all available rosidl_typesupport_cpp: rosidl_typesupport_fastrtps_cpp;rosidl_typesupport_introspection_cpp
[1.079s] -- Found rclcpp: 16.0.15 (/opt/ros/humble/share/rclcpp/cmake)
[1.181s] -- Found rmw_implementation_cmake: 6.1.2 (/opt/ros/humble/share/rmw_implementation_cmake/cmake)
[1.187s] -- Found rmw_fastrtps_cpp: 6.2.9 (/opt/ros/humble/share/rmw_fastrtps_cpp/cmake)
[1.323s] -- Found OpenSSL: /usr/lib/x86_64-linux-gnu/libcrypto.so (found version "3.0.2")  
[1.362s] -- Found FastRTPS: /opt/ros/humble/include  
[1.407s] -- Using RMW implementation 'rmw_fastrtps_cpp' as default
[1.427s] -- Looking for pthread.h
[1.532s] -- Looking for pthread.h - found
[1.533s] -- Performing Test CMAKE_HAVE_LIBC_PTHREAD
[1.624s] -- Performing Test CMAKE_HAVE_LIBC_PTHREAD - Success
[1.626s] -- Found Threads: TRUE  
[1.715s] -- Found rclpy: 3.3.17 (/opt/ros/humble/share/rclpy/cmake)
[1.720s] -- Found cv_bridge: 3.2.1 (/opt/ros/humble/share/cv_bridge/cmake)
[1.799s] -- Found nav_msgs: 4.9.0 (/opt/ros/humble/share/nav_msgs/cmake)
[1.832s] -- Found visualization_msgs: 4.9.0 (/opt/ros/humble/share/visualization_msgs/cmake)
[1.866s] -- Found pcl_conversions: 2.4.5 (/opt/ros/humble/share/pcl_conversions/cmake)
[1.928s] -- Checking for module 'eigen3'
[1.949s] --   Found eigen3, version 3.4.0
[1.991s] -- Found Eigen: /usr/include/eigen3 (Required is at least version "3.1") 
[1.991s] -- Eigen found (include: /usr/include/eigen3, version: 3.4.0)
[2.065s] -- Checking for module 'flann'
[2.081s] --   Found flann, version 1.9.1
[2.124s] -- Found FLANN: /usr/lib/x86_64-linux-gnu/libflann_cpp.so  
[2.124s] -- FLANN found (include: /usr/include, lib: /usr/lib/x86_64-linux-gnu/libflann_cpp.so)
[3.310s] -- Checking for module 'libusb-1.0'
[3.329s] --   Found libusb-1.0, version 1.0.25
[3.375s] -- Found libusb: /usr/lib/x86_64-linux-gnu/libusb-1.0.so  
[3.377s] -- OpenNI found (version: 1.5.4.0, include: /usr/include/ni, lib: /usr/lib/libOpenNI.so;libusb::libusb)
[3.447s] -- OpenNI2 found (version: 2.2.0.33, include: /usr/include/openni2, lib: /usr/lib/x86_64-linux-gnu/libOpenNI2.so;libusb::libusb)
[3.620s] -- Eigen found (include: /usr/include/eigen3, version: 3.4.0)
[3.632s] -- OpenNI found (version: 1.5.4.0, include: /usr/include/ni, lib: /usr/lib/libOpenNI.so;libusb::libusb)
[3.641s] -- OpenNI2 found (version: 2.2.0.33, include: /usr/include/openni2, lib: /usr/lib/x86_64-linux-gnu/libOpenNI2.so;libusb::libusb)
[3.804s] -- Found Qhull version 8.0.2
[3.986s] -- OpenNI found (version: 1.5.4.0, include: /usr/include/ni, lib: /usr/lib/libOpenNI.so;libusb::libusb)
[4.157s] -- Found PCL_COMMON: /usr/lib/x86_64-linux-gnu/libpcl_common.so  
[4.161s] -- Found PCL_KDTREE: /usr/lib/x86_64-linux-gnu/libpcl_kdtree.so  
[4.161s] -- Found PCL_OCTREE: /usr/lib/x86_64-linux-gnu/libpcl_octree.so  
[4.161s] -- Found PCL_SEARCH: /usr/lib/x86_64-linux-gnu/libpcl_search.so  
[4.162s] -- Found PCL_SAMPLE_CONSENSUS: /usr/lib/x86_64-linux-gnu/libpcl_sample_consensus.so  
[4.162s] -- Found PCL_FILTERS: /usr/lib/x86_64-linux-gnu/libpcl_filters.so  
[4.162s] -- Found PCL_2D: /usr/include/pcl-1.12  
[4.162s] -- Found PCL_GEOMETRY: /usr/include/pcl-1.12  
[4.163s] -- Found PCL_IO: /usr/lib/x86_64-linux-gnu/libpcl_io.so  
[4.164s] -- Found PCL_FEATURES: /usr/lib/x86_64-linux-gnu/libpcl_features.so  
[4.166s] -- Found PCL_ML: /usr/lib/x86_64-linux-gnu/libpcl_ml.so  
[4.166s] -- Found PCL_SEGMENTATION: /usr/lib/x86_64-linux-gnu/libpcl_segmentation.so  
[4.167s] -- Found PCL_VISUALIZATION: /usr/lib/x86_64-linux-gnu/libpcl_visualization.so  
[4.169s] -- Found PCL_SURFACE: /usr/lib/x86_64-linux-gnu/libpcl_surface.so  
[4.170s] -- Found PCL_REGISTRATION: /usr/lib/x86_64-linux-gnu/libpcl_registration.so  
[4.171s] -- Found PCL_KEYPOINTS: /usr/lib/x86_64-linux-gnu/libpcl_keypoints.so  
[4.173s] -- Found PCL_TRACKING: /usr/lib/x86_64-linux-gnu/libpcl_tracking.so  
[4.174s] -- Found PCL_RECOGNITION: /usr/lib/x86_64-linux-gnu/libpcl_recognition.so  
[4.176s] -- Found PCL_STEREO: /usr/lib/x86_64-linux-gnu/libpcl_stereo.so  
[4.177s] -- Found PCL_APPS: /usr/lib/x86_64-linux-gnu/libpcl_apps.so  
[4.178s] -- Found PCL_IN_HAND_SCANNER: /usr/include/pcl-1.12  
[4.178s] -- Found PCL_MODELER: /usr/include/pcl-1.12  
[4.179s] -- Found PCL_POINT_CLOUD_EDITOR: /usr/include/pcl-1.12  
[4.180s] -- Found PCL_OUTOFCORE: /usr/lib/x86_64-linux-gnu/libpcl_outofcore.so  
[4.181s] -- Found PCL_PEOPLE: /usr/lib/x86_64-linux-gnu/libpcl_people.so  
[4.188s] -- Found tf2: 0.25.16 (/opt/ros/humble/share/tf2/cmake)
[4.209s] -- Found tf2_geometry_msgs: 0.25.16 (/opt/ros/humble/share/tf2_geometry_msgs/cmake)
[4.232s] -- Found eigen3_cmake_module: 0.1.1 (/opt/ros/humble/share/eigen3_cmake_module/cmake)
[4.237s] -- Found Eigen3: TRUE (found version "3.4.0") 
[4.237s] -- Ensuring Eigen3 include directory is part of orocos-kdl CMake target
[4.405s] -- Found tf2_sensor_msgs: 0.25.16 (/opt/ros/humble/share/tf2_sensor_msgs/cmake)
[4.414s] -- Found tf2_eigen: 0.25.16 (/opt/ros/humble/share/tf2_eigen/cmake)
[4.422s] -- Found OpenCV: /usr (found version "4.5.4") 
[4.423s] [33mCMake Warning (dev) at CMakeLists.txt:29 (find_package):
[4.423s]   Policy CMP0074 is not set: find_package uses <PackageName>_ROOT variables.
[4.423s]   Run "cmake --help-policy CMP0074" for policy details.  Use the cmake_policy
[4.423s]   command to set the policy and suppress this warning.
[4.423s] 
[4.423s]   CMake variable PCL_ROOT is set to:
[4.423s] 
[4.423s]     /usr
[4.423s] 
[4.423s]   For compatibility, CMake is ignoring the variable.
[4.423s] This warning is for project developers.  Use -Wno-dev to suppress it.
[4.423s] [0m
[4.448s] [31mCMake Error at CMakeLists.txt:30 (find_package):
[4.449s]   By not providing "FindGTSAM.cmake" in CMAKE_MODULE_PATH this project has
[4.449s]   asked CMake to find a package configuration file provided by "GTSAM", but
[4.449s]   CMake did not find one.
[4.449s] 
[4.449s]   Could not find a package configuration file provided by "GTSAM" with any of
[4.449s]   the following names:
[4.449s] 
[4.449s]     GTSAMConfig.cmake
[4.449s]     gtsam-config.cmake
[4.449s] 
[4.449s]   Add the installation prefix of "GTSAM" to CMAKE_PREFIX_PATH or set
[4.449s]   "GTSAM_DIR" to a directory containing one of the above files.  If "GTSAM"
[4.449s]   provides a separate development package or SDK, be sure it has been
[4.449s]   installed.
[4.449s] 
[4.449s] [0m
[4.450s] -- Configuring incomplete, errors occurred!
[4.451s] See also "/home/m/project/LIO-SAM/build/lio_sam/CMakeFiles/CMakeOutput.log".
[4.476s] Invoked command in '/home/m/project/LIO-SAM/build/lio_sam' returned '1': CMAKE_PREFIX_PATH=/opt/ros/humble /usr/bin/cmake /home/m/project/LIO-SAM -DCMAKE_INSTALL_PREFIX=/home/m/project/LIO-SAM/install/lio_sam
